
-----
Test: tests/test_user_auth.py::TestUserAuth::test_auth_user (setup)
Time: 2023-10-12 01:30:55.671169
Request method: POST
Request URL: https://playground.learnqa.ru/api/user/login
Request data: {'email': 'vinkotov@example.com', 'password': '1234'}
Request headers: {}
Request cookies: {}

Response code: 200
Response text: {"user_id":2}
Response headers: {'Date': 'Wed, 11 Oct 2023 21:30:56 GMT', 'Content-Type': 'application/json', 'Content-Length': '13', 'Connection': 'keep-alive', 'Keep-Alive': 'timeout=10', 'Server': 'Apache', 'Set-Cookie': 'auth_sid=62a555b70e2c1b1a8921786954976edb02e94918f1549272bcf2cafc2634fd9d', 'x-csrf-token': 'fdf9e83c7456afae640c0042aff2662aedbf3fc002e94918f1549272bcf2cafc2634fd9d', 'Cache-Control': 'max-age=0', 'Expires': 'Wed, 11 Oct 2023 21:30:56 GMT'}
Response cookies: {'auth_sid': '62a555b70e2c1b1a8921786954976edb02e94918f1549272bcf2cafc2634fd9d'}

-----

-----
Test: tests/test_user_auth.py::TestUserAuth::test_auth_user (call)
Time: 2023-10-12 01:30:56.373492
Request method: GET
Request URL: https://playground.learnqa.ru/api/user/auth
Request data: None
Request headers: {'x-csrf-token': 'fdf9e83c7456afae640c0042aff2662aedbf3fc002e94918f1549272bcf2cafc2634fd9d'}
Request cookies: {'auth_sid': '62a555b70e2c1b1a8921786954976edb02e94918f1549272bcf2cafc2634fd9d'}

Response code: 200
Response text: {"user_id":2}
Response headers: {'Date': 'Wed, 11 Oct 2023 21:30:56 GMT', 'Content-Type': 'application/json', 'Content-Length': '13', 'Connection': 'keep-alive', 'Keep-Alive': 'timeout=10', 'Server': 'Apache', 'Cache-Control': 'max-age=0', 'Expires': 'Wed, 11 Oct 2023 21:30:56 GMT'}
Response cookies: {}

-----

-----
Test: tests/test_user_auth.py::TestUserAuth::test_negative_auth_check[no_cookie] (setup)
Time: 2023-10-12 01:30:56.941801
Request method: POST
Request URL: https://playground.learnqa.ru/api/user/login
Request data: {'email': 'vinkotov@example.com', 'password': '1234'}
Request headers: {}
Request cookies: {}

Response code: 200
Response text: {"user_id":2}
Response headers: {'Date': 'Wed, 11 Oct 2023 21:30:57 GMT', 'Content-Type': 'application/json', 'Content-Length': '13', 'Connection': 'keep-alive', 'Keep-Alive': 'timeout=10', 'Server': 'Apache', 'Set-Cookie': 'auth_sid=6ed7eca9aecb5030315ffa3141470d6002e94918f1549272bcf2cafc2634fd9d', 'x-csrf-token': 'a13a9ad897572768db5f6cb9da33e8bed47d4d5b02e94918f1549272bcf2cafc2634fd9d', 'Cache-Control': 'max-age=0', 'Expires': 'Wed, 11 Oct 2023 21:30:57 GMT'}
Response cookies: {'auth_sid': '6ed7eca9aecb5030315ffa3141470d6002e94918f1549272bcf2cafc2634fd9d'}

-----

-----
Test: tests/test_user_auth.py::TestUserAuth::test_negative_auth_check[no_cookie] (call)
Time: 2023-10-12 01:30:57.311724
Request method: GET
Request URL: https://playground.learnqa.ru/api/user/auth
Request data: None
Request headers: {'x-csrf-token': 'a13a9ad897572768db5f6cb9da33e8bed47d4d5b02e94918f1549272bcf2cafc2634fd9d'}
Request cookies: {}

Response code: 200
Response text: {"user_id":0}
Response headers: {'Date': 'Wed, 11 Oct 2023 21:30:57 GMT', 'Content-Type': 'application/json', 'Content-Length': '13', 'Connection': 'keep-alive', 'Keep-Alive': 'timeout=10', 'Server': 'Apache', 'Cache-Control': 'max-age=0', 'Expires': 'Wed, 11 Oct 2023 21:30:57 GMT'}
Response cookies: {}

-----

-----
Test: tests/test_user_auth.py::TestUserAuth::test_negative_auth_check[no_token] (setup)
Time: 2023-10-12 01:30:57.883993
Request method: POST
Request URL: https://playground.learnqa.ru/api/user/login
Request data: {'email': 'vinkotov@example.com', 'password': '1234'}
Request headers: {}
Request cookies: {}

Response code: 200
Response text: {"user_id":2}
Response headers: {'Date': 'Wed, 11 Oct 2023 21:30:58 GMT', 'Content-Type': 'application/json', 'Content-Length': '13', 'Connection': 'keep-alive', 'Keep-Alive': 'timeout=10', 'Server': 'Apache', 'Set-Cookie': 'auth_sid=d61d4edf57c75a0ad50c235990f62adb02e94918f1549272bcf2cafc2634fd9d', 'x-csrf-token': '79f072086f92e41d80aa85cb4c65e187ac55c4ea02e94918f1549272bcf2cafc2634fd9d', 'Cache-Control': 'max-age=0', 'Expires': 'Wed, 11 Oct 2023 21:30:58 GMT'}
Response cookies: {'auth_sid': 'd61d4edf57c75a0ad50c235990f62adb02e94918f1549272bcf2cafc2634fd9d'}

-----

-----
Test: tests/test_user_auth.py::TestUserAuth::test_negative_auth_check[no_token] (call)
Time: 2023-10-12 01:30:58.249517
Request method: GET
Request URL: https://playground.learnqa.ru/api/user/auth
Request data: None
Request headers: {}
Request cookies: {'auth_sid': 'd61d4edf57c75a0ad50c235990f62adb02e94918f1549272bcf2cafc2634fd9d'}

Response code: 200
Response text: {"user_id":0}
Response headers: {'Date': 'Wed, 11 Oct 2023 21:30:58 GMT', 'Content-Type': 'application/json', 'Content-Length': '13', 'Connection': 'keep-alive', 'Keep-Alive': 'timeout=10', 'Server': 'Apache', 'Cache-Control': 'max-age=0', 'Expires': 'Wed, 11 Oct 2023 21:30:58 GMT'}
Response cookies: {}

-----

-----
Test: tests/test_user_auth.py::TestUserAuth::test_cookie (setup)
Time: 2023-10-12 01:30:58.999865
Request method: POST
Request URL: https://playground.learnqa.ru/api/user/login
Request data: {'email': 'vinkotov@example.com', 'password': '1234'}
Request headers: {}
Request cookies: {}

Response code: 200
Response text: {"user_id":2}
Response headers: {'Date': 'Wed, 11 Oct 2023 21:30:59 GMT', 'Content-Type': 'application/json', 'Content-Length': '13', 'Connection': 'keep-alive', 'Keep-Alive': 'timeout=10', 'Server': 'Apache', 'Set-Cookie': 'auth_sid=26504354d1e4b14cbc2cb45b3f84abb102e94918f1549272bcf2cafc2634fd9d', 'x-csrf-token': '680fad4a882986b0b17b148129a636dace3f54df02e94918f1549272bcf2cafc2634fd9d', 'Cache-Control': 'max-age=0', 'Expires': 'Wed, 11 Oct 2023 21:30:59 GMT'}
Response cookies: {'auth_sid': '26504354d1e4b14cbc2cb45b3f84abb102e94918f1549272bcf2cafc2634fd9d'}

-----

-----
Test: tests/test_user_auth.py::TestUserAuth::test_cookie (call)
Time: 2023-10-12 01:30:59.371441
Request method: GET
Request URL: https://playground.learnqa.ru/api/homework_cookie
Request data: None
Request headers: {}
Request cookies: {}

Response code: 200
Response text: 
Response headers: {'Date': 'Wed, 11 Oct 2023 21:30:59 GMT', 'Content-Type': 'text/html; charset=utf-8', 'Content-Length': '0', 'Connection': 'keep-alive', 'Keep-Alive': 'timeout=10', 'Server': 'Apache', 'Set-Cookie': 'HomeWork=hw_value; expires=Sat, 11-Nov-2023 21:30:59 GMT; Max-Age=2678400; path=/; domain=playground.learnqa.ru; HttpOnly', 'Cache-Control': 'max-age=0', 'Expires': 'Wed, 11 Oct 2023 21:30:59 GMT'}
Response cookies: {'HomeWork': 'hw_value'}

-----

-----
Test: tests/test_user_auth.py::TestUserAuth::test_homework_header (setup)
Time: 2023-10-12 01:30:59.801867
Request method: POST
Request URL: https://playground.learnqa.ru/api/user/login
Request data: {'email': 'vinkotov@example.com', 'password': '1234'}
Request headers: {}
Request cookies: {}

Response code: 200
Response text: {"user_id":2}
Response headers: {'Date': 'Wed, 11 Oct 2023 21:31:00 GMT', 'Content-Type': 'application/json', 'Content-Length': '13', 'Connection': 'keep-alive', 'Keep-Alive': 'timeout=10', 'Server': 'Apache', 'Set-Cookie': 'auth_sid=d3d1d96a0fa8a88dd0785bc72bd2bf8402e94918f1549272bcf2cafc2634fd9d', 'x-csrf-token': '7e51dc3e61243cbd6ee6959b21b5c2b377d39ffc02e94918f1549272bcf2cafc2634fd9d', 'Cache-Control': 'max-age=0', 'Expires': 'Wed, 11 Oct 2023 21:31:00 GMT'}
Response cookies: {'auth_sid': 'd3d1d96a0fa8a88dd0785bc72bd2bf8402e94918f1549272bcf2cafc2634fd9d'}

-----

-----
Test: tests/test_user_auth.py::TestUserAuth::test_homework_header (call)
Time: 2023-10-12 01:31:00.166850
Request method: GET
Request URL: https://playground.learnqa.ru/api/homework_header
Request data: None
Request headers: {}
Request cookies: {}

Response code: 200
Response text: {"success":"!"}
Response headers: {'Date': 'Wed, 11 Oct 2023 21:31:00 GMT', 'Content-Type': 'application/json', 'Content-Length': '15', 'Connection': 'keep-alive', 'Keep-Alive': 'timeout=10', 'Server': 'Apache', 'x-secret-homework-header': 'Some secret value', 'Cache-Control': 'max-age=0', 'Expires': 'Wed, 11 Oct 2023 21:31:00 GMT'}
Response cookies: {}

-----

-----
Test: tests/test_user_auth.py::TestUserAuth::test_user_agent_check[Mozilla/5.0 (Linux; U; Android 4.0.2; en-us; Galaxy Nexus Build/ICL53F) AppleWebKit/534.30 (KHTML, like Gecko) Version/4.0 Mobile Safari/534.30-expected_values0] (setup)
Time: 2023-10-12 01:31:00.580142
Request method: POST
Request URL: https://playground.learnqa.ru/api/user/login
Request data: {'email': 'vinkotov@example.com', 'password': '1234'}
Request headers: {}
Request cookies: {}

Response code: 200
Response text: {"user_id":2}
Response headers: {'Date': 'Wed, 11 Oct 2023 21:31:00 GMT', 'Content-Type': 'application/json', 'Content-Length': '13', 'Connection': 'keep-alive', 'Keep-Alive': 'timeout=10', 'Server': 'Apache', 'Set-Cookie': 'auth_sid=1600349b753088cb1101d93a9cdfd5f802e94918f1549272bcf2cafc2634fd9d', 'x-csrf-token': '1d22ad0c181bdfd216d73ea3a0ea4654b27fb5ab02e94918f1549272bcf2cafc2634fd9d', 'Cache-Control': 'max-age=0', 'Expires': 'Wed, 11 Oct 2023 21:31:00 GMT'}
Response cookies: {'auth_sid': '1600349b753088cb1101d93a9cdfd5f802e94918f1549272bcf2cafc2634fd9d'}

-----

-----
Test: tests/test_user_auth.py::TestUserAuth::test_user_agent_check[Mozilla/5.0 (Linux; U; Android 4.0.2; en-us; Galaxy Nexus Build/ICL53F) AppleWebKit/534.30 (KHTML, like Gecko) Version/4.0 Mobile Safari/534.30-expected_values0] (call)
Time: 2023-10-12 01:31:00.945565
Request method: GET
Request URL: https://playground.learnqa.ru/api/user_agent_check
Request data: None
Request headers: {'User-Agent': 'Mozilla/5.0 (Linux; U; Android 4.0.2; en-us; Galaxy Nexus Build/ICL53F) AppleWebKit/534.30 (KHTML, like Gecko) Version/4.0 Mobile Safari/534.30'}
Request cookies: {}

Response code: 200
Response text: {"user_agent":"Mozilla\/5.0 (Linux; U; Android 4.0.2; en-us; Galaxy Nexus Build\/ICL53F) AppleWebKit\/534.30 (KHTML, like Gecko) Version\/4.0 Mobile Safari\/534.30","platform":"Mobile","browser":"No","device":"Android"}
Response headers: {'Date': 'Wed, 11 Oct 2023 21:31:01 GMT', 'Content-Type': 'application/json', 'Transfer-Encoding': 'chunked', 'Connection': 'keep-alive', 'Keep-Alive': 'timeout=10', 'Vary': 'Accept-Encoding', 'Server': 'Apache', 'Cache-Control': 'max-age=0', 'Expires': 'Wed, 11 Oct 2023 21:31:01 GMT', 'Content-Encoding': 'gzip'}
Response cookies: {}

-----

-----
Test: tests/test_user_auth.py::TestUserAuth::test_user_agent_check[Mozilla/5.0 (iPad; CPU OS 13_2 like Mac OS X) AppleWebKit/605.1.15 (KHTML, like Gecko) CriOS/91.0.4472.77 Mobile/15E148 Safari/604.1-expected_values1] (setup)
Time: 2023-10-12 01:31:01.343060
Request method: POST
Request URL: https://playground.learnqa.ru/api/user/login
Request data: {'email': 'vinkotov@example.com', 'password': '1234'}
Request headers: {}
Request cookies: {}

Response code: 200
Response text: {"user_id":2}
Response headers: {'Date': 'Wed, 11 Oct 2023 21:31:02 GMT', 'Content-Type': 'application/json', 'Content-Length': '13', 'Connection': 'keep-alive', 'Keep-Alive': 'timeout=10', 'Server': 'Apache', 'Set-Cookie': 'auth_sid=39d91be644f2ca87ea2edf851e811ebf02e94918f1549272bcf2cafc2634fd9d', 'x-csrf-token': '2bfddd3a05f96ed596caec3defba54573f2fe36e02e94918f1549272bcf2cafc2634fd9d', 'Cache-Control': 'max-age=0', 'Expires': 'Wed, 11 Oct 2023 21:31:02 GMT'}
Response cookies: {'auth_sid': '39d91be644f2ca87ea2edf851e811ebf02e94918f1549272bcf2cafc2634fd9d'}

-----

-----
Test: tests/test_user_auth.py::TestUserAuth::test_user_agent_check[Mozilla/5.0 (iPad; CPU OS 13_2 like Mac OS X) AppleWebKit/605.1.15 (KHTML, like Gecko) CriOS/91.0.4472.77 Mobile/15E148 Safari/604.1-expected_values1] (call)
Time: 2023-10-12 01:31:02.800493
Request method: GET
Request URL: https://playground.learnqa.ru/api/user_agent_check
Request data: None
Request headers: {'User-Agent': 'Mozilla/5.0 (iPad; CPU OS 13_2 like Mac OS X) AppleWebKit/605.1.15 (KHTML, like Gecko) CriOS/91.0.4472.77 Mobile/15E148 Safari/604.1'}
Request cookies: {}

Response code: 200
Response text: {"user_agent":"Mozilla\/5.0 (iPad; CPU OS 13_2 like Mac OS X) AppleWebKit\/605.1.15 (KHTML, like Gecko) CriOS\/91.0.4472.77 Mobile\/15E148 Safari\/604.1","platform":"Mobile","browser":"No","device":"iOS"}
Response headers: {'Date': 'Wed, 11 Oct 2023 21:31:03 GMT', 'Content-Type': 'application/json', 'Transfer-Encoding': 'chunked', 'Connection': 'keep-alive', 'Keep-Alive': 'timeout=10', 'Vary': 'Accept-Encoding', 'Server': 'Apache', 'Cache-Control': 'max-age=0', 'Expires': 'Wed, 11 Oct 2023 21:31:03 GMT', 'Content-Encoding': 'gzip'}
Response cookies: {}

-----

-----
Test: tests/test_user_auth.py::TestUserAuth::test_user_agent_check[Mozilla/5.0 (compatible; Googlebot/2.1; +http://www.google.com/bot.html)-expected_values2] (setup)
Time: 2023-10-12 01:31:03.713804
Request method: POST
Request URL: https://playground.learnqa.ru/api/user/login
Request data: {'email': 'vinkotov@example.com', 'password': '1234'}
Request headers: {}
Request cookies: {}

Response code: 200
Response text: {"user_id":2}
Response headers: {'Date': 'Wed, 11 Oct 2023 21:31:04 GMT', 'Content-Type': 'application/json', 'Content-Length': '13', 'Connection': 'keep-alive', 'Keep-Alive': 'timeout=10', 'Server': 'Apache', 'Set-Cookie': 'auth_sid=5e946e3f47f7dd2f734674ac8d641a0c02e94918f1549272bcf2cafc2634fd9d', 'x-csrf-token': '80ed835fe3cc4a38662c54c2b1d3702f55114fca02e94918f1549272bcf2cafc2634fd9d', 'Cache-Control': 'max-age=0', 'Expires': 'Wed, 11 Oct 2023 21:31:04 GMT'}
Response cookies: {'auth_sid': '5e946e3f47f7dd2f734674ac8d641a0c02e94918f1549272bcf2cafc2634fd9d'}

-----

-----
Test: tests/test_user_auth.py::TestUserAuth::test_user_agent_check[Mozilla/5.0 (compatible; Googlebot/2.1; +http://www.google.com/bot.html)-expected_values2] (call)
Time: 2023-10-12 01:31:04.372978
Request method: GET
Request URL: https://playground.learnqa.ru/api/user_agent_check
Request data: None
Request headers: {'User-Agent': 'Mozilla/5.0 (compatible; Googlebot/2.1; +http://www.google.com/bot.html)'}
Request cookies: {}

Response code: 200
Response text: {"user_agent":"Mozilla\/5.0 (compatible; Googlebot\/2.1; +http:\/\/www.google.com\/bot.html)","platform":"Unknown","browser":"Unknown","device":"Unknown"}
Response headers: {'Date': 'Wed, 11 Oct 2023 21:31:04 GMT', 'Content-Type': 'application/json', 'Transfer-Encoding': 'chunked', 'Connection': 'keep-alive', 'Keep-Alive': 'timeout=10', 'Vary': 'Accept-Encoding', 'Server': 'Apache', 'Cache-Control': 'max-age=0', 'Expires': 'Wed, 11 Oct 2023 21:31:04 GMT', 'Content-Encoding': 'gzip'}
Response cookies: {}

-----

-----
Test: tests/test_user_auth.py::TestUserAuth::test_user_agent_check[Mozilla/5.0 (Windows NT 10.0; Win64; x64) AppleWebKit/537.36 (KHTML, like Gecko) Chrome/91.0.4472.77 Safari/537.36 Edg/91.0.100.0-expected_values3] (setup)
Time: 2023-10-12 01:31:04.730311
Request method: POST
Request URL: https://playground.learnqa.ru/api/user/login
Request data: {'email': 'vinkotov@example.com', 'password': '1234'}
Request headers: {}
Request cookies: {}

Response code: 200
Response text: {"user_id":2}
Response headers: {'Date': 'Wed, 11 Oct 2023 21:31:04 GMT', 'Content-Type': 'application/json', 'Content-Length': '13', 'Connection': 'keep-alive', 'Keep-Alive': 'timeout=10', 'Server': 'Apache', 'Set-Cookie': 'auth_sid=a7321f16e3c1f01910666df7a75137da02e94918f1549272bcf2cafc2634fd9d', 'x-csrf-token': 'fcf013fd90b1a6b91ef2f5efa92a43865ac41a9302e94918f1549272bcf2cafc2634fd9d', 'Cache-Control': 'max-age=0', 'Expires': 'Wed, 11 Oct 2023 21:31:04 GMT'}
Response cookies: {'auth_sid': 'a7321f16e3c1f01910666df7a75137da02e94918f1549272bcf2cafc2634fd9d'}

-----

-----
Test: tests/test_user_auth.py::TestUserAuth::test_user_agent_check[Mozilla/5.0 (Windows NT 10.0; Win64; x64) AppleWebKit/537.36 (KHTML, like Gecko) Chrome/91.0.4472.77 Safari/537.36 Edg/91.0.100.0-expected_values3] (call)
Time: 2023-10-12 01:31:05.100073
Request method: GET
Request URL: https://playground.learnqa.ru/api/user_agent_check
Request data: None
Request headers: {'User-Agent': 'Mozilla/5.0 (Windows NT 10.0; Win64; x64) AppleWebKit/537.36 (KHTML, like Gecko) Chrome/91.0.4472.77 Safari/537.36 Edg/91.0.100.0'}
Request cookies: {}

Response code: 200
Response text: {"user_agent":"Mozilla\/5.0 (Windows NT 10.0; Win64; x64) AppleWebKit\/537.36 (KHTML, like Gecko) Chrome\/91.0.4472.77 Safari\/537.36 Edg\/91.0.100.0","platform":"Web","browser":"Chrome","device":"No"}
Response headers: {'Date': 'Wed, 11 Oct 2023 21:31:09 GMT', 'Content-Type': 'application/json', 'Transfer-Encoding': 'chunked', 'Connection': 'keep-alive', 'Keep-Alive': 'timeout=10', 'Vary': 'Accept-Encoding', 'Server': 'Apache', 'Cache-Control': 'max-age=0', 'Expires': 'Wed, 11 Oct 2023 21:31:09 GMT', 'Content-Encoding': 'gzip'}
Response cookies: {}

-----

-----
Test: tests/test_user_auth.py::TestUserAuth::test_user_agent_check[Mozilla/5.0 (iPad; CPU iPhone OS 13_2_3 like Mac OS X) AppleWebKit/605.1.15 (KHTML, like Gecko) Version/13.0.3 Mobile/15E148 Safari/604.1-expected_values4] (setup)
Time: 2023-10-12 01:31:09.342308
Request method: POST
Request URL: https://playground.learnqa.ru/api/user/login
Request data: {'email': 'vinkotov@example.com', 'password': '1234'}
Request headers: {}
Request cookies: {}

Response code: 200
Response text: {"user_id":2}
Response headers: {'Date': 'Wed, 11 Oct 2023 21:31:09 GMT', 'Content-Type': 'application/json', 'Content-Length': '13', 'Connection': 'keep-alive', 'Keep-Alive': 'timeout=10', 'Server': 'Apache', 'Set-Cookie': 'auth_sid=ecf3026366e7d72d8649422234f0e16802e94918f1549272bcf2cafc2634fd9d', 'x-csrf-token': 'f0a19262c43d56c17cc57beebaa4a03d8326afb802e94918f1549272bcf2cafc2634fd9d', 'Cache-Control': 'max-age=0', 'Expires': 'Wed, 11 Oct 2023 21:31:09 GMT'}
Response cookies: {'auth_sid': 'ecf3026366e7d72d8649422234f0e16802e94918f1549272bcf2cafc2634fd9d'}

-----

-----
Test: tests/test_user_auth.py::TestUserAuth::test_user_agent_check[Mozilla/5.0 (iPad; CPU iPhone OS 13_2_3 like Mac OS X) AppleWebKit/605.1.15 (KHTML, like Gecko) Version/13.0.3 Mobile/15E148 Safari/604.1-expected_values4] (call)
Time: 2023-10-12 01:31:09.760149
Request method: GET
Request URL: https://playground.learnqa.ru/api/user_agent_check
Request data: None
Request headers: {'User-Agent': 'Mozilla/5.0 (iPad; CPU iPhone OS 13_2_3 like Mac OS X) AppleWebKit/605.1.15 (KHTML, like Gecko) Version/13.0.3 Mobile/15E148 Safari/604.1'}
Request cookies: {}

Response code: 200
Response text: {"user_agent":"Mozilla\/5.0 (iPad; CPU iPhone OS 13_2_3 like Mac OS X) AppleWebKit\/605.1.15 (KHTML, like Gecko) Version\/13.0.3 Mobile\/15E148 Safari\/604.1","platform":"Mobile","browser":"No","device":"Unknown"}
Response headers: {'Date': 'Wed, 11 Oct 2023 21:31:09 GMT', 'Content-Type': 'application/json', 'Transfer-Encoding': 'chunked', 'Connection': 'keep-alive', 'Keep-Alive': 'timeout=10', 'Vary': 'Accept-Encoding', 'Server': 'Apache', 'Cache-Control': 'max-age=0', 'Expires': 'Wed, 11 Oct 2023 21:31:09 GMT', 'Content-Encoding': 'gzip'}
Response cookies: {}

-----

-----
Test: tests/test_user_auth.py::TestUserAuth::test_summary (setup)
Time: 2023-10-12 01:31:10.142978
Request method: POST
Request URL: https://playground.learnqa.ru/api/user/login
Request data: {'email': 'vinkotov@example.com', 'password': '1234'}
Request headers: {}
Request cookies: {}

Response code: 200
Response text: {"user_id":2}
Response headers: {'Date': 'Wed, 11 Oct 2023 21:31:10 GMT', 'Content-Type': 'application/json', 'Content-Length': '13', 'Connection': 'keep-alive', 'Keep-Alive': 'timeout=10', 'Server': 'Apache', 'Set-Cookie': 'auth_sid=cf4f459236a9d3a959b2173594feaa2402e94918f1549272bcf2cafc2634fd9d', 'x-csrf-token': '5d68a9207bc236b0a0993aa05870470ea9952cfe02e94918f1549272bcf2cafc2634fd9d', 'Cache-Control': 'max-age=0', 'Expires': 'Wed, 11 Oct 2023 21:31:10 GMT'}
Response cookies: {'auth_sid': 'cf4f459236a9d3a959b2173594feaa2402e94918f1549272bcf2cafc2634fd9d'}

-----

-----
Test: tests/test_user_delete.py::TestUserDelete::test_delete_user_2 (call)
Time: 2023-10-12 01:31:10.598551
Request method: POST
Request URL: https://playground.learnqa.ru/api/user/login
Request data: {'email': 'vinkotov@example.com', 'password': '1234'}
Request headers: {}
Request cookies: {}

Response code: 200
Response text: {"user_id":2}
Response headers: {'Date': 'Wed, 11 Oct 2023 21:31:10 GMT', 'Content-Type': 'application/json', 'Content-Length': '13', 'Connection': 'keep-alive', 'Keep-Alive': 'timeout=10', 'Server': 'Apache', 'Set-Cookie': 'auth_sid=280a760a73dc90dc0705e848c5a9588402e94918f1549272bcf2cafc2634fd9d', 'x-csrf-token': '2b70265bdb2aa8d0b63294533f928f6caeaa4e4402e94918f1549272bcf2cafc2634fd9d', 'Cache-Control': 'max-age=0', 'Expires': 'Wed, 11 Oct 2023 21:31:10 GMT'}
Response cookies: {'auth_sid': '280a760a73dc90dc0705e848c5a9588402e94918f1549272bcf2cafc2634fd9d'}

-----

-----
Test: tests/test_user_delete.py::TestUserDelete::test_delete_user_2 (call)
Time: 2023-10-12 01:31:10.960292
Request method: DELETE
Request URL: https://playground.learnqa.ru/api/user/2
Request data: None
Request headers: {'x-csrf-token': '2b70265bdb2aa8d0b63294533f928f6caeaa4e4402e94918f1549272bcf2cafc2634fd9d'}
Request cookies: {'auth_sid': '280a760a73dc90dc0705e848c5a9588402e94918f1549272bcf2cafc2634fd9d'}

Response code: 400
Response text: Please, do not delete test users with ID 1, 2, 3, 4 or 5.
Response headers: {'Date': 'Wed, 11 Oct 2023 21:31:11 GMT', 'Content-Type': 'text/html; charset=utf-8', 'Content-Length': '57', 'Connection': 'keep-alive', 'Keep-Alive': 'timeout=10', 'Server': 'Apache'}
Response cookies: {}

-----

-----
Test: tests/test_user_delete.py::TestUserDelete::test_positive_delete_created_user (call)
Time: 2023-10-12 01:31:11.942199
Request method: POST
Request URL: https://playground.learnqa.ru/api/user/
Request data: {'password': '123', 'username': 'learnqa', 'firstName': 'Test', 'lastName': 'Example', 'email': 'test10122023013111@example.com'}
Request headers: {}
Request cookies: {}

Response code: 200
Response text: {"id":"82109"}
Response headers: {'Date': 'Wed, 11 Oct 2023 21:31:12 GMT', 'Content-Type': 'application/json', 'Content-Length': '14', 'Connection': 'keep-alive', 'Keep-Alive': 'timeout=10', 'Server': 'Apache', 'Cache-Control': 'max-age=0', 'Expires': 'Wed, 11 Oct 2023 21:31:12 GMT'}
Response cookies: {}

-----

-----
Test: tests/test_user_delete.py::TestUserDelete::test_positive_delete_created_user (call)
Time: 2023-10-12 01:31:12.842222
Request method: POST
Request URL: https://playground.learnqa.ru/api/user/login
Request data: {'email': 'test10122023013111@example.com', 'password': '123'}
Request headers: {}
Request cookies: {}

Response code: 200
Response text: {"user_id":82109}
Response headers: {'Date': 'Wed, 11 Oct 2023 21:31:13 GMT', 'Content-Type': 'application/json', 'Content-Length': '17', 'Connection': 'keep-alive', 'Keep-Alive': 'timeout=10', 'Server': 'Apache', 'Set-Cookie': 'auth_sid=b9a134efa39258277c8d110304041fc86803e5ea4a58967654a9e9cc79d50b0a', 'x-csrf-token': '43b48efd65716a08e2e45d253dd4320d21c187456803e5ea4a58967654a9e9cc79d50b0a', 'Cache-Control': 'max-age=0', 'Expires': 'Wed, 11 Oct 2023 21:31:13 GMT'}
Response cookies: {'auth_sid': 'b9a134efa39258277c8d110304041fc86803e5ea4a58967654a9e9cc79d50b0a'}

-----

-----
Test: tests/test_user_delete.py::TestUserDelete::test_positive_delete_created_user (call)
Time: 2023-10-12 01:31:13.511091
Request method: DELETE
Request URL: https://playground.learnqa.ru/api/user/82109
Request data: None
Request headers: {'x-csrf-token': '43b48efd65716a08e2e45d253dd4320d21c187456803e5ea4a58967654a9e9cc79d50b0a'}
Request cookies: {'auth_sid': 'b9a134efa39258277c8d110304041fc86803e5ea4a58967654a9e9cc79d50b0a'}

Response code: 200
Response text: 
Response headers: {'Date': 'Wed, 11 Oct 2023 21:31:14 GMT', 'Content-Type': 'text/html; charset=utf-8', 'Content-Length': '0', 'Connection': 'keep-alive', 'Keep-Alive': 'timeout=10', 'Server': 'Apache', 'Cache-Control': 'max-age=0', 'Expires': 'Wed, 11 Oct 2023 21:31:13 GMT'}
Response cookies: {}

-----

-----
Test: tests/test_user_delete.py::TestUserDelete::test_positive_delete_created_user (call)
Time: 2023-10-12 01:31:14.566589
Request method: GET
Request URL: https://playground.learnqa.ru/api/user/82109
Request data: None
Request headers: {}
Request cookies: {}

Response code: 404
Response text: User not found
Response headers: {'Date': 'Wed, 11 Oct 2023 21:31:16 GMT', 'Content-Type': 'text/html; charset=utf-8', 'Content-Length': '14', 'Connection': 'keep-alive', 'Keep-Alive': 'timeout=10', 'Server': 'Apache'}
Response cookies: {}

-----

-----
Test: tests/test_user_delete.py::TestUserDelete::test_delete_user_authorized_as_another_user (call)
Time: 2023-10-12 01:31:16.472787
Request method: POST
Request URL: https://playground.learnqa.ru/api/user/
Request data: {'password': '123', 'username': 'learnqa', 'firstName': 'Test', 'lastName': 'Example', 'email': 'test10122023013116@example.com'}
Request headers: {}
Request cookies: {}

Response code: 200
Response text: {"id":"82110"}
Response headers: {'Date': 'Wed, 11 Oct 2023 21:31:17 GMT', 'Content-Type': 'application/json', 'Content-Length': '14', 'Connection': 'keep-alive', 'Keep-Alive': 'timeout=10', 'Server': 'Apache', 'Cache-Control': 'max-age=0', 'Expires': 'Wed, 11 Oct 2023 21:31:16 GMT'}
Response cookies: {}

-----

-----
Test: tests/test_user_delete.py::TestUserDelete::test_delete_user_authorized_as_another_user (call)
Time: 2023-10-12 01:31:17.404583
Request method: POST
Request URL: https://playground.learnqa.ru/api/user/
Request data: {'password': '123', 'username': 'learnqa', 'firstName': 'Test', 'lastName': 'Example', 'email': 'test10122023013117@example.com'}
Request headers: {}
Request cookies: {}

Response code: 200
Response text: {"id":"82111"}
Response headers: {'Date': 'Wed, 11 Oct 2023 21:31:18 GMT', 'Content-Type': 'application/json', 'Content-Length': '14', 'Connection': 'keep-alive', 'Keep-Alive': 'timeout=10', 'Server': 'Apache', 'Cache-Control': 'max-age=0', 'Expires': 'Wed, 11 Oct 2023 21:31:17 GMT'}
Response cookies: {}

-----

-----
Test: tests/test_user_delete.py::TestUserDelete::test_delete_user_authorized_as_another_user (call)
Time: 2023-10-12 01:31:18.345109
Request method: POST
Request URL: https://playground.learnqa.ru/api/user/login
Request data: {'email': 'test10122023013117@example.com', 'password': '123'}
Request headers: {}
Request cookies: {}

Response code: 200
Response text: {"user_id":82111}
Response headers: {'Date': 'Wed, 11 Oct 2023 21:31:18 GMT', 'Content-Type': 'application/json', 'Content-Length': '17', 'Connection': 'keep-alive', 'Keep-Alive': 'timeout=10', 'Server': 'Apache', 'Set-Cookie': 'auth_sid=2b7e0007c0df36ebf2c35ad2218533bb100ec4f4b95c87836baca327fa0fbc22', 'x-csrf-token': '3742733ab206810e8ef0e518973011bc3ea36b79100ec4f4b95c87836baca327fa0fbc22', 'Cache-Control': 'max-age=0', 'Expires': 'Wed, 11 Oct 2023 21:31:18 GMT'}
Response cookies: {'auth_sid': '2b7e0007c0df36ebf2c35ad2218533bb100ec4f4b95c87836baca327fa0fbc22'}

-----

-----
Test: tests/test_user_delete.py::TestUserDelete::test_delete_user_authorized_as_another_user (call)
Time: 2023-10-12 01:31:18.790321
Request method: DELETE
Request URL: https://playground.learnqa.ru/api/user/82110
Request data: None
Request headers: {'x-csrf-token': '3742733ab206810e8ef0e518973011bc3ea36b79100ec4f4b95c87836baca327fa0fbc22'}
Request cookies: {'auth_sid': '2b7e0007c0df36ebf2c35ad2218533bb100ec4f4b95c87836baca327fa0fbc22'}

Response code: 200
Response text: 
Response headers: {'Date': 'Wed, 11 Oct 2023 21:31:19 GMT', 'Content-Type': 'text/html; charset=utf-8', 'Content-Length': '0', 'Connection': 'keep-alive', 'Keep-Alive': 'timeout=10', 'Server': 'Apache', 'Cache-Control': 'max-age=0', 'Expires': 'Wed, 11 Oct 2023 21:31:19 GMT'}
Response cookies: {}

-----

-----
Test: tests/test_user_edit.py::TestUserEdit::test_edit_just_created_user (call)
Time: 2023-10-12 01:31:19.849085
Request method: POST
Request URL: https://playground.learnqa.ru/api/user/
Request data: {'password': '123', 'username': 'learnqa', 'firstName': 'Test', 'lastName': 'Example', 'email': 'test10122023013119@example.com'}
Request headers: {}
Request cookies: {}

Response code: 200
Response text: {"id":"82112"}
Response headers: {'Date': 'Wed, 11 Oct 2023 21:31:20 GMT', 'Content-Type': 'application/json', 'Content-Length': '14', 'Connection': 'keep-alive', 'Keep-Alive': 'timeout=10', 'Server': 'Apache', 'Cache-Control': 'max-age=0', 'Expires': 'Wed, 11 Oct 2023 21:31:20 GMT'}
Response cookies: {}

-----

-----
Test: tests/test_user_edit.py::TestUserEdit::test_edit_just_created_user (call)
Time: 2023-10-12 01:31:20.742435
Request method: POST
Request URL: https://playground.learnqa.ru/api/user/login
Request data: {'email': 'test10122023013119@example.com', 'password': '123'}
Request headers: {}
Request cookies: {}

Response code: 200
Response text: {"user_id":82112}
Response headers: {'Date': 'Wed, 11 Oct 2023 21:31:21 GMT', 'Content-Type': 'application/json', 'Content-Length': '17', 'Connection': 'keep-alive', 'Keep-Alive': 'timeout=10', 'Server': 'Apache', 'Set-Cookie': 'auth_sid=47683c0e4bbd35461e5a47305dd0a7cf6af081e8617e8922714c58979fcfff9a', 'x-csrf-token': 'ebbb18136760bd7115bfba1249ff8374404d998f6af081e8617e8922714c58979fcfff9a', 'Cache-Control': 'max-age=0', 'Expires': 'Wed, 11 Oct 2023 21:31:21 GMT'}
Response cookies: {'auth_sid': '47683c0e4bbd35461e5a47305dd0a7cf6af081e8617e8922714c58979fcfff9a'}

-----

-----
Test: tests/test_user_edit.py::TestUserEdit::test_edit_just_created_user (call)
Time: 2023-10-12 01:31:22.129729
Request method: PUT
Request URL: https://playground.learnqa.ru/api/user/82112
Request data: {'firstName': 'Changed Name'}
Request headers: {'x-csrf-token': 'ebbb18136760bd7115bfba1249ff8374404d998f6af081e8617e8922714c58979fcfff9a'}
Request cookies: {'auth_sid': '47683c0e4bbd35461e5a47305dd0a7cf6af081e8617e8922714c58979fcfff9a'}

Response code: 200
Response text: 
Response headers: {'Date': 'Wed, 11 Oct 2023 21:31:22 GMT', 'Content-Type': 'text/html; charset=utf-8', 'Content-Length': '0', 'Connection': 'keep-alive', 'Keep-Alive': 'timeout=10', 'Server': 'Apache', 'Cache-Control': 'max-age=0', 'Expires': 'Wed, 11 Oct 2023 21:31:22 GMT'}
Response cookies: {}

-----

-----
Test: tests/test_user_edit.py::TestUserEdit::test_edit_just_created_user (call)
Time: 2023-10-12 01:31:23.110614
Request method: GET
Request URL: https://playground.learnqa.ru/api/user/82112
Request data: None
Request headers: {'x-csrf-token': 'ebbb18136760bd7115bfba1249ff8374404d998f6af081e8617e8922714c58979fcfff9a'}
Request cookies: {'auth_sid': '47683c0e4bbd35461e5a47305dd0a7cf6af081e8617e8922714c58979fcfff9a'}

Response code: 200
Response text: {"id":"82112","username":"learnqa","email":"test10122023013119@example.com","firstName":"Changed Name","lastName":"Example"}
Response headers: {'Date': 'Wed, 11 Oct 2023 21:31:23 GMT', 'Content-Type': 'application/json', 'Transfer-Encoding': 'chunked', 'Connection': 'keep-alive', 'Keep-Alive': 'timeout=10', 'Vary': 'Accept-Encoding', 'Server': 'Apache', 'Cache-Control': 'max-age=0', 'Expires': 'Wed, 11 Oct 2023 21:31:23 GMT', 'Content-Encoding': 'gzip'}
Response cookies: {}

-----

-----
Test: tests/test_user_edit.py::TestUserEdit::test_edit_user_unauthorized (call)
Time: 2023-10-12 01:31:23.983684
Request method: POST
Request URL: https://playground.learnqa.ru/api/user/
Request data: {'password': '123', 'username': 'learnqa', 'firstName': 'Test', 'lastName': 'Example', 'email': 'test10122023013123@example.com'}
Request headers: {}
Request cookies: {}

Response code: 200
Response text: {"id":"82113"}
Response headers: {'Date': 'Wed, 11 Oct 2023 21:31:25 GMT', 'Content-Type': 'application/json', 'Content-Length': '14', 'Connection': 'keep-alive', 'Keep-Alive': 'timeout=10', 'Server': 'Apache', 'Cache-Control': 'max-age=0', 'Expires': 'Wed, 11 Oct 2023 21:31:24 GMT'}
Response cookies: {}

-----

-----
Test: tests/test_user_edit.py::TestUserEdit::test_edit_user_unauthorized (call)
Time: 2023-10-12 01:31:25.179084
Request method: PUT
Request URL: https://playground.learnqa.ru/api/user/82113
Request data: {'firstName': 'Changed Name Unauth'}
Request headers: {}
Request cookies: {}

Response code: 400
Response text: Auth token not supplied
Response headers: {'Date': 'Wed, 11 Oct 2023 21:31:26 GMT', 'Content-Type': 'text/html; charset=utf-8', 'Content-Length': '23', 'Connection': 'keep-alive', 'Keep-Alive': 'timeout=10', 'Server': 'Apache'}
Response cookies: {}

-----

-----
Test: tests/test_user_edit.py::TestUserEdit::test_edit_user_authorized_as_another_user (call)
Time: 2023-10-12 01:31:26.178978
Request method: POST
Request URL: https://playground.learnqa.ru/api/user/
Request data: {'password': '123', 'username': 'learnqa', 'firstName': 'Test', 'lastName': 'Example', 'email': 'test10122023013126@example.com'}
Request headers: {}
Request cookies: {}

Response code: 200
Response text: {"id":"82114"}
Response headers: {'Date': 'Wed, 11 Oct 2023 21:31:26 GMT', 'Content-Type': 'application/json', 'Content-Length': '14', 'Connection': 'keep-alive', 'Keep-Alive': 'timeout=10', 'Server': 'Apache', 'Cache-Control': 'max-age=0', 'Expires': 'Wed, 11 Oct 2023 21:31:26 GMT'}
Response cookies: {}

-----

-----
Test: tests/test_user_edit.py::TestUserEdit::test_edit_user_authorized_as_another_user (call)
Time: 2023-10-12 01:31:27.072246
Request method: POST
Request URL: https://playground.learnqa.ru/api/user/
Request data: {'password': '123', 'username': 'learnqa', 'firstName': 'Test', 'lastName': 'Example', 'email': 'test10122023013127@example.com'}
Request headers: {}
Request cookies: {}

Response code: 200
Response text: {"id":"82115"}
Response headers: {'Date': 'Wed, 11 Oct 2023 21:31:27 GMT', 'Content-Type': 'application/json', 'Content-Length': '14', 'Connection': 'keep-alive', 'Keep-Alive': 'timeout=10', 'Server': 'Apache', 'Cache-Control': 'max-age=0', 'Expires': 'Wed, 11 Oct 2023 21:31:27 GMT'}
Response cookies: {}

-----

-----
Test: tests/test_user_edit.py::TestUserEdit::test_edit_user_authorized_as_another_user (call)
Time: 2023-10-12 01:31:27.962765
Request method: POST
Request URL: https://playground.learnqa.ru/api/user/login
Request data: {'email': 'test10122023013127@example.com', 'password': '123'}
Request headers: {}
Request cookies: {}

Response code: 200
Response text: {"user_id":82115}
Response headers: {'Date': 'Wed, 11 Oct 2023 21:31:28 GMT', 'Content-Type': 'application/json', 'Content-Length': '17', 'Connection': 'keep-alive', 'Keep-Alive': 'timeout=10', 'Server': 'Apache', 'Set-Cookie': 'auth_sid=79f587631ff1252dd3ffa98e8d19c51273d6f036d5cdd81862fd150410310998', 'x-csrf-token': '116ee848fc93b3a3d3416994766eb6030b355ed073d6f036d5cdd81862fd150410310998', 'Cache-Control': 'max-age=0', 'Expires': 'Wed, 11 Oct 2023 21:31:28 GMT'}
Response cookies: {'auth_sid': '79f587631ff1252dd3ffa98e8d19c51273d6f036d5cdd81862fd150410310998'}

-----

-----
Test: tests/test_user_edit.py::TestUserEdit::test_edit_user_authorized_as_another_user (call)
Time: 2023-10-12 01:31:28.395286
Request method: PUT
Request URL: https://playground.learnqa.ru/api/user/82114
Request data: {'firstName': 'Changed Name By Another User'}
Request headers: {'x-csrf-token': '116ee848fc93b3a3d3416994766eb6030b355ed073d6f036d5cdd81862fd150410310998'}
Request cookies: {'auth_sid': '79f587631ff1252dd3ffa98e8d19c51273d6f036d5cdd81862fd150410310998'}

Response code: 200
Response text: 
Response headers: {'Date': 'Wed, 11 Oct 2023 21:31:29 GMT', 'Content-Type': 'text/html; charset=utf-8', 'Content-Length': '0', 'Connection': 'keep-alive', 'Keep-Alive': 'timeout=10', 'Server': 'Apache', 'Cache-Control': 'max-age=0', 'Expires': 'Wed, 11 Oct 2023 21:31:28 GMT'}
Response cookies: {}

-----

-----
Test: tests/test_user_edit.py::TestUserEdit::test_edit_user_invalid_email (call)
Time: 2023-10-12 01:31:29.431125
Request method: POST
Request URL: https://playground.learnqa.ru/api/user/
Request data: {'password': '123', 'username': 'learnqa', 'firstName': 'Test', 'lastName': 'Example', 'email': 'test10122023013129@example.com'}
Request headers: {}
Request cookies: {}

Response code: 200
Response text: {"id":"82116"}
Response headers: {'Date': 'Wed, 11 Oct 2023 21:31:30 GMT', 'Content-Type': 'application/json', 'Content-Length': '14', 'Connection': 'keep-alive', 'Keep-Alive': 'timeout=10', 'Server': 'Apache', 'Cache-Control': 'max-age=0', 'Expires': 'Wed, 11 Oct 2023 21:31:29 GMT'}
Response cookies: {}

-----

-----
Test: tests/test_user_edit.py::TestUserEdit::test_edit_user_invalid_email (call)
Time: 2023-10-12 01:31:30.319335
Request method: POST
Request URL: https://playground.learnqa.ru/api/user/login
Request data: {'email': 'test10122023013129@example.com', 'password': '123'}
Request headers: {}
Request cookies: {}

Response code: 200
Response text: {"user_id":82116}
Response headers: {'Date': 'Wed, 11 Oct 2023 21:31:30 GMT', 'Content-Type': 'application/json', 'Content-Length': '17', 'Connection': 'keep-alive', 'Keep-Alive': 'timeout=10', 'Server': 'Apache', 'Set-Cookie': 'auth_sid=fcb9456c6c33c212a1b71c5a98b8b2a9439f4a9eccec8719db3ea85c22ca67d4', 'x-csrf-token': '3c2d0b4688600de14685b3b391a0cd61ec06a98e439f4a9eccec8719db3ea85c22ca67d4', 'Cache-Control': 'max-age=0', 'Expires': 'Wed, 11 Oct 2023 21:31:30 GMT'}
Response cookies: {'auth_sid': 'fcb9456c6c33c212a1b71c5a98b8b2a9439f4a9eccec8719db3ea85c22ca67d4'}

-----

-----
Test: tests/test_user_edit.py::TestUserEdit::test_edit_user_invalid_email (call)
Time: 2023-10-12 01:31:30.709289
Request method: PUT
Request URL: https://playground.learnqa.ru/api/user/82116
Request data: {'email': 'invalidemail.com'}
Request headers: {'x-csrf-token': '3c2d0b4688600de14685b3b391a0cd61ec06a98e439f4a9eccec8719db3ea85c22ca67d4'}
Request cookies: {'auth_sid': 'fcb9456c6c33c212a1b71c5a98b8b2a9439f4a9eccec8719db3ea85c22ca67d4'}

Response code: 400
Response text: Invalid email format
Response headers: {'Date': 'Wed, 11 Oct 2023 21:31:31 GMT', 'Content-Type': 'text/html; charset=utf-8', 'Content-Length': '20', 'Connection': 'keep-alive', 'Keep-Alive': 'timeout=10', 'Server': 'Apache'}
Response cookies: {}

-----

-----
Test: tests/test_user_edit.py::TestUserEdit::test_edit_user_short_first_name (call)
Time: 2023-10-12 01:31:31.740917
Request method: POST
Request URL: https://playground.learnqa.ru/api/user/
Request data: {'password': '123', 'username': 'learnqa', 'firstName': 'Test', 'lastName': 'Example', 'email': 'test10122023013131@example.com'}
Request headers: {}
Request cookies: {}

Response code: 200
Response text: {"id":"82117"}
Response headers: {'Date': 'Wed, 11 Oct 2023 21:31:32 GMT', 'Content-Type': 'application/json', 'Content-Length': '14', 'Connection': 'keep-alive', 'Keep-Alive': 'timeout=10', 'Server': 'Apache', 'Cache-Control': 'max-age=0', 'Expires': 'Wed, 11 Oct 2023 21:31:31 GMT'}
Response cookies: {}

-----

-----
Test: tests/test_user_edit.py::TestUserEdit::test_edit_user_short_first_name (call)
Time: 2023-10-12 01:31:32.676135
Request method: POST
Request URL: https://playground.learnqa.ru/api/user/login
Request data: {'email': 'test10122023013131@example.com', 'password': '123'}
Request headers: {}
Request cookies: {}

Response code: 200
Response text: {"user_id":82117}
Response headers: {'Date': 'Wed, 11 Oct 2023 21:31:32 GMT', 'Content-Type': 'application/json', 'Content-Length': '17', 'Connection': 'keep-alive', 'Keep-Alive': 'timeout=10', 'Server': 'Apache', 'Set-Cookie': 'auth_sid=afa7153bcbdab97a4c1789c8cb332830682bd073078016fd37ebed8c8d904e26', 'x-csrf-token': 'd0aecb61ed1084eac5bc7e35b05255e89b21fbc4682bd073078016fd37ebed8c8d904e26', 'Cache-Control': 'max-age=0', 'Expires': 'Wed, 11 Oct 2023 21:31:32 GMT'}
Response cookies: {'auth_sid': 'afa7153bcbdab97a4c1789c8cb332830682bd073078016fd37ebed8c8d904e26'}

-----

-----
Test: tests/test_user_edit.py::TestUserEdit::test_edit_user_short_first_name (call)
Time: 2023-10-12 01:31:33.033358
Request method: PUT
Request URL: https://playground.learnqa.ru/api/user/82117
Request data: {'firstName': 'A'}
Request headers: {'x-csrf-token': 'd0aecb61ed1084eac5bc7e35b05255e89b21fbc4682bd073078016fd37ebed8c8d904e26'}
Request cookies: {'auth_sid': 'afa7153bcbdab97a4c1789c8cb332830682bd073078016fd37ebed8c8d904e26'}

Response code: 400
Response text: {"error":"Too short value for field firstName"}
Response headers: {'Date': 'Wed, 11 Oct 2023 21:31:33 GMT', 'Content-Type': 'application/json', 'Content-Length': '47', 'Connection': 'keep-alive', 'Keep-Alive': 'timeout=10', 'Server': 'Apache'}
Response cookies: {}

-----

-----
Test: tests/test_user_get.py::TestUserGet::test_get_user_details_not_auth (call)
Time: 2023-10-12 01:31:34.086306
Request method: GET
Request URL: https://playground.learnqa.ru/api/user/2
Request data: None
Request headers: {}
Request cookies: {}

Response code: 200
Response text: {"username":"Vitaliy"}
Response headers: {'Date': 'Wed, 11 Oct 2023 21:31:34 GMT', 'Content-Type': 'application/json', 'Transfer-Encoding': 'chunked', 'Connection': 'keep-alive', 'Keep-Alive': 'timeout=10', 'Vary': 'Accept-Encoding', 'Server': 'Apache', 'Cache-Control': 'max-age=0', 'Expires': 'Wed, 11 Oct 2023 21:31:34 GMT', 'Content-Encoding': 'gzip'}
Response cookies: {}

-----

-----
Test: tests/test_user_get.py::TestUserGet::test_get_user_details_auth_as_same_user (call)
Time: 2023-10-12 01:31:35.083149
Request method: POST
Request URL: https://playground.learnqa.ru/api/user/login
Request data: {'email': 'vinkotov@example.com', 'password': '1234'}
Request headers: {}
Request cookies: {}

Response code: 200
Response text: {"user_id":2}
Response headers: {'Date': 'Wed, 11 Oct 2023 21:31:35 GMT', 'Content-Type': 'application/json', 'Content-Length': '13', 'Connection': 'keep-alive', 'Keep-Alive': 'timeout=10', 'Server': 'Apache', 'Set-Cookie': 'auth_sid=ca06fa78fe75532bfe6cc4eff7d3890f02e94918f1549272bcf2cafc2634fd9d', 'x-csrf-token': '3a5dfa879d4af090628cd2860e9f17667081a37902e94918f1549272bcf2cafc2634fd9d', 'Cache-Control': 'max-age=0', 'Expires': 'Wed, 11 Oct 2023 21:31:35 GMT'}
Response cookies: {'auth_sid': 'ca06fa78fe75532bfe6cc4eff7d3890f02e94918f1549272bcf2cafc2634fd9d'}

-----

-----
Test: tests/test_user_get.py::TestUserGet::test_get_user_details_auth_as_same_user (call)
Time: 2023-10-12 01:31:35.461868
Request method: GET
Request URL: https://playground.learnqa.ru/api/user/2
Request data: None
Request headers: {'x-csrf-token': '3a5dfa879d4af090628cd2860e9f17667081a37902e94918f1549272bcf2cafc2634fd9d'}
Request cookies: {'auth_sid': 'ca06fa78fe75532bfe6cc4eff7d3890f02e94918f1549272bcf2cafc2634fd9d'}

Response code: 200
Response text: {"id":"2","username":"Vitaliy","email":"vinkotov@example.com","firstName":"Vitalii","lastName":"Kotov"}
Response headers: {'Date': 'Wed, 11 Oct 2023 21:31:36 GMT', 'Content-Type': 'application/json', 'Transfer-Encoding': 'chunked', 'Connection': 'keep-alive', 'Keep-Alive': 'timeout=10', 'Vary': 'Accept-Encoding', 'Server': 'Apache', 'Cache-Control': 'max-age=0', 'Expires': 'Wed, 11 Oct 2023 21:31:35 GMT', 'Content-Encoding': 'gzip'}
Response cookies: {}

-----

-----
Test: tests/test_user_get.py::TestUserGet::test_get_another_user_data_after_auth (call)
Time: 2023-10-12 01:31:36.773297
Request method: POST
Request URL: https://playground.learnqa.ru/api/user/login
Request data: {'email': 'vinkotov@example.com', 'password': '1234'}
Request headers: {}
Request cookies: {}

Response code: 200
Response text: {"user_id":2}
Response headers: {'Date': 'Wed, 11 Oct 2023 21:31:36 GMT', 'Content-Type': 'application/json', 'Content-Length': '13', 'Connection': 'keep-alive', 'Keep-Alive': 'timeout=10', 'Server': 'Apache', 'Set-Cookie': 'auth_sid=25c39a4ad4dcf00023c2e7d924bbb75102e94918f1549272bcf2cafc2634fd9d', 'x-csrf-token': 'd26a6710a560d33b8d492a5e94459ef81400b65c02e94918f1549272bcf2cafc2634fd9d', 'Cache-Control': 'max-age=0', 'Expires': 'Wed, 11 Oct 2023 21:31:36 GMT'}
Response cookies: {'auth_sid': '25c39a4ad4dcf00023c2e7d924bbb75102e94918f1549272bcf2cafc2634fd9d'}

-----

-----
Test: tests/test_user_get.py::TestUserGet::test_get_another_user_data_after_auth (call)
Time: 2023-10-12 01:31:37.129260
Request method: GET
Request URL: https://playground.learnqa.ru/api/user/1
Request data: None
Request headers: {'x-csrf-token': 'd26a6710a560d33b8d492a5e94459ef81400b65c02e94918f1549272bcf2cafc2634fd9d'}
Request cookies: {'auth_sid': '25c39a4ad4dcf00023c2e7d924bbb75102e94918f1549272bcf2cafc2634fd9d'}

Response code: 200
Response text: {"username":"Lana"}
Response headers: {'Date': 'Wed, 11 Oct 2023 21:31:37 GMT', 'Content-Type': 'application/json', 'Content-Length': '19', 'Connection': 'keep-alive', 'Keep-Alive': 'timeout=10', 'Server': 'Apache', 'Cache-Control': 'max-age=0', 'Expires': 'Wed, 11 Oct 2023 21:31:37 GMT'}
Response cookies: {}

-----

-----
Test: tests/test_user_register.py::TestUserRegister::test_create_user_successfully (call)
Time: 2023-10-12 01:31:38.121528
Request method: POST
Request URL: https://playground.learnqa.ru/api/user/
Request data: {'password': '123', 'username': 'learnqa', 'firstName': 'Test', 'lastName': 'Example', 'email': 'test10122023013138@example.com'}
Request headers: {}
Request cookies: {}

Response code: 200
Response text: {"id":"82118"}
Response headers: {'Date': 'Wed, 11 Oct 2023 21:33:39 GMT', 'Content-Type': 'application/json', 'Content-Length': '14', 'Connection': 'keep-alive', 'Keep-Alive': 'timeout=10', 'Server': 'Apache', 'Cache-Control': 'max-age=0', 'Expires': 'Wed, 11 Oct 2023 21:33:39 GMT'}
Response cookies: {}

-----

-----
Test: tests/test_user_register.py::TestUserRegister::test_create_user_with_existing_email (call)
Time: 2023-10-12 01:33:40.131769
Request method: POST
Request URL: https://playground.learnqa.ru/api/user/
Request data: {'password': '123', 'username': 'learnqa', 'firstName': 'Test', 'lastName': 'Example', 'email': 'test@example.com'}
Request headers: {}
Request cookies: {}

Response code: 400
Response text: Users with email 'test@example.com' already exists
Response headers: {'Date': 'Wed, 11 Oct 2023 21:33:44 GMT', 'Content-Type': 'text/html; charset=utf-8', 'Content-Length': '50', 'Connection': 'keep-alive', 'Keep-Alive': 'timeout=10', 'Server': 'Apache'}
Response cookies: {}

-----

-----
Test: tests/test_user_register.py::TestUserRegister::test_create_user_with_invalid_email (call)
Time: 2023-10-12 01:33:45.097793
Request method: POST
Request URL: https://playground.learnqa.ru/api/user/
Request data: {'password': '123', 'username': 'learnqa', 'firstName': 'Test', 'lastName': 'Example', 'email': 'testemail.com'}
Request headers: {}
Request cookies: {}

Response code: 400
Response text: Invalid email format
Response headers: {'Date': 'Wed, 11 Oct 2023 21:33:46 GMT', 'Content-Type': 'text/html; charset=utf-8', 'Content-Length': '20', 'Connection': 'keep-alive', 'Keep-Alive': 'timeout=10', 'Server': 'Apache'}
Response cookies: {}

-----

-----
Test: tests/test_user_register.py::TestUserRegister::test_create_user_without_field[username] (call)
Time: 2023-10-12 01:33:47.125462
Request method: POST
Request URL: https://playground.learnqa.ru/api/user/
Request data: {'password': '123', 'firstName': 'Test', 'lastName': 'Example', 'email': 'test10122023013347@example.com'}
Request headers: {}
Request cookies: {}

Response code: 400
Response text: The following required params are missed: username
Response headers: {'Date': 'Wed, 11 Oct 2023 21:33:48 GMT', 'Content-Type': 'text/html; charset=utf-8', 'Content-Length': '50', 'Connection': 'keep-alive', 'Keep-Alive': 'timeout=10', 'Server': 'Apache'}
Response cookies: {}

-----

-----
Test: tests/test_user_register.py::TestUserRegister::test_create_user_without_field[password] (call)
Time: 2023-10-12 01:33:48.543370
Request method: POST
Request URL: https://playground.learnqa.ru/api/user/
Request data: {'username': 'learnqa', 'firstName': 'Test', 'lastName': 'Example', 'email': 'test10122023013348@example.com'}
Request headers: {}
Request cookies: {}

Response code: 400
Response text: The following required params are missed: password
Response headers: {'Date': 'Wed, 11 Oct 2023 21:33:49 GMT', 'Content-Type': 'text/html; charset=utf-8', 'Content-Length': '50', 'Connection': 'keep-alive', 'Keep-Alive': 'timeout=10', 'Server': 'Apache'}
Response cookies: {}

-----

-----
Test: tests/test_user_register.py::TestUserRegister::test_create_user_without_field[email] (call)
Time: 2023-10-12 01:33:49.796636
Request method: POST
Request URL: https://playground.learnqa.ru/api/user/
Request data: {'password': '123', 'username': 'learnqa', 'firstName': 'Test', 'lastName': 'Example'}
Request headers: {}
Request cookies: {}

Response code: 400
Response text: The following required params are missed: email
Response headers: {'Date': 'Wed, 11 Oct 2023 21:33:51 GMT', 'Content-Type': 'text/html; charset=utf-8', 'Content-Length': '47', 'Connection': 'keep-alive', 'Keep-Alive': 'timeout=10', 'Server': 'Apache'}
Response cookies: {}

-----

-----
Test: tests/test_user_register.py::TestUserRegister::test_create_user_without_field[firstName] (call)
Time: 2023-10-12 01:33:51.449266
Request method: POST
Request URL: https://playground.learnqa.ru/api/user/
Request data: {'password': '123', 'username': 'learnqa', 'lastName': 'Example', 'email': 'test10122023013351@example.com'}
Request headers: {}
Request cookies: {}

Response code: 400
Response text: The following required params are missed: firstName
Response headers: {'Date': 'Wed, 11 Oct 2023 21:33:52 GMT', 'Content-Type': 'text/html; charset=utf-8', 'Content-Length': '51', 'Connection': 'keep-alive', 'Keep-Alive': 'timeout=10', 'Server': 'Apache'}
Response cookies: {}

-----

-----
Test: tests/test_user_register.py::TestUserRegister::test_create_user_without_field[lastName] (call)
Time: 2023-10-12 01:33:52.645368
Request method: POST
Request URL: https://playground.learnqa.ru/api/user/
Request data: {'password': '123', 'username': 'learnqa', 'firstName': 'Test', 'email': 'test10122023013352@example.com'}
Request headers: {}
Request cookies: {}

Response code: 400
Response text: The following required params are missed: lastName
Response headers: {'Date': 'Wed, 11 Oct 2023 21:33:53 GMT', 'Content-Type': 'text/html; charset=utf-8', 'Content-Length': '50', 'Connection': 'keep-alive', 'Keep-Alive': 'timeout=10', 'Server': 'Apache'}
Response cookies: {}

-----

-----
Test: tests/test_user_register.py::TestUserRegister::test_create_user_with_short_name (call)
Time: 2023-10-12 01:33:53.663691
Request method: POST
Request URL: https://playground.learnqa.ru/api/user/
Request data: {'password': '123', 'username': 'learnqa', 'firstName': 'A', 'lastName': 'Example', 'email': 'test10122023013353@example.com'}
Request headers: {}
Request cookies: {}

Response code: 400
Response text: The value of 'firstName' field is too short
Response headers: {'Date': 'Wed, 11 Oct 2023 21:33:55 GMT', 'Content-Type': 'text/html; charset=utf-8', 'Content-Length': '43', 'Connection': 'keep-alive', 'Keep-Alive': 'timeout=10', 'Server': 'Apache'}
Response cookies: {}

-----

-----
Test: tests/test_user_register.py::TestUserRegister::test_create_user_with_long_name (call)
Time: 2023-10-12 01:33:55.761030
Request method: POST
Request URL: https://playground.learnqa.ru/api/user/
Request data: {'password': '123', 'username': 'learnqa', 'firstName': 'AAAAAAAAAAAAAAAAAAAAAAAAAAAAAAAAAAAAAAAAAAAAAAAAAAAAAAAAAAAAAAAAAAAAAAAAAAAAAAAAAAAAAAAAAAAAAAAAAAAAAAAAAAAAAAAAAAAAAAAAAAAAAAAAAAAAAAAAAAAAAAAAAAAAAAAAAAAAAAAAAAAAAAAAAAAAAAAAAAAAAAAAAAAAAAAAAAAAAAAAAAAAAAAAAAAAAAAAAAAAAAAAAAAAAAAAAAAAAAAAAAAAAAAAAAA', 'lastName': 'Example', 'email': 'test10122023013355@example.com'}
Request headers: {}
Request cookies: {}

Response code: 400
Response text: The value of 'firstName' field is too long
Response headers: {'Date': 'Wed, 11 Oct 2023 21:33:57 GMT', 'Content-Type': 'text/html; charset=utf-8', 'Content-Length': '42', 'Connection': 'keep-alive', 'Keep-Alive': 'timeout=10', 'Server': 'Apache'}
Response cookies: {}

-----
