
-----
Test: tests/test_user_auth.py::TestUserAuth::test_auth_user (setup)
Time: 2023-10-11 12:25:02.698051
Request method: POST
Request URL: https://playground.learnqa.ru/api/user/login
Request data: {'email': 'vinkotov@example.com', 'password': '1234'}
Request headers: {}
Request cookies: {}

Response code: 200
Response text: {"user_id":2}
Response headers: {'Date': 'Wed, 11 Oct 2023 12:25:05 GMT', 'Content-Type': 'application/json', 'Content-Length': '13', 'Connection': 'keep-alive', 'Keep-Alive': 'timeout=10', 'Server': 'Apache', 'Set-Cookie': 'auth_sid=c139c6767dc0ed71ce29c39496239dda02e94918f1549272bcf2cafc2634fd9d', 'x-csrf-token': '71e0fc296eb287a9289b5880293074ce529e087102e94918f1549272bcf2cafc2634fd9d', 'Cache-Control': 'max-age=0', 'Expires': 'Wed, 11 Oct 2023 12:25:05 GMT'}
Response cookies: {'auth_sid': 'c139c6767dc0ed71ce29c39496239dda02e94918f1549272bcf2cafc2634fd9d'}

-----

-----
Test: tests/test_user_auth.py::TestUserAuth::test_auth_user (call)
Time: 2023-10-11 12:25:06.952913
Request method: GET
Request URL: https://playground.learnqa.ru/api/user/auth
Request data: None
Request headers: {'x-csrf-token': '71e0fc296eb287a9289b5880293074ce529e087102e94918f1549272bcf2cafc2634fd9d'}
Request cookies: {'auth_sid': 'c139c6767dc0ed71ce29c39496239dda02e94918f1549272bcf2cafc2634fd9d'}

