
-----
Test: tests/test_user_auth.py::TestUserAuth::test_auth_user (setup)
Time: 2023-10-12 19:20:10.760635
Request method: POST
Request URL: https://playground.learnqa.ru/api_dev/user/login
Request data: {'email': 'vinkotov@example.com', 'password': '1234'}
Request headers: {}
Request cookies: {}

Response code: 200
Response text: {"user_id":2}
Response headers: {'Date': 'Thu, 12 Oct 2023 15:20:09 GMT', 'Content-Type': 'application/json', 'Content-Length': '13', 'Connection': 'keep-alive', 'Keep-Alive': 'timeout=10', 'Server': 'Apache', 'Set-Cookie': 'auth_sid=e72df5315c9abd039d03bb81d0d8be2802e94918f1549272bcf2cafc2634fd9d', 'x-csrf-token': '3ad6f991f20f8c681ad4cc268dda756847beba8402e94918f1549272bcf2cafc2634fd9d', 'Cache-Control': 'max-age=0', 'Expires': 'Thu, 12 Oct 2023 15:20:09 GMT'}
Response cookies: {'auth_sid': 'e72df5315c9abd039d03bb81d0d8be2802e94918f1549272bcf2cafc2634fd9d'}

-----

-----
Test: tests/test_user_auth.py::TestUserAuth::test_auth_user (call)
Time: 2023-10-12 19:20:11.217199
Request method: GET
Request URL: https://playground.learnqa.ru/api_dev/user/auth
Request data: None
Request headers: {'x-csrf-token': '3ad6f991f20f8c681ad4cc268dda756847beba8402e94918f1549272bcf2cafc2634fd9d'}
Request cookies: {'auth_sid': 'e72df5315c9abd039d03bb81d0d8be2802e94918f1549272bcf2cafc2634fd9d'}

Response code: 200
Response text: {"user_id":2}
Response headers: {'Date': 'Thu, 12 Oct 2023 15:20:09 GMT', 'Content-Type': 'application/json', 'Content-Length': '13', 'Connection': 'keep-alive', 'Keep-Alive': 'timeout=10', 'Server': 'Apache', 'Cache-Control': 'max-age=0', 'Expires': 'Thu, 12 Oct 2023 15:20:09 GMT'}
Response cookies: {}

-----

-----
Test: tests/test_user_auth.py::TestUserAuth::test_negative_auth_check[no_cookie] (setup)
Time: 2023-10-12 19:20:11.768541
Request method: POST
Request URL: https://playground.learnqa.ru/api_dev/user/login
Request data: {'email': 'vinkotov@example.com', 'password': '1234'}
Request headers: {}
Request cookies: {}

Response code: 200
Response text: {"user_id":2}
Response headers: {'Date': 'Thu, 12 Oct 2023 15:20:10 GMT', 'Content-Type': 'application/json', 'Content-Length': '13', 'Connection': 'keep-alive', 'Keep-Alive': 'timeout=10', 'Server': 'Apache', 'Set-Cookie': 'auth_sid=e4888c535f387bbda5deaf7d264954a402e94918f1549272bcf2cafc2634fd9d', 'x-csrf-token': 'b1413a0453232f102e4db1436dd8e40a16ce06b502e94918f1549272bcf2cafc2634fd9d', 'Cache-Control': 'max-age=0', 'Expires': 'Thu, 12 Oct 2023 15:20:10 GMT'}
Response cookies: {'auth_sid': 'e4888c535f387bbda5deaf7d264954a402e94918f1549272bcf2cafc2634fd9d'}

-----

-----
Test: tests/test_user_auth.py::TestUserAuth::test_negative_auth_check[no_cookie] (call)
Time: 2023-10-12 19:20:12.128443
Request method: GET
Request URL: https://playground.learnqa.ru/api_dev/user/auth
Request data: None
Request headers: {'x-csrf-token': 'b1413a0453232f102e4db1436dd8e40a16ce06b502e94918f1549272bcf2cafc2634fd9d'}
Request cookies: {}

Response code: 200
Response text: {"user_id":0}
Response headers: {'Date': 'Thu, 12 Oct 2023 15:20:10 GMT', 'Content-Type': 'application/json', 'Content-Length': '13', 'Connection': 'keep-alive', 'Keep-Alive': 'timeout=10', 'Server': 'Apache', 'Cache-Control': 'max-age=0', 'Expires': 'Thu, 12 Oct 2023 15:20:10 GMT'}
Response cookies: {}

-----

-----
Test: tests/test_user_auth.py::TestUserAuth::test_negative_auth_check[no_token] (setup)
Time: 2023-10-12 19:20:12.607153
Request method: POST
Request URL: https://playground.learnqa.ru/api_dev/user/login
Request data: {'email': 'vinkotov@example.com', 'password': '1234'}
Request headers: {}
Request cookies: {}

Response code: 200
Response text: {"user_id":2}
Response headers: {'Date': 'Thu, 12 Oct 2023 15:20:11 GMT', 'Content-Type': 'application/json', 'Content-Length': '13', 'Connection': 'keep-alive', 'Keep-Alive': 'timeout=10', 'Server': 'Apache', 'Set-Cookie': 'auth_sid=45c9d62ed898d0997e45ff23ba44f48702e94918f1549272bcf2cafc2634fd9d', 'x-csrf-token': '0bc16e1583d383c7f10d0e01a66d20930a67554e02e94918f1549272bcf2cafc2634fd9d', 'Cache-Control': 'max-age=0', 'Expires': 'Thu, 12 Oct 2023 15:20:11 GMT'}
Response cookies: {'auth_sid': '45c9d62ed898d0997e45ff23ba44f48702e94918f1549272bcf2cafc2634fd9d'}

-----

-----
Test: tests/test_user_auth.py::TestUserAuth::test_negative_auth_check[no_token] (call)
Time: 2023-10-12 19:20:13.016686
Request method: GET
Request URL: https://playground.learnqa.ru/api_dev/user/auth
Request data: None
Request headers: {}
Request cookies: {'auth_sid': '45c9d62ed898d0997e45ff23ba44f48702e94918f1549272bcf2cafc2634fd9d'}

Response code: 200
Response text: {"user_id":0}
Response headers: {'Date': 'Thu, 12 Oct 2023 15:20:11 GMT', 'Content-Type': 'application/json', 'Content-Length': '13', 'Connection': 'keep-alive', 'Keep-Alive': 'timeout=10', 'Server': 'Apache', 'Cache-Control': 'max-age=0', 'Expires': 'Thu, 12 Oct 2023 15:20:11 GMT'}
Response cookies: {}

-----

-----
Test: tests/test_user_auth.py::TestUserAuth::test_cookie (setup)
Time: 2023-10-12 19:20:13.560699
Request method: POST
Request URL: https://playground.learnqa.ru/api_dev/user/login
Request data: {'email': 'vinkotov@example.com', 'password': '1234'}
Request headers: {}
Request cookies: {}

Response code: 200
Response text: {"user_id":2}
Response headers: {'Date': 'Thu, 12 Oct 2023 15:20:12 GMT', 'Content-Type': 'application/json', 'Content-Length': '13', 'Connection': 'keep-alive', 'Keep-Alive': 'timeout=10', 'Server': 'Apache', 'Set-Cookie': 'auth_sid=1a78b2f92c9f2d9d052205b4d08b52fc02e94918f1549272bcf2cafc2634fd9d', 'x-csrf-token': 'd6f1e4a16c970f3ed47ccf38b8b3e1399a40e6a702e94918f1549272bcf2cafc2634fd9d', 'Cache-Control': 'max-age=0', 'Expires': 'Thu, 12 Oct 2023 15:20:11 GMT'}
Response cookies: {'auth_sid': '1a78b2f92c9f2d9d052205b4d08b52fc02e94918f1549272bcf2cafc2634fd9d'}

-----

-----
Test: tests/test_user_auth.py::TestUserAuth::test_cookie (call)
Time: 2023-10-12 19:20:13.982298
Request method: GET
Request URL: https://playground.learnqa.ru/api_dev/homework_cookie
Request data: None
Request headers: {}
Request cookies: {}

Response code: 404
Response text: int(2)
This is 404 error!
<a href='/'>Home</a>
Response headers: {'Date': 'Thu, 12 Oct 2023 15:20:12 GMT', 'Content-Type': 'text/html; charset=utf-8', 'Transfer-Encoding': 'chunked', 'Connection': 'keep-alive', 'Keep-Alive': 'timeout=10', 'Vary': 'Accept-Encoding', 'Server': 'Apache', 'Content-Encoding': 'gzip'}
Response cookies: {}

-----

-----
Test: tests/test_user_auth.py::TestUserAuth::test_homework_header (setup)
Time: 2023-10-12 19:20:14.433592
Request method: POST
Request URL: https://playground.learnqa.ru/api_dev/user/login
Request data: {'email': 'vinkotov@example.com', 'password': '1234'}
Request headers: {}
Request cookies: {}

Response code: 200
Response text: {"user_id":2}
Response headers: {'Date': 'Thu, 12 Oct 2023 15:20:12 GMT', 'Content-Type': 'application/json', 'Content-Length': '13', 'Connection': 'keep-alive', 'Keep-Alive': 'timeout=10', 'Server': 'Apache', 'Set-Cookie': 'auth_sid=a9a8211039ae1c4d78e0a09e41021f2702e94918f1549272bcf2cafc2634fd9d', 'x-csrf-token': '9c0d1139ca7270902dc42d7b296c63a7e8bd06ef02e94918f1549272bcf2cafc2634fd9d', 'Cache-Control': 'max-age=0', 'Expires': 'Thu, 12 Oct 2023 15:20:12 GMT'}
Response cookies: {'auth_sid': 'a9a8211039ae1c4d78e0a09e41021f2702e94918f1549272bcf2cafc2634fd9d'}

-----

-----
Test: tests/test_user_auth.py::TestUserAuth::test_homework_header (call)
Time: 2023-10-12 19:20:14.789580
Request method: GET
Request URL: https://playground.learnqa.ru/api_dev/homework_header
Request data: None
Request headers: {}
Request cookies: {}

Response code: 404
Response text: int(2)
This is 404 error!
<a href='/'>Home</a>
Response headers: {'Date': 'Thu, 12 Oct 2023 15:20:13 GMT', 'Content-Type': 'text/html; charset=utf-8', 'Transfer-Encoding': 'chunked', 'Connection': 'keep-alive', 'Keep-Alive': 'timeout=10', 'Vary': 'Accept-Encoding', 'Server': 'Apache', 'Content-Encoding': 'gzip'}
Response cookies: {}

-----

-----
Test: tests/test_user_auth.py::TestUserAuth::test_user_agent_check[Mozilla/5.0 (Linux; U; Android 4.0.2; en-us; Galaxy Nexus Build/ICL53F) AppleWebKit/534.30 (KHTML, like Gecko) Version/4.0 Mobile Safari/534.30-expected_values0] (setup)
Time: 2023-10-12 19:20:15.214349
Request method: POST
Request URL: https://playground.learnqa.ru/api_dev/user/login
Request data: {'email': 'vinkotov@example.com', 'password': '1234'}
Request headers: {}
Request cookies: {}

Response code: 200
Response text: {"user_id":2}
Response headers: {'Date': 'Thu, 12 Oct 2023 15:20:13 GMT', 'Content-Type': 'application/json', 'Content-Length': '13', 'Connection': 'keep-alive', 'Keep-Alive': 'timeout=10', 'Server': 'Apache', 'Set-Cookie': 'auth_sid=26d6a00c58fe540e12fa238cd38424d202e94918f1549272bcf2cafc2634fd9d', 'x-csrf-token': 'b7c8d060cabd2487b7bb813edad2be363a8e99d802e94918f1549272bcf2cafc2634fd9d', 'Cache-Control': 'max-age=0', 'Expires': 'Thu, 12 Oct 2023 15:20:13 GMT'}
Response cookies: {'auth_sid': '26d6a00c58fe540e12fa238cd38424d202e94918f1549272bcf2cafc2634fd9d'}

-----

-----
Test: tests/test_user_auth.py::TestUserAuth::test_user_agent_check[Mozilla/5.0 (Linux; U; Android 4.0.2; en-us; Galaxy Nexus Build/ICL53F) AppleWebKit/534.30 (KHTML, like Gecko) Version/4.0 Mobile Safari/534.30-expected_values0] (call)
Time: 2023-10-12 19:20:15.569084
Request method: GET
Request URL: https://playground.learnqa.ru/api_dev/user_agent_check
Request data: None
Request headers: {'User-Agent': 'Mozilla/5.0 (Linux; U; Android 4.0.2; en-us; Galaxy Nexus Build/ICL53F) AppleWebKit/534.30 (KHTML, like Gecko) Version/4.0 Mobile Safari/534.30'}
Request cookies: {}

Response code: 404
Response text: int(2)
This is 404 error!
<a href='/'>Home</a>
Response headers: {'Date': 'Thu, 12 Oct 2023 15:20:13 GMT', 'Content-Type': 'text/html; charset=utf-8', 'Transfer-Encoding': 'chunked', 'Connection': 'keep-alive', 'Keep-Alive': 'timeout=10', 'Vary': 'Accept-Encoding', 'Server': 'Apache', 'Content-Encoding': 'gzip'}
Response cookies: {}

-----

-----
Test: tests/test_user_auth.py::TestUserAuth::test_user_agent_check[Mozilla/5.0 (iPad; CPU OS 13_2 like Mac OS X) AppleWebKit/605.1.15 (KHTML, like Gecko) CriOS/91.0.4472.77 Mobile/15E148 Safari/604.1-expected_values1] (setup)
Time: 2023-10-12 19:20:15.993828
Request method: POST
Request URL: https://playground.learnqa.ru/api_dev/user/login
Request data: {'email': 'vinkotov@example.com', 'password': '1234'}
Request headers: {}
Request cookies: {}

Response code: 200
Response text: {"user_id":2}
Response headers: {'Date': 'Thu, 12 Oct 2023 15:20:14 GMT', 'Content-Type': 'application/json', 'Content-Length': '13', 'Connection': 'keep-alive', 'Keep-Alive': 'timeout=10', 'Server': 'Apache', 'Set-Cookie': 'auth_sid=ffd2e83150eba68cfb6a668d08431af702e94918f1549272bcf2cafc2634fd9d', 'x-csrf-token': '58ec614ebc84ea884e8796993036a4f68c8604e102e94918f1549272bcf2cafc2634fd9d', 'Cache-Control': 'max-age=0', 'Expires': 'Thu, 12 Oct 2023 15:20:14 GMT'}
Response cookies: {'auth_sid': 'ffd2e83150eba68cfb6a668d08431af702e94918f1549272bcf2cafc2634fd9d'}

-----

-----
Test: tests/test_user_auth.py::TestUserAuth::test_user_agent_check[Mozilla/5.0 (iPad; CPU OS 13_2 like Mac OS X) AppleWebKit/605.1.15 (KHTML, like Gecko) CriOS/91.0.4472.77 Mobile/15E148 Safari/604.1-expected_values1] (call)
Time: 2023-10-12 19:20:16.349915
Request method: GET
Request URL: https://playground.learnqa.ru/api_dev/user_agent_check
Request data: None
Request headers: {'User-Agent': 'Mozilla/5.0 (iPad; CPU OS 13_2 like Mac OS X) AppleWebKit/605.1.15 (KHTML, like Gecko) CriOS/91.0.4472.77 Mobile/15E148 Safari/604.1'}
Request cookies: {}

Response code: 404
Response text: int(2)
This is 404 error!
<a href='/'>Home</a>
Response headers: {'Date': 'Thu, 12 Oct 2023 15:20:14 GMT', 'Content-Type': 'text/html; charset=utf-8', 'Transfer-Encoding': 'chunked', 'Connection': 'keep-alive', 'Keep-Alive': 'timeout=10', 'Vary': 'Accept-Encoding', 'Server': 'Apache', 'Content-Encoding': 'gzip'}
Response cookies: {}

-----

-----
Test: tests/test_user_auth.py::TestUserAuth::test_user_agent_check[Mozilla/5.0 (compatible; Googlebot/2.1; +http://www.google.com/bot.html)-expected_values2] (setup)
Time: 2023-10-12 19:20:16.781770
Request method: POST
Request URL: https://playground.learnqa.ru/api_dev/user/login
Request data: {'email': 'vinkotov@example.com', 'password': '1234'}
Request headers: {}
Request cookies: {}

Response code: 200
Response text: {"user_id":2}
Response headers: {'Date': 'Thu, 12 Oct 2023 15:20:15 GMT', 'Content-Type': 'application/json', 'Content-Length': '13', 'Connection': 'keep-alive', 'Keep-Alive': 'timeout=10', 'Server': 'Apache', 'Set-Cookie': 'auth_sid=da7ad7323bba6c4c60f873e51663733502e94918f1549272bcf2cafc2634fd9d', 'x-csrf-token': '01e8a6f200092ae8b7d74dd90c845b825a642f5702e94918f1549272bcf2cafc2634fd9d', 'Cache-Control': 'max-age=0', 'Expires': 'Thu, 12 Oct 2023 15:20:15 GMT'}
Response cookies: {'auth_sid': 'da7ad7323bba6c4c60f873e51663733502e94918f1549272bcf2cafc2634fd9d'}

-----

-----
Test: tests/test_user_auth.py::TestUserAuth::test_user_agent_check[Mozilla/5.0 (compatible; Googlebot/2.1; +http://www.google.com/bot.html)-expected_values2] (call)
Time: 2023-10-12 19:20:17.134233
Request method: GET
Request URL: https://playground.learnqa.ru/api_dev/user_agent_check
Request data: None
Request headers: {'User-Agent': 'Mozilla/5.0 (compatible; Googlebot/2.1; +http://www.google.com/bot.html)'}
Request cookies: {}

Response code: 404
Response text: int(2)
This is 404 error!
<a href='/'>Home</a>
Response headers: {'Date': 'Thu, 12 Oct 2023 15:20:15 GMT', 'Content-Type': 'text/html; charset=utf-8', 'Transfer-Encoding': 'chunked', 'Connection': 'keep-alive', 'Keep-Alive': 'timeout=10', 'Vary': 'Accept-Encoding', 'Server': 'Apache', 'Content-Encoding': 'gzip'}
Response cookies: {}

-----

-----
Test: tests/test_user_auth.py::TestUserAuth::test_user_agent_check[Mozilla/5.0 (Windows NT 10.0; Win64; x64) AppleWebKit/537.36 (KHTML, like Gecko) Chrome/91.0.4472.77 Safari/537.36 Edg/91.0.100.0-expected_values3] (setup)
Time: 2023-10-12 19:20:17.547384
Request method: POST
Request URL: https://playground.learnqa.ru/api_dev/user/login
Request data: {'email': 'vinkotov@example.com', 'password': '1234'}
Request headers: {}
Request cookies: {}

Response code: 200
Response text: {"user_id":2}
Response headers: {'Date': 'Thu, 12 Oct 2023 15:20:16 GMT', 'Content-Type': 'application/json', 'Content-Length': '13', 'Connection': 'keep-alive', 'Keep-Alive': 'timeout=10', 'Server': 'Apache', 'Set-Cookie': 'auth_sid=ea76e7c1e7977d20d38532cd726e914b02e94918f1549272bcf2cafc2634fd9d', 'x-csrf-token': '2aa4afd8a2d3db4c333b7805a2edc5e0d10a28e202e94918f1549272bcf2cafc2634fd9d', 'Cache-Control': 'max-age=0', 'Expires': 'Thu, 12 Oct 2023 15:20:15 GMT'}
Response cookies: {'auth_sid': 'ea76e7c1e7977d20d38532cd726e914b02e94918f1549272bcf2cafc2634fd9d'}

-----

-----
Test: tests/test_user_auth.py::TestUserAuth::test_user_agent_check[Mozilla/5.0 (Windows NT 10.0; Win64; x64) AppleWebKit/537.36 (KHTML, like Gecko) Chrome/91.0.4472.77 Safari/537.36 Edg/91.0.100.0-expected_values3] (call)
Time: 2023-10-12 19:20:17.965816
Request method: GET
Request URL: https://playground.learnqa.ru/api_dev/user_agent_check
Request data: None
Request headers: {'User-Agent': 'Mozilla/5.0 (Windows NT 10.0; Win64; x64) AppleWebKit/537.36 (KHTML, like Gecko) Chrome/91.0.4472.77 Safari/537.36 Edg/91.0.100.0'}
Request cookies: {}

Response code: 404
Response text: int(2)
This is 404 error!
<a href='/'>Home</a>
Response headers: {'Date': 'Thu, 12 Oct 2023 15:20:16 GMT', 'Content-Type': 'text/html; charset=utf-8', 'Transfer-Encoding': 'chunked', 'Connection': 'keep-alive', 'Keep-Alive': 'timeout=10', 'Vary': 'Accept-Encoding', 'Server': 'Apache', 'Content-Encoding': 'gzip'}
Response cookies: {}

-----

-----
Test: tests/test_user_auth.py::TestUserAuth::test_user_agent_check[Mozilla/5.0 (iPad; CPU iPhone OS 13_2_3 like Mac OS X) AppleWebKit/605.1.15 (KHTML, like Gecko) Version/13.0.3 Mobile/15E148 Safari/604.1-expected_values4] (setup)
Time: 2023-10-12 19:20:18.368621
Request method: POST
Request URL: https://playground.learnqa.ru/api_dev/user/login
Request data: {'email': 'vinkotov@example.com', 'password': '1234'}
Request headers: {}
Request cookies: {}

Response code: 200
Response text: {"user_id":2}
Response headers: {'Date': 'Thu, 12 Oct 2023 15:20:16 GMT', 'Content-Type': 'application/json', 'Content-Length': '13', 'Connection': 'keep-alive', 'Keep-Alive': 'timeout=10', 'Server': 'Apache', 'Set-Cookie': 'auth_sid=94b38d1aec30e2416f8692bb1393783002e94918f1549272bcf2cafc2634fd9d', 'x-csrf-token': '8d236db4153e41b884a425d9cf428288c12491aa02e94918f1549272bcf2cafc2634fd9d', 'Cache-Control': 'max-age=0', 'Expires': 'Thu, 12 Oct 2023 15:20:16 GMT'}
Response cookies: {'auth_sid': '94b38d1aec30e2416f8692bb1393783002e94918f1549272bcf2cafc2634fd9d'}

-----

-----
Test: tests/test_user_auth.py::TestUserAuth::test_user_agent_check[Mozilla/5.0 (iPad; CPU iPhone OS 13_2_3 like Mac OS X) AppleWebKit/605.1.15 (KHTML, like Gecko) Version/13.0.3 Mobile/15E148 Safari/604.1-expected_values4] (call)
Time: 2023-10-12 19:20:18.777092
Request method: GET
Request URL: https://playground.learnqa.ru/api_dev/user_agent_check
Request data: None
Request headers: {'User-Agent': 'Mozilla/5.0 (iPad; CPU iPhone OS 13_2_3 like Mac OS X) AppleWebKit/605.1.15 (KHTML, like Gecko) Version/13.0.3 Mobile/15E148 Safari/604.1'}
Request cookies: {}

Response code: 404
Response text: int(2)
This is 404 error!
<a href='/'>Home</a>
Response headers: {'Date': 'Thu, 12 Oct 2023 15:20:17 GMT', 'Content-Type': 'text/html; charset=utf-8', 'Transfer-Encoding': 'chunked', 'Connection': 'keep-alive', 'Keep-Alive': 'timeout=10', 'Vary': 'Accept-Encoding', 'Server': 'Apache', 'Content-Encoding': 'gzip'}
Response cookies: {}

-----

-----
Test: tests/test_user_auth.py::TestUserAuth::test_summary (setup)
Time: 2023-10-12 19:20:19.189984
Request method: POST
Request URL: https://playground.learnqa.ru/api_dev/user/login
Request data: {'email': 'vinkotov@example.com', 'password': '1234'}
Request headers: {}
Request cookies: {}

Response code: 200
Response text: {"user_id":2}
Response headers: {'Date': 'Thu, 12 Oct 2023 15:20:17 GMT', 'Content-Type': 'application/json', 'Content-Length': '13', 'Connection': 'keep-alive', 'Keep-Alive': 'timeout=10', 'Server': 'Apache', 'Set-Cookie': 'auth_sid=8d4982bea5ee21a2bd97c236bfe9789e02e94918f1549272bcf2cafc2634fd9d', 'x-csrf-token': 'f99c955c88559a141e57c903215b98ab05e1054102e94918f1549272bcf2cafc2634fd9d', 'Cache-Control': 'max-age=0', 'Expires': 'Thu, 12 Oct 2023 15:20:17 GMT'}
Response cookies: {'auth_sid': '8d4982bea5ee21a2bd97c236bfe9789e02e94918f1549272bcf2cafc2634fd9d'}

-----

-----
Test: tests/test_user_delete.py::TestUserDelete::test_delete_user_2 (call)
Time: 2023-10-12 19:20:19.601861
Request method: POST
Request URL: https://playground.learnqa.ru/api_dev/user/login
Request data: {'email': 'vinkotov@example.com', 'password': '1234'}
Request headers: {}
Request cookies: {}

Response code: 200
Response text: {"user_id":2}
Response headers: {'Date': 'Thu, 12 Oct 2023 15:20:18 GMT', 'Content-Type': 'application/json', 'Content-Length': '13', 'Connection': 'keep-alive', 'Keep-Alive': 'timeout=10', 'Server': 'Apache', 'Set-Cookie': 'auth_sid=54d25debbff56c928ffb29c3b7ff9a6902e94918f1549272bcf2cafc2634fd9d', 'x-csrf-token': '4a0be323660e765810228617798dc5ca06ba07d202e94918f1549272bcf2cafc2634fd9d', 'Cache-Control': 'max-age=0', 'Expires': 'Thu, 12 Oct 2023 15:20:17 GMT'}
Response cookies: {'auth_sid': '54d25debbff56c928ffb29c3b7ff9a6902e94918f1549272bcf2cafc2634fd9d'}

-----

-----
Test: tests/test_user_delete.py::TestUserDelete::test_delete_user_2 (call)
Time: 2023-10-12 19:20:19.962508
Request method: DELETE
Request URL: https://playground.learnqa.ru/api_dev/user/2
Request data: None
Request headers: {'x-csrf-token': '4a0be323660e765810228617798dc5ca06ba07d202e94918f1549272bcf2cafc2634fd9d'}
Request cookies: {'auth_sid': '54d25debbff56c928ffb29c3b7ff9a6902e94918f1549272bcf2cafc2634fd9d'}

Response code: 400
Response text: Please, do not delete test users with ID 1, 2, 3, 4 or 5.
Response headers: {'Date': 'Thu, 12 Oct 2023 15:20:18 GMT', 'Content-Type': 'text/html; charset=utf-8', 'Content-Length': '57', 'Connection': 'keep-alive', 'Keep-Alive': 'timeout=10', 'Server': 'Apache'}
Response cookies: {}

-----

-----
Test: tests/test_user_delete.py::TestUserDelete::test_positive_delete_created_user (call)
Time: 2023-10-12 19:20:20.949855
Request method: POST
Request URL: https://playground.learnqa.ru/api_dev/user/
Request data: {'password': '123', 'username': 'learnqa', 'firstName': 'Test', 'lastName': 'Example', 'email': 'test10122023192020@example.com'}
Request headers: {}
Request cookies: {}

Response code: 200
Response text: {"id":"82144"}
Response headers: {'Date': 'Thu, 12 Oct 2023 15:20:19 GMT', 'Content-Type': 'application/json', 'Content-Length': '14', 'Connection': 'keep-alive', 'Keep-Alive': 'timeout=10', 'Server': 'Apache', 'Cache-Control': 'max-age=0', 'Expires': 'Thu, 12 Oct 2023 15:20:19 GMT'}
Response cookies: {}

-----

-----
Test: tests/test_user_delete.py::TestUserDelete::test_positive_delete_created_user (call)
Time: 2023-10-12 19:20:21.832344
Request method: POST
Request URL: https://playground.learnqa.ru/api_dev/user/login
Request data: {'email': 'test10122023192020@example.com', 'password': '123'}
Request headers: {}
Request cookies: {}

Response code: 200
Response text: {"user_id":82144}
Response headers: {'Date': 'Thu, 12 Oct 2023 15:20:20 GMT', 'Content-Type': 'application/json', 'Content-Length': '17', 'Connection': 'keep-alive', 'Keep-Alive': 'timeout=10', 'Server': 'Apache', 'Set-Cookie': 'auth_sid=079f233274132f03d102eb55fb1acac45002c6eb6643fafba75c092ad2d02444', 'x-csrf-token': '1e7ef6da52b090268d4808a6f0e91f885cd41f585002c6eb6643fafba75c092ad2d02444', 'Cache-Control': 'max-age=0', 'Expires': 'Thu, 12 Oct 2023 15:20:20 GMT'}
Response cookies: {'auth_sid': '079f233274132f03d102eb55fb1acac45002c6eb6643fafba75c092ad2d02444'}

-----

-----
Test: tests/test_user_delete.py::TestUserDelete::test_positive_delete_created_user (call)
Time: 2023-10-12 19:20:22.194944
Request method: DELETE
Request URL: https://playground.learnqa.ru/api_dev/user/82144
Request data: None
Request headers: {'x-csrf-token': '1e7ef6da52b090268d4808a6f0e91f885cd41f585002c6eb6643fafba75c092ad2d02444'}
Request cookies: {'auth_sid': '079f233274132f03d102eb55fb1acac45002c6eb6643fafba75c092ad2d02444'}

Response code: 200
Response text: 
Response headers: {'Date': 'Thu, 12 Oct 2023 15:20:21 GMT', 'Content-Type': 'text/html; charset=utf-8', 'Content-Length': '0', 'Connection': 'keep-alive', 'Keep-Alive': 'timeout=10', 'Server': 'Apache', 'Cache-Control': 'max-age=0', 'Expires': 'Thu, 12 Oct 2023 15:20:20 GMT'}
Response cookies: {}

-----

-----
Test: tests/test_user_delete.py::TestUserDelete::test_positive_delete_created_user (call)
Time: 2023-10-12 19:20:23.225261
Request method: GET
Request URL: https://playground.learnqa.ru/api_dev/user/82144
Request data: None
Request headers: {}
Request cookies: {}

Response code: 404
Response text: User not found
Response headers: {'Date': 'Thu, 12 Oct 2023 15:20:22 GMT', 'Content-Type': 'text/html; charset=utf-8', 'Content-Length': '14', 'Connection': 'keep-alive', 'Keep-Alive': 'timeout=10', 'Server': 'Apache'}
Response cookies: {}

-----

-----
Test: tests/test_user_delete.py::TestUserDelete::test_delete_user_authorized_as_another_user (call)
Time: 2023-10-12 19:20:24.096593
Request method: POST
Request URL: https://playground.learnqa.ru/api_dev/user/
Request data: {'password': '123', 'username': 'learnqa', 'firstName': 'Test', 'lastName': 'Example', 'email': 'test10122023192024@example.com'}
Request headers: {}
Request cookies: {}

Response code: 200
Response text: {"id":"82145"}
Response headers: {'Date': 'Thu, 12 Oct 2023 15:20:23 GMT', 'Content-Type': 'application/json', 'Content-Length': '14', 'Connection': 'keep-alive', 'Keep-Alive': 'timeout=10', 'Server': 'Apache', 'Cache-Control': 'max-age=0', 'Expires': 'Thu, 12 Oct 2023 15:20:22 GMT'}
Response cookies: {}

-----

-----
Test: tests/test_user_delete.py::TestUserDelete::test_delete_user_authorized_as_another_user (call)
Time: 2023-10-12 19:20:25.022979
Request method: POST
Request URL: https://playground.learnqa.ru/api_dev/user/
Request data: {'password': '123', 'username': 'learnqa', 'firstName': 'Test', 'lastName': 'Example', 'email': 'test10122023192025@example.com'}
Request headers: {}
Request cookies: {}

Response code: 200
Response text: {"id":"82146"}
Response headers: {'Date': 'Thu, 12 Oct 2023 15:20:23 GMT', 'Content-Type': 'application/json', 'Content-Length': '14', 'Connection': 'keep-alive', 'Keep-Alive': 'timeout=10', 'Server': 'Apache', 'Cache-Control': 'max-age=0', 'Expires': 'Thu, 12 Oct 2023 15:20:23 GMT'}
Response cookies: {}

-----

-----
Test: tests/test_user_delete.py::TestUserDelete::test_delete_user_authorized_as_another_user (call)
Time: 2023-10-12 19:20:25.896334
Request method: POST
Request URL: https://playground.learnqa.ru/api_dev/user/login
Request data: {'email': 'test10122023192025@example.com', 'password': '123'}
Request headers: {}
Request cookies: {}

Response code: 200
Response text: {"user_id":82146}
Response headers: {'Date': 'Thu, 12 Oct 2023 15:20:24 GMT', 'Content-Type': 'application/json', 'Content-Length': '17', 'Connection': 'keep-alive', 'Keep-Alive': 'timeout=10', 'Server': 'Apache', 'Set-Cookie': 'auth_sid=7ae67f58ffeb4dbaf3fca717f1d1a8c38b15f36ba498b401c74d3dab0ec3246a', 'x-csrf-token': '844acac50b71405a111a8e4012de6c1014d214298b15f36ba498b401c74d3dab0ec3246a', 'Cache-Control': 'max-age=0', 'Expires': 'Thu, 12 Oct 2023 15:20:24 GMT'}
Response cookies: {'auth_sid': '7ae67f58ffeb4dbaf3fca717f1d1a8c38b15f36ba498b401c74d3dab0ec3246a'}

-----

-----
Test: tests/test_user_delete.py::TestUserDelete::test_delete_user_authorized_as_another_user (call)
Time: 2023-10-12 19:20:26.276424
Request method: DELETE
Request URL: https://playground.learnqa.ru/api_dev/user/82145
Request data: None
Request headers: {'x-csrf-token': '844acac50b71405a111a8e4012de6c1014d214298b15f36ba498b401c74d3dab0ec3246a'}
Request cookies: {'auth_sid': '7ae67f58ffeb4dbaf3fca717f1d1a8c38b15f36ba498b401c74d3dab0ec3246a'}

Response code: 200
Response text: 
Response headers: {'Date': 'Thu, 12 Oct 2023 15:20:25 GMT', 'Content-Type': 'text/html; charset=utf-8', 'Content-Length': '0', 'Connection': 'keep-alive', 'Keep-Alive': 'timeout=10', 'Server': 'Apache', 'Cache-Control': 'max-age=0', 'Expires': 'Thu, 12 Oct 2023 15:20:24 GMT'}
Response cookies: {}

-----

-----
Test: tests/test_user_edit.py::TestUserEdit::test_edit_just_created_user (call)
Time: 2023-10-12 19:20:27.263616
Request method: POST
Request URL: https://playground.learnqa.ru/api_dev/user/
Request data: {'password': '123', 'username': 'learnqa', 'firstName': 'Test', 'lastName': 'Example', 'email': 'test10122023192027@example.com'}
Request headers: {}
Request cookies: {}

Response code: 200
Response text: {"id":"82147"}
Response headers: {'Date': 'Thu, 12 Oct 2023 15:20:26 GMT', 'Content-Type': 'application/json', 'Content-Length': '14', 'Connection': 'keep-alive', 'Keep-Alive': 'timeout=10', 'Server': 'Apache', 'Cache-Control': 'max-age=0', 'Expires': 'Thu, 12 Oct 2023 15:20:25 GMT'}
Response cookies: {}

-----

-----
Test: tests/test_user_edit.py::TestUserEdit::test_edit_just_created_user (call)
Time: 2023-10-12 19:20:28.160781
Request method: POST
Request URL: https://playground.learnqa.ru/api_dev/user/login
Request data: {'email': 'test10122023192027@example.com', 'password': '123'}
Request headers: {}
Request cookies: {}

Response code: 200
Response text: {"user_id":82147}
Response headers: {'Date': 'Thu, 12 Oct 2023 15:20:26 GMT', 'Content-Type': 'application/json', 'Content-Length': '17', 'Connection': 'keep-alive', 'Keep-Alive': 'timeout=10', 'Server': 'Apache', 'Set-Cookie': 'auth_sid=a6970c97eca7cd710ded0c303a08fe8e5a8ad584797e1de248bca1a6c1da326e', 'x-csrf-token': '0a0581b52da62cbd964c608f8a5a23e6baa21ed05a8ad584797e1de248bca1a6c1da326e', 'Cache-Control': 'max-age=0', 'Expires': 'Thu, 12 Oct 2023 15:20:26 GMT'}
Response cookies: {'auth_sid': 'a6970c97eca7cd710ded0c303a08fe8e5a8ad584797e1de248bca1a6c1da326e'}

-----

-----
Test: tests/test_user_edit.py::TestUserEdit::test_edit_just_created_user (call)
Time: 2023-10-12 19:20:28.523888
Request method: PUT
Request URL: https://playground.learnqa.ru/api_dev/user/82147
Request data: {'firstName': 'Changed Name'}
Request headers: {'x-csrf-token': '0a0581b52da62cbd964c608f8a5a23e6baa21ed05a8ad584797e1de248bca1a6c1da326e'}
Request cookies: {'auth_sid': 'a6970c97eca7cd710ded0c303a08fe8e5a8ad584797e1de248bca1a6c1da326e'}

Response code: 200
Response text: 
Response headers: {'Date': 'Thu, 12 Oct 2023 15:20:27 GMT', 'Content-Type': 'text/html; charset=utf-8', 'Content-Length': '0', 'Connection': 'keep-alive', 'Keep-Alive': 'timeout=10', 'Server': 'Apache', 'Cache-Control': 'max-age=0', 'Expires': 'Thu, 12 Oct 2023 15:20:26 GMT'}
Response cookies: {}

-----

-----
Test: tests/test_user_edit.py::TestUserEdit::test_edit_just_created_user (call)
Time: 2023-10-12 19:20:29.494425
Request method: GET
Request URL: https://playground.learnqa.ru/api_dev/user/82147
Request data: None
Request headers: {'x-csrf-token': '0a0581b52da62cbd964c608f8a5a23e6baa21ed05a8ad584797e1de248bca1a6c1da326e'}
Request cookies: {'auth_sid': 'a6970c97eca7cd710ded0c303a08fe8e5a8ad584797e1de248bca1a6c1da326e'}

Response code: 200
Response text: {"id":"82147","username":"learnqa","email":"test10122023192027@example.com","firstName":"Changed Name","lastName":"Example"}
Response headers: {'Date': 'Thu, 12 Oct 2023 15:20:28 GMT', 'Content-Type': 'application/json', 'Transfer-Encoding': 'chunked', 'Connection': 'keep-alive', 'Keep-Alive': 'timeout=10', 'Vary': 'Accept-Encoding', 'Server': 'Apache', 'Cache-Control': 'max-age=0', 'Expires': 'Thu, 12 Oct 2023 15:20:27 GMT', 'Content-Encoding': 'gzip'}
Response cookies: {}

-----

-----
Test: tests/test_user_edit.py::TestUserEdit::test_edit_user_unauthorized (call)
Time: 2023-10-12 19:20:30.412017
Request method: POST
Request URL: https://playground.learnqa.ru/api_dev/user/
Request data: {'password': '123', 'username': 'learnqa', 'firstName': 'Test', 'lastName': 'Example', 'email': 'test10122023192030@example.com'}
Request headers: {}
Request cookies: {}

Response code: 200
Response text: {"id":"82148"}
Response headers: {'Date': 'Thu, 12 Oct 2023 15:20:29 GMT', 'Content-Type': 'application/json', 'Content-Length': '14', 'Connection': 'keep-alive', 'Keep-Alive': 'timeout=10', 'Server': 'Apache', 'Cache-Control': 'max-age=0', 'Expires': 'Thu, 12 Oct 2023 15:20:28 GMT'}
Response cookies: {}

-----

-----
Test: tests/test_user_edit.py::TestUserEdit::test_edit_user_unauthorized (call)
Time: 2023-10-12 19:20:31.291366
Request method: PUT
Request URL: https://playground.learnqa.ru/api_dev/user/82148
Request data: {'firstName': 'Changed Name Unauth'}
Request headers: {}
Request cookies: {}

Response code: 400
Response text: Auth token not supplied
Response headers: {'Date': 'Thu, 12 Oct 2023 15:20:30 GMT', 'Content-Type': 'text/html; charset=utf-8', 'Content-Length': '23', 'Connection': 'keep-alive', 'Keep-Alive': 'timeout=10', 'Server': 'Apache'}
Response cookies: {}

-----

-----
Test: tests/test_user_edit.py::TestUserEdit::test_edit_user_authorized_as_another_user (call)
Time: 2023-10-12 19:20:32.331299
Request method: POST
Request URL: https://playground.learnqa.ru/api_dev/user/
Request data: {'password': '123', 'username': 'learnqa', 'firstName': 'Test', 'lastName': 'Example', 'email': 'test10122023192032@example.com'}
Request headers: {}
Request cookies: {}

Response code: 200
Response text: {"id":"82149"}
Response headers: {'Date': 'Thu, 12 Oct 2023 15:20:31 GMT', 'Content-Type': 'application/json', 'Content-Length': '14', 'Connection': 'keep-alive', 'Keep-Alive': 'timeout=10', 'Server': 'Apache', 'Cache-Control': 'max-age=0', 'Expires': 'Thu, 12 Oct 2023 15:20:30 GMT'}
Response cookies: {}

-----

-----
Test: tests/test_user_edit.py::TestUserEdit::test_edit_user_authorized_as_another_user (call)
Time: 2023-10-12 19:20:33.200499
Request method: POST
Request URL: https://playground.learnqa.ru/api_dev/user/
Request data: {'password': '123', 'username': 'learnqa', 'firstName': 'Test', 'lastName': 'Example', 'email': 'test10122023192033@example.com'}
Request headers: {}
Request cookies: {}

Response code: 200
Response text: {"id":"82150"}
Response headers: {'Date': 'Thu, 12 Oct 2023 15:20:32 GMT', 'Content-Type': 'application/json', 'Content-Length': '14', 'Connection': 'keep-alive', 'Keep-Alive': 'timeout=10', 'Server': 'Apache', 'Cache-Control': 'max-age=0', 'Expires': 'Thu, 12 Oct 2023 15:20:31 GMT'}
Response cookies: {}

-----

-----
Test: tests/test_user_edit.py::TestUserEdit::test_edit_user_authorized_as_another_user (call)
Time: 2023-10-12 19:20:34.130876
Request method: POST
Request URL: https://playground.learnqa.ru/api_dev/user/login
Request data: {'email': 'test10122023192033@example.com', 'password': '123'}
Request headers: {}
Request cookies: {}

Response code: 200
Response text: {"user_id":82150}
Response headers: {'Date': 'Thu, 12 Oct 2023 15:20:32 GMT', 'Content-Type': 'application/json', 'Content-Length': '17', 'Connection': 'keep-alive', 'Keep-Alive': 'timeout=10', 'Server': 'Apache', 'Set-Cookie': 'auth_sid=5ff388e1c5dfc3008063d59af8a1f25cd70d75a0b625d3dbdb55be6cdd597acc', 'x-csrf-token': 'c7c61a0e0a23e531af87d02ec416bd9ff5b4ce52d70d75a0b625d3dbdb55be6cdd597acc', 'Cache-Control': 'max-age=0', 'Expires': 'Thu, 12 Oct 2023 15:20:32 GMT'}
Response cookies: {'auth_sid': '5ff388e1c5dfc3008063d59af8a1f25cd70d75a0b625d3dbdb55be6cdd597acc'}

-----

-----
Test: tests/test_user_edit.py::TestUserEdit::test_edit_user_authorized_as_another_user (call)
Time: 2023-10-12 19:20:34.493732
Request method: PUT
Request URL: https://playground.learnqa.ru/api_dev/user/82149
Request data: {'firstName': 'Changed Name By Another User'}
Request headers: {'x-csrf-token': 'c7c61a0e0a23e531af87d02ec416bd9ff5b4ce52d70d75a0b625d3dbdb55be6cdd597acc'}
Request cookies: {'auth_sid': '5ff388e1c5dfc3008063d59af8a1f25cd70d75a0b625d3dbdb55be6cdd597acc'}

Response code: 200
Response text: 
Response headers: {'Date': 'Thu, 12 Oct 2023 15:20:33 GMT', 'Content-Type': 'text/html; charset=utf-8', 'Content-Length': '0', 'Connection': 'keep-alive', 'Keep-Alive': 'timeout=10', 'Server': 'Apache', 'Cache-Control': 'max-age=0', 'Expires': 'Thu, 12 Oct 2023 15:20:32 GMT'}
Response cookies: {}

-----

-----
Test: tests/test_user_edit.py::TestUserEdit::test_edit_user_invalid_email (call)
Time: 2023-10-12 19:20:35.474052
Request method: POST
Request URL: https://playground.learnqa.ru/api_dev/user/
Request data: {'password': '123', 'username': 'learnqa', 'firstName': 'Test', 'lastName': 'Example', 'email': 'test10122023192035@example.com'}
Request headers: {}
Request cookies: {}

Response code: 200
Response text: {"id":"82151"}
Response headers: {'Date': 'Thu, 12 Oct 2023 15:20:34 GMT', 'Content-Type': 'application/json', 'Content-Length': '14', 'Connection': 'keep-alive', 'Keep-Alive': 'timeout=10', 'Server': 'Apache', 'Cache-Control': 'max-age=0', 'Expires': 'Thu, 12 Oct 2023 15:20:33 GMT'}
Response cookies: {}

-----

-----
Test: tests/test_user_edit.py::TestUserEdit::test_edit_user_invalid_email (call)
Time: 2023-10-12 19:20:36.349208
Request method: POST
Request URL: https://playground.learnqa.ru/api_dev/user/login
Request data: {'email': 'test10122023192035@example.com', 'password': '123'}
Request headers: {}
Request cookies: {}

Response code: 200
Response text: {"user_id":82151}
Response headers: {'Date': 'Thu, 12 Oct 2023 15:20:34 GMT', 'Content-Type': 'application/json', 'Content-Length': '17', 'Connection': 'keep-alive', 'Keep-Alive': 'timeout=10', 'Server': 'Apache', 'Set-Cookie': 'auth_sid=641279a48657e87fce6666a66b9f52751f783bdb821fd3a506b3b2409851db44', 'x-csrf-token': '5cbd23c9e8b1b319571049d038622e4bcd0628631f783bdb821fd3a506b3b2409851db44', 'Cache-Control': 'max-age=0', 'Expires': 'Thu, 12 Oct 2023 15:20:34 GMT'}
Response cookies: {'auth_sid': '641279a48657e87fce6666a66b9f52751f783bdb821fd3a506b3b2409851db44'}

-----

-----
Test: tests/test_user_edit.py::TestUserEdit::test_edit_user_invalid_email (call)
Time: 2023-10-12 19:20:36.716052
Request method: PUT
Request URL: https://playground.learnqa.ru/api_dev/user/82151
Request data: {'email': 'invalidemail.com'}
Request headers: {'x-csrf-token': '5cbd23c9e8b1b319571049d038622e4bcd0628631f783bdb821fd3a506b3b2409851db44'}
Request cookies: {'auth_sid': '641279a48657e87fce6666a66b9f52751f783bdb821fd3a506b3b2409851db44'}

Response code: 400
Response text: Invalid email format
Response headers: {'Date': 'Thu, 12 Oct 2023 15:20:35 GMT', 'Content-Type': 'text/html; charset=utf-8', 'Content-Length': '20', 'Connection': 'keep-alive', 'Keep-Alive': 'timeout=10', 'Server': 'Apache'}
Response cookies: {}

-----

-----
Test: tests/test_user_edit.py::TestUserEdit::test_edit_user_short_first_name (call)
Time: 2023-10-12 19:20:37.715877
Request method: POST
Request URL: https://playground.learnqa.ru/api_dev/user/
Request data: {'password': '123', 'username': 'learnqa', 'firstName': 'Test', 'lastName': 'Example', 'email': 'test10122023192037@example.com'}
Request headers: {}
Request cookies: {}

Response code: 200
Response text: {"id":"82152"}
Response headers: {'Date': 'Thu, 12 Oct 2023 15:20:36 GMT', 'Content-Type': 'application/json', 'Content-Length': '14', 'Connection': 'keep-alive', 'Keep-Alive': 'timeout=10', 'Server': 'Apache', 'Cache-Control': 'max-age=0', 'Expires': 'Thu, 12 Oct 2023 15:20:36 GMT'}
Response cookies: {}

-----

-----
Test: tests/test_user_edit.py::TestUserEdit::test_edit_user_short_first_name (call)
Time: 2023-10-12 19:20:38.587283
Request method: POST
Request URL: https://playground.learnqa.ru/api_dev/user/login
Request data: {'email': 'test10122023192037@example.com', 'password': '123'}
Request headers: {}
Request cookies: {}

Response code: 200
Response text: {"user_id":82152}
Response headers: {'Date': 'Thu, 12 Oct 2023 15:20:37 GMT', 'Content-Type': 'application/json', 'Content-Length': '17', 'Connection': 'keep-alive', 'Keep-Alive': 'timeout=10', 'Server': 'Apache', 'Set-Cookie': 'auth_sid=6fb5476f9d69147b75c871a1c25d1f370470a878d45cad129438da1a5f20860c', 'x-csrf-token': '2d771a99c3d0d341c83e186917be9ffe27b962420470a878d45cad129438da1a5f20860c', 'Cache-Control': 'max-age=0', 'Expires': 'Thu, 12 Oct 2023 15:20:36 GMT'}
Response cookies: {'auth_sid': '6fb5476f9d69147b75c871a1c25d1f370470a878d45cad129438da1a5f20860c'}

-----

-----
Test: tests/test_user_edit.py::TestUserEdit::test_edit_user_short_first_name (call)
Time: 2023-10-12 19:20:38.963966
Request method: PUT
Request URL: https://playground.learnqa.ru/api_dev/user/82152
Request data: {'firstName': 'A'}
Request headers: {'x-csrf-token': '2d771a99c3d0d341c83e186917be9ffe27b962420470a878d45cad129438da1a5f20860c'}
Request cookies: {'auth_sid': '6fb5476f9d69147b75c871a1c25d1f370470a878d45cad129438da1a5f20860c'}

Response code: 400
Response text: {"error":"Too short value for field firstName"}
Response headers: {'Date': 'Thu, 12 Oct 2023 15:20:37 GMT', 'Content-Type': 'application/json', 'Content-Length': '47', 'Connection': 'keep-alive', 'Keep-Alive': 'timeout=10', 'Server': 'Apache'}
Response cookies: {}

-----

-----
Test: tests/test_user_get.py::TestUserGet::test_get_user_details_not_auth (call)
Time: 2023-10-12 19:20:39.943953
Request method: GET
Request URL: https://playground.learnqa.ru/api_dev/user/2
Request data: None
Request headers: {}
Request cookies: {}

Response code: 200
Response text: {"username":"Vitaliy"}
Response headers: {'Date': 'Thu, 12 Oct 2023 15:20:39 GMT', 'Content-Type': 'application/json', 'Transfer-Encoding': 'chunked', 'Connection': 'keep-alive', 'Keep-Alive': 'timeout=10', 'Vary': 'Accept-Encoding', 'Server': 'Apache', 'Cache-Control': 'max-age=0', 'Expires': 'Thu, 12 Oct 2023 15:20:38 GMT', 'Content-Encoding': 'gzip'}
Response cookies: {}

-----

-----
Test: tests/test_user_get.py::TestUserGet::test_get_user_details_auth_as_same_user (call)
Time: 2023-10-12 19:20:40.978126
Request method: POST
Request URL: https://playground.learnqa.ru/api_dev/user/login
Request data: {'email': 'vinkotov@example.com', 'password': '1234'}
Request headers: {}
Request cookies: {}

Response code: 200
Response text: {"user_id":2}
Response headers: {'Date': 'Thu, 12 Oct 2023 15:20:39 GMT', 'Content-Type': 'application/json', 'Content-Length': '13', 'Connection': 'keep-alive', 'Keep-Alive': 'timeout=10', 'Server': 'Apache', 'Set-Cookie': 'auth_sid=60d2f3995eda8583d0378937d568abf902e94918f1549272bcf2cafc2634fd9d', 'x-csrf-token': '485172ee97a50da9c8aad942f817f436d9e1e7ac02e94918f1549272bcf2cafc2634fd9d', 'Cache-Control': 'max-age=0', 'Expires': 'Thu, 12 Oct 2023 15:20:39 GMT'}
Response cookies: {'auth_sid': '60d2f3995eda8583d0378937d568abf902e94918f1549272bcf2cafc2634fd9d'}

-----

-----
Test: tests/test_user_get.py::TestUserGet::test_get_user_details_auth_as_same_user (call)
Time: 2023-10-12 19:20:41.410253
Request method: GET
Request URL: https://playground.learnqa.ru/api_dev/user/2
Request data: None
Request headers: {'x-csrf-token': '485172ee97a50da9c8aad942f817f436d9e1e7ac02e94918f1549272bcf2cafc2634fd9d'}
Request cookies: {'auth_sid': '60d2f3995eda8583d0378937d568abf902e94918f1549272bcf2cafc2634fd9d'}

Response code: 200
Response text: {"id":"2","username":"Vitaliy","email":"vinkotov@example.com","firstName":"Vitalii","lastName":"Kotov"}
Response headers: {'Date': 'Thu, 12 Oct 2023 15:20:40 GMT', 'Content-Type': 'application/json', 'Transfer-Encoding': 'chunked', 'Connection': 'keep-alive', 'Keep-Alive': 'timeout=10', 'Vary': 'Accept-Encoding', 'Server': 'Apache', 'Cache-Control': 'max-age=0', 'Expires': 'Thu, 12 Oct 2023 15:20:39 GMT', 'Content-Encoding': 'gzip'}
Response cookies: {}

-----

-----
Test: tests/test_user_get.py::TestUserGet::test_get_another_user_data_after_auth (call)
Time: 2023-10-12 19:20:42.391871
Request method: POST
Request URL: https://playground.learnqa.ru/api_dev/user/login
Request data: {'email': 'vinkotov@example.com', 'password': '1234'}
Request headers: {}
Request cookies: {}

Response code: 200
Response text: {"user_id":2}
Response headers: {'Date': 'Thu, 12 Oct 2023 15:20:41 GMT', 'Content-Type': 'application/json', 'Content-Length': '13', 'Connection': 'keep-alive', 'Keep-Alive': 'timeout=10', 'Server': 'Apache', 'Set-Cookie': 'auth_sid=e0b00fb9b73a59abf30034d559ebecc302e94918f1549272bcf2cafc2634fd9d', 'x-csrf-token': '1d06b66c0eead43f6423ebd1e2a0221f72a3c85302e94918f1549272bcf2cafc2634fd9d', 'Cache-Control': 'max-age=0', 'Expires': 'Thu, 12 Oct 2023 15:20:41 GMT'}
Response cookies: {'auth_sid': 'e0b00fb9b73a59abf30034d559ebecc302e94918f1549272bcf2cafc2634fd9d'}

-----

-----
Test: tests/test_user_get.py::TestUserGet::test_get_another_user_data_after_auth (call)
Time: 2023-10-12 19:20:43.274200
Request method: GET
Request URL: https://playground.learnqa.ru/api_dev/user/1
Request data: None
Request headers: {'x-csrf-token': '1d06b66c0eead43f6423ebd1e2a0221f72a3c85302e94918f1549272bcf2cafc2634fd9d'}
Request cookies: {'auth_sid': 'e0b00fb9b73a59abf30034d559ebecc302e94918f1549272bcf2cafc2634fd9d'}

Response code: 200
Response text: {"username":"Lana"}
Response headers: {'Date': 'Thu, 12 Oct 2023 15:20:42 GMT', 'Content-Type': 'application/json', 'Content-Length': '19', 'Connection': 'keep-alive', 'Keep-Alive': 'timeout=10', 'Server': 'Apache', 'Cache-Control': 'max-age=0', 'Expires': 'Thu, 12 Oct 2023 15:20:41 GMT'}
Response cookies: {}

-----

-----
Test: tests/test_user_register.py::TestUserRegister::test_create_user_successfully (call)
Time: 2023-10-12 19:20:44.305285
Request method: POST
Request URL: https://playground.learnqa.ru/api_dev/user/
Request data: {'password': '123', 'username': 'learnqa', 'firstName': 'Test', 'lastName': 'Example', 'email': 'test10122023192044@example.com'}
Request headers: {}
Request cookies: {}

Response code: 200
Response text: {"id":"82153"}
Response headers: {'Date': 'Thu, 12 Oct 2023 15:20:43 GMT', 'Content-Type': 'application/json', 'Content-Length': '14', 'Connection': 'keep-alive', 'Keep-Alive': 'timeout=10', 'Server': 'Apache', 'Cache-Control': 'max-age=0', 'Expires': 'Thu, 12 Oct 2023 15:20:42 GMT'}
Response cookies: {}

-----

-----
Test: tests/test_user_register.py::TestUserRegister::test_create_user_with_existing_email (call)
Time: 2023-10-12 19:20:45.237684
Request method: POST
Request URL: https://playground.learnqa.ru/api_dev/user/
Request data: {'password': '123', 'username': 'learnqa', 'firstName': 'Test', 'lastName': 'Example', 'email': 'test@example.com'}
Request headers: {}
Request cookies: {}

Response code: 400
Response text: Users with email 'test@example.com' already exists
Response headers: {'Date': 'Thu, 12 Oct 2023 15:20:44 GMT', 'Content-Type': 'text/html; charset=utf-8', 'Content-Length': '50', 'Connection': 'keep-alive', 'Keep-Alive': 'timeout=10', 'Server': 'Apache'}
Response cookies: {}

-----

-----
Test: tests/test_user_register.py::TestUserRegister::test_create_user_with_invalid_email (call)
Time: 2023-10-12 19:20:46.119044
Request method: POST
Request URL: https://playground.learnqa.ru/api_dev/user/
Request data: {'password': '123', 'username': 'learnqa', 'firstName': 'Test', 'lastName': 'Example', 'email': 'testemail.com'}
Request headers: {}
Request cookies: {}

Response code: 400
Response text: Invalid email format
Response headers: {'Date': 'Thu, 12 Oct 2023 15:20:45 GMT', 'Content-Type': 'text/html; charset=utf-8', 'Content-Length': '20', 'Connection': 'keep-alive', 'Keep-Alive': 'timeout=10', 'Server': 'Apache'}
Response cookies: {}

-----

-----
Test: tests/test_user_register.py::TestUserRegister::test_create_user_without_field[username] (call)
Time: 2023-10-12 19:20:46.993656
Request method: POST
Request URL: https://playground.learnqa.ru/api_dev/user/
Request data: {'password': '123', 'firstName': 'Test', 'lastName': 'Example', 'email': 'test10122023192046@example.com'}
Request headers: {}
Request cookies: {}

Response code: 400
Response text: The following required params are missed: username
Response headers: {'Date': 'Thu, 12 Oct 2023 15:20:45 GMT', 'Content-Type': 'text/html; charset=utf-8', 'Content-Length': '50', 'Connection': 'keep-alive', 'Keep-Alive': 'timeout=10', 'Server': 'Apache'}
Response cookies: {}

-----

-----
Test: tests/test_user_register.py::TestUserRegister::test_create_user_without_field[password] (call)
Time: 2023-10-12 19:20:47.856655
Request method: POST
Request URL: https://playground.learnqa.ru/api_dev/user/
Request data: {'username': 'learnqa', 'firstName': 'Test', 'lastName': 'Example', 'email': 'test10122023192047@example.com'}
Request headers: {}
Request cookies: {}

Response code: 400
Response text: The following required params are missed: password
Response headers: {'Date': 'Thu, 12 Oct 2023 15:20:46 GMT', 'Content-Type': 'text/html; charset=utf-8', 'Content-Length': '50', 'Connection': 'keep-alive', 'Keep-Alive': 'timeout=10', 'Server': 'Apache'}
Response cookies: {}

-----

-----
Test: tests/test_user_register.py::TestUserRegister::test_create_user_without_field[email] (call)
Time: 2023-10-12 19:20:48.785263
Request method: POST
Request URL: https://playground.learnqa.ru/api_dev/user/
Request data: {'password': '123', 'username': 'learnqa', 'firstName': 'Test', 'lastName': 'Example'}
Request headers: {}
Request cookies: {}

Response code: 400
Response text: The following required params are missed: email
Response headers: {'Date': 'Thu, 12 Oct 2023 15:20:47 GMT', 'Content-Type': 'text/html; charset=utf-8', 'Content-Length': '47', 'Connection': 'keep-alive', 'Keep-Alive': 'timeout=10', 'Server': 'Apache'}
Response cookies: {}

-----

-----
Test: tests/test_user_register.py::TestUserRegister::test_create_user_without_field[firstName] (call)
Time: 2023-10-12 19:20:49.714146
Request method: POST
Request URL: https://playground.learnqa.ru/api_dev/user/
Request data: {'password': '123', 'username': 'learnqa', 'lastName': 'Example', 'email': 'test10122023192049@example.com'}
Request headers: {}
Request cookies: {}

Response code: 400
Response text: The following required params are missed: firstName
Response headers: {'Date': 'Thu, 12 Oct 2023 15:20:48 GMT', 'Content-Type': 'text/html; charset=utf-8', 'Content-Length': '51', 'Connection': 'keep-alive', 'Keep-Alive': 'timeout=10', 'Server': 'Apache'}
Response cookies: {}

-----

-----
Test: tests/test_user_register.py::TestUserRegister::test_create_user_without_field[lastName] (call)
Time: 2023-10-12 19:20:50.621945
Request method: POST
Request URL: https://playground.learnqa.ru/api_dev/user/
Request data: {'password': '123', 'username': 'learnqa', 'firstName': 'Test', 'email': 'test10122023192050@example.com'}
Request headers: {}
Request cookies: {}

Response code: 400
Response text: The following required params are missed: lastName
Response headers: {'Date': 'Thu, 12 Oct 2023 15:20:49 GMT', 'Content-Type': 'text/html; charset=utf-8', 'Content-Length': '50', 'Connection': 'keep-alive', 'Keep-Alive': 'timeout=10', 'Server': 'Apache'}
Response cookies: {}

-----

-----
Test: tests/test_user_register.py::TestUserRegister::test_create_user_with_short_name (call)
Time: 2023-10-12 19:20:51.494051
Request method: POST
Request URL: https://playground.learnqa.ru/api_dev/user/
Request data: {'password': '123', 'username': 'learnqa', 'firstName': 'A', 'lastName': 'Example', 'email': 'test10122023192051@example.com'}
Request headers: {}
Request cookies: {}

Response code: 400
Response text: The value of 'firstName' field is too short
Response headers: {'Date': 'Thu, 12 Oct 2023 15:20:50 GMT', 'Content-Type': 'text/html; charset=utf-8', 'Content-Length': '43', 'Connection': 'keep-alive', 'Keep-Alive': 'timeout=10', 'Server': 'Apache'}
Response cookies: {}

-----

-----
Test: tests/test_user_register.py::TestUserRegister::test_create_user_with_long_name (call)
Time: 2023-10-12 19:20:52.389234
Request method: POST
Request URL: https://playground.learnqa.ru/api_dev/user/
Request data: {'password': '123', 'username': 'learnqa', 'firstName': 'AAAAAAAAAAAAAAAAAAAAAAAAAAAAAAAAAAAAAAAAAAAAAAAAAAAAAAAAAAAAAAAAAAAAAAAAAAAAAAAAAAAAAAAAAAAAAAAAAAAAAAAAAAAAAAAAAAAAAAAAAAAAAAAAAAAAAAAAAAAAAAAAAAAAAAAAAAAAAAAAAAAAAAAAAAAAAAAAAAAAAAAAAAAAAAAAAAAAAAAAAAAAAAAAAAAAAAAAAAAAAAAAAAAAAAAAAAAAAAAAAAAAAAAAAAA', 'lastName': 'Example', 'email': 'test10122023192052@example.com'}
Request headers: {}
Request cookies: {}

Response code: 400
Response text: The value of 'firstName' field is too long
Response headers: {'Date': 'Thu, 12 Oct 2023 15:20:51 GMT', 'Content-Type': 'text/html; charset=utf-8', 'Content-Length': '42', 'Connection': 'keep-alive', 'Keep-Alive': 'timeout=10', 'Server': 'Apache'}
Response cookies: {}

-----
