
-----
Test: tests/test_user_auth.py::TestUserAuth::test_auth_user (setup)
Time: 2023-10-12 19:21:25.415128
Request method: POST
Request URL: https://playground.learnqa.ru/api/user/login
Request data: {'email': 'vinkotov@example.com', 'password': '1234'}
Request headers: {}
Request cookies: {}

Response code: 200
Response text: {"user_id":2}
Response headers: {'Date': 'Thu, 12 Oct 2023 15:21:23 GMT', 'Content-Type': 'application/json', 'Content-Length': '13', 'Connection': 'keep-alive', 'Keep-Alive': 'timeout=10', 'Server': 'Apache', 'Set-Cookie': 'auth_sid=d9f5f74e27ce1569a38ae64839cc717702e94918f1549272bcf2cafc2634fd9d', 'x-csrf-token': 'c8839454bc3db51921716f2ea1f9bb5e077eaa0e02e94918f1549272bcf2cafc2634fd9d', 'Cache-Control': 'max-age=0', 'Expires': 'Thu, 12 Oct 2023 15:21:23 GMT'}
Response cookies: {'auth_sid': 'd9f5f74e27ce1569a38ae64839cc717702e94918f1549272bcf2cafc2634fd9d'}

-----

-----
Test: tests/test_user_auth.py::TestUserAuth::test_auth_user (call)
Time: 2023-10-12 19:21:25.844483
Request method: GET
Request URL: https://playground.learnqa.ru/api/user/auth
Request data: None
Request headers: {'x-csrf-token': 'c8839454bc3db51921716f2ea1f9bb5e077eaa0e02e94918f1549272bcf2cafc2634fd9d'}
Request cookies: {'auth_sid': 'd9f5f74e27ce1569a38ae64839cc717702e94918f1549272bcf2cafc2634fd9d'}

Response code: 200
Response text: {"user_id":2}
Response headers: {'Date': 'Thu, 12 Oct 2023 15:21:24 GMT', 'Content-Type': 'application/json', 'Content-Length': '13', 'Connection': 'keep-alive', 'Keep-Alive': 'timeout=10', 'Server': 'Apache', 'Cache-Control': 'max-age=0', 'Expires': 'Thu, 12 Oct 2023 15:21:24 GMT'}
Response cookies: {}

-----

-----
Test: tests/test_user_auth.py::TestUserAuth::test_negative_auth_check[no_cookie] (setup)
Time: 2023-10-12 19:21:26.371990
Request method: POST
Request URL: https://playground.learnqa.ru/api/user/login
Request data: {'email': 'vinkotov@example.com', 'password': '1234'}
Request headers: {}
Request cookies: {}

Response code: 200
Response text: {"user_id":2}
Response headers: {'Date': 'Thu, 12 Oct 2023 15:21:24 GMT', 'Content-Type': 'application/json', 'Content-Length': '13', 'Connection': 'keep-alive', 'Keep-Alive': 'timeout=10', 'Server': 'Apache', 'Set-Cookie': 'auth_sid=a592b76dc90f2c7279319ddf0453451502e94918f1549272bcf2cafc2634fd9d', 'x-csrf-token': 'b867cd8248e0e130bf5319b2174910d45ac8529202e94918f1549272bcf2cafc2634fd9d', 'Cache-Control': 'max-age=0', 'Expires': 'Thu, 12 Oct 2023 15:21:24 GMT'}
Response cookies: {'auth_sid': 'a592b76dc90f2c7279319ddf0453451502e94918f1549272bcf2cafc2634fd9d'}

-----

-----
Test: tests/test_user_auth.py::TestUserAuth::test_negative_auth_check[no_cookie] (call)
Time: 2023-10-12 19:21:26.728215
Request method: GET
Request URL: https://playground.learnqa.ru/api/user/auth
Request data: None
Request headers: {'x-csrf-token': 'b867cd8248e0e130bf5319b2174910d45ac8529202e94918f1549272bcf2cafc2634fd9d'}
Request cookies: {}

Response code: 200
Response text: {"user_id":0}
Response headers: {'Date': 'Thu, 12 Oct 2023 15:21:25 GMT', 'Content-Type': 'application/json', 'Content-Length': '13', 'Connection': 'keep-alive', 'Keep-Alive': 'timeout=10', 'Server': 'Apache', 'Cache-Control': 'max-age=0', 'Expires': 'Thu, 12 Oct 2023 15:21:25 GMT'}
Response cookies: {}

-----

-----
Test: tests/test_user_auth.py::TestUserAuth::test_negative_auth_check[no_token] (setup)
Time: 2023-10-12 19:21:27.195498
Request method: POST
Request URL: https://playground.learnqa.ru/api/user/login
Request data: {'email': 'vinkotov@example.com', 'password': '1234'}
Request headers: {}
Request cookies: {}

Response code: 200
Response text: {"user_id":2}
Response headers: {'Date': 'Thu, 12 Oct 2023 15:21:25 GMT', 'Content-Type': 'application/json', 'Content-Length': '13', 'Connection': 'keep-alive', 'Keep-Alive': 'timeout=10', 'Server': 'Apache', 'Set-Cookie': 'auth_sid=fb3c972e55dcdf8757da557d4b0c333202e94918f1549272bcf2cafc2634fd9d', 'x-csrf-token': 'fc8a75f235b5d9a21aed95284724247f51d7cc2e02e94918f1549272bcf2cafc2634fd9d', 'Cache-Control': 'max-age=0', 'Expires': 'Thu, 12 Oct 2023 15:21:25 GMT'}
Response cookies: {'auth_sid': 'fb3c972e55dcdf8757da557d4b0c333202e94918f1549272bcf2cafc2634fd9d'}

-----

-----
Test: tests/test_user_auth.py::TestUserAuth::test_negative_auth_check[no_token] (call)
Time: 2023-10-12 19:21:27.558593
Request method: GET
Request URL: https://playground.learnqa.ru/api/user/auth
Request data: None
Request headers: {}
Request cookies: {'auth_sid': 'fb3c972e55dcdf8757da557d4b0c333202e94918f1549272bcf2cafc2634fd9d'}

Response code: 200
Response text: {"user_id":0}
Response headers: {'Date': 'Thu, 12 Oct 2023 15:21:26 GMT', 'Content-Type': 'application/json', 'Content-Length': '13', 'Connection': 'keep-alive', 'Keep-Alive': 'timeout=10', 'Server': 'Apache', 'Cache-Control': 'max-age=0', 'Expires': 'Thu, 12 Oct 2023 15:21:25 GMT'}
Response cookies: {}

-----

-----
Test: tests/test_user_auth.py::TestUserAuth::test_cookie (setup)
Time: 2023-10-12 19:21:28.036386
Request method: POST
Request URL: https://playground.learnqa.ru/api/user/login
Request data: {'email': 'vinkotov@example.com', 'password': '1234'}
Request headers: {}
Request cookies: {}

Response code: 200
Response text: {"user_id":2}
Response headers: {'Date': 'Thu, 12 Oct 2023 15:21:26 GMT', 'Content-Type': 'application/json', 'Content-Length': '13', 'Connection': 'keep-alive', 'Keep-Alive': 'timeout=10', 'Server': 'Apache', 'Set-Cookie': 'auth_sid=20d035363ef140207b97a74e37f6975d02e94918f1549272bcf2cafc2634fd9d', 'x-csrf-token': 'f032ce09129c476bcbf9c803e984eb8ff4d87c4902e94918f1549272bcf2cafc2634fd9d', 'Cache-Control': 'max-age=0', 'Expires': 'Thu, 12 Oct 2023 15:21:26 GMT'}
Response cookies: {'auth_sid': '20d035363ef140207b97a74e37f6975d02e94918f1549272bcf2cafc2634fd9d'}

-----

-----
Test: tests/test_user_auth.py::TestUserAuth::test_cookie (call)
Time: 2023-10-12 19:21:28.398014
Request method: GET
Request URL: https://playground.learnqa.ru/api/homework_cookie
Request data: None
Request headers: {}
Request cookies: {}

Response code: 200
Response text: 
Response headers: {'Date': 'Thu, 12 Oct 2023 15:21:26 GMT', 'Content-Type': 'text/html; charset=utf-8', 'Content-Length': '0', 'Connection': 'keep-alive', 'Keep-Alive': 'timeout=10', 'Server': 'Apache', 'Set-Cookie': 'HomeWork=hw_value; expires=Sun, 12-Nov-2023 15:21:26 GMT; Max-Age=2678400; path=/; domain=playground.learnqa.ru; HttpOnly', 'Cache-Control': 'max-age=0', 'Expires': 'Thu, 12 Oct 2023 15:21:26 GMT'}
Response cookies: {'HomeWork': 'hw_value'}

-----

-----
Test: tests/test_user_auth.py::TestUserAuth::test_homework_header (setup)
Time: 2023-10-12 19:21:28.759911
Request method: POST
Request URL: https://playground.learnqa.ru/api/user/login
Request data: {'email': 'vinkotov@example.com', 'password': '1234'}
Request headers: {}
Request cookies: {}

Response code: 200
Response text: {"user_id":2}
Response headers: {'Date': 'Thu, 12 Oct 2023 15:21:27 GMT', 'Content-Type': 'application/json', 'Content-Length': '13', 'Connection': 'keep-alive', 'Keep-Alive': 'timeout=10', 'Server': 'Apache', 'Set-Cookie': 'auth_sid=ca938ff8a3f350d716468c146c20ca7602e94918f1549272bcf2cafc2634fd9d', 'x-csrf-token': 'bb9fd72f2b31793b4e712b62cde94c181907eefe02e94918f1549272bcf2cafc2634fd9d', 'Cache-Control': 'max-age=0', 'Expires': 'Thu, 12 Oct 2023 15:21:27 GMT'}
Response cookies: {'auth_sid': 'ca938ff8a3f350d716468c146c20ca7602e94918f1549272bcf2cafc2634fd9d'}

-----

-----
Test: tests/test_user_auth.py::TestUserAuth::test_homework_header (call)
Time: 2023-10-12 19:21:29.113662
Request method: GET
Request URL: https://playground.learnqa.ru/api/homework_header
Request data: None
Request headers: {}
Request cookies: {}

Response code: 200
Response text: {"success":"!"}
Response headers: {'Date': 'Thu, 12 Oct 2023 15:21:27 GMT', 'Content-Type': 'application/json', 'Content-Length': '15', 'Connection': 'keep-alive', 'Keep-Alive': 'timeout=10', 'Server': 'Apache', 'x-secret-homework-header': 'Some secret value', 'Cache-Control': 'max-age=0', 'Expires': 'Thu, 12 Oct 2023 15:21:27 GMT'}
Response cookies: {}

-----

-----
Test: tests/test_user_auth.py::TestUserAuth::test_user_agent_check[Mozilla/5.0 (Linux; U; Android 4.0.2; en-us; Galaxy Nexus Build/ICL53F) AppleWebKit/534.30 (KHTML, like Gecko) Version/4.0 Mobile Safari/534.30-expected_values0] (setup)
Time: 2023-10-12 19:21:29.469991
Request method: POST
Request URL: https://playground.learnqa.ru/api/user/login
Request data: {'email': 'vinkotov@example.com', 'password': '1234'}
Request headers: {}
Request cookies: {}

Response code: 200
Response text: {"user_id":2}
Response headers: {'Date': 'Thu, 12 Oct 2023 15:21:27 GMT', 'Content-Type': 'application/json', 'Content-Length': '13', 'Connection': 'keep-alive', 'Keep-Alive': 'timeout=10', 'Server': 'Apache', 'Set-Cookie': 'auth_sid=ca938ff8a3f350d716468c146c20ca7602e94918f1549272bcf2cafc2634fd9d', 'x-csrf-token': 'dafb593bcddcb8f06ef279acbfaef597f8f9690e02e94918f1549272bcf2cafc2634fd9d', 'Cache-Control': 'max-age=0', 'Expires': 'Thu, 12 Oct 2023 15:21:27 GMT'}
Response cookies: {'auth_sid': 'ca938ff8a3f350d716468c146c20ca7602e94918f1549272bcf2cafc2634fd9d'}

-----

-----
Test: tests/test_user_auth.py::TestUserAuth::test_user_agent_check[Mozilla/5.0 (Linux; U; Android 4.0.2; en-us; Galaxy Nexus Build/ICL53F) AppleWebKit/534.30 (KHTML, like Gecko) Version/4.0 Mobile Safari/534.30-expected_values0] (call)
Time: 2023-10-12 19:21:29.823674
Request method: GET
Request URL: https://playground.learnqa.ru/api/user_agent_check
Request data: None
Request headers: {'User-Agent': 'Mozilla/5.0 (Linux; U; Android 4.0.2; en-us; Galaxy Nexus Build/ICL53F) AppleWebKit/534.30 (KHTML, like Gecko) Version/4.0 Mobile Safari/534.30'}
Request cookies: {}

Response code: 200
Response text: {"user_agent":"Mozilla\/5.0 (Linux; U; Android 4.0.2; en-us; Galaxy Nexus Build\/ICL53F) AppleWebKit\/534.30 (KHTML, like Gecko) Version\/4.0 Mobile Safari\/534.30","platform":"Mobile","browser":"No","device":"Android"}
Response headers: {'Date': 'Thu, 12 Oct 2023 15:21:28 GMT', 'Content-Type': 'application/json', 'Transfer-Encoding': 'chunked', 'Connection': 'keep-alive', 'Keep-Alive': 'timeout=10', 'Vary': 'Accept-Encoding', 'Server': 'Apache', 'Cache-Control': 'max-age=0', 'Expires': 'Thu, 12 Oct 2023 15:21:28 GMT', 'Content-Encoding': 'gzip'}
Response cookies: {}

-----

-----
Test: tests/test_user_auth.py::TestUserAuth::test_user_agent_check[Mozilla/5.0 (iPad; CPU OS 13_2 like Mac OS X) AppleWebKit/605.1.15 (KHTML, like Gecko) CriOS/91.0.4472.77 Mobile/15E148 Safari/604.1-expected_values1] (setup)
Time: 2023-10-12 19:21:30.182786
Request method: POST
Request URL: https://playground.learnqa.ru/api/user/login
Request data: {'email': 'vinkotov@example.com', 'password': '1234'}
Request headers: {}
Request cookies: {}

Response code: 200
Response text: {"user_id":2}
Response headers: {'Date': 'Thu, 12 Oct 2023 15:21:28 GMT', 'Content-Type': 'application/json', 'Content-Length': '13', 'Connection': 'keep-alive', 'Keep-Alive': 'timeout=10', 'Server': 'Apache', 'Set-Cookie': 'auth_sid=bef60902b66848979104ee0daa878aaf02e94918f1549272bcf2cafc2634fd9d', 'x-csrf-token': '55410b85d992fa4e7ce54c554f5d0ea465807a6a02e94918f1549272bcf2cafc2634fd9d', 'Cache-Control': 'max-age=0', 'Expires': 'Thu, 12 Oct 2023 15:21:28 GMT'}
Response cookies: {'auth_sid': 'bef60902b66848979104ee0daa878aaf02e94918f1549272bcf2cafc2634fd9d'}

-----

-----
Test: tests/test_user_auth.py::TestUserAuth::test_user_agent_check[Mozilla/5.0 (iPad; CPU OS 13_2 like Mac OS X) AppleWebKit/605.1.15 (KHTML, like Gecko) CriOS/91.0.4472.77 Mobile/15E148 Safari/604.1-expected_values1] (call)
Time: 2023-10-12 19:21:30.537029
Request method: GET
Request URL: https://playground.learnqa.ru/api/user_agent_check
Request data: None
Request headers: {'User-Agent': 'Mozilla/5.0 (iPad; CPU OS 13_2 like Mac OS X) AppleWebKit/605.1.15 (KHTML, like Gecko) CriOS/91.0.4472.77 Mobile/15E148 Safari/604.1'}
Request cookies: {}

Response code: 200
Response text: {"user_agent":"Mozilla\/5.0 (iPad; CPU OS 13_2 like Mac OS X) AppleWebKit\/605.1.15 (KHTML, like Gecko) CriOS\/91.0.4472.77 Mobile\/15E148 Safari\/604.1","platform":"Mobile","browser":"No","device":"iOS"}
Response headers: {'Date': 'Thu, 12 Oct 2023 15:21:28 GMT', 'Content-Type': 'application/json', 'Transfer-Encoding': 'chunked', 'Connection': 'keep-alive', 'Keep-Alive': 'timeout=10', 'Vary': 'Accept-Encoding', 'Server': 'Apache', 'Cache-Control': 'max-age=0', 'Expires': 'Thu, 12 Oct 2023 15:21:28 GMT', 'Content-Encoding': 'gzip'}
Response cookies: {}

-----

-----
Test: tests/test_user_auth.py::TestUserAuth::test_user_agent_check[Mozilla/5.0 (compatible; Googlebot/2.1; +http://www.google.com/bot.html)-expected_values2] (setup)
Time: 2023-10-12 19:21:30.907827
Request method: POST
Request URL: https://playground.learnqa.ru/api/user/login
Request data: {'email': 'vinkotov@example.com', 'password': '1234'}
Request headers: {}
Request cookies: {}

Response code: 200
Response text: {"user_id":2}
Response headers: {'Date': 'Thu, 12 Oct 2023 15:21:29 GMT', 'Content-Type': 'application/json', 'Content-Length': '13', 'Connection': 'keep-alive', 'Keep-Alive': 'timeout=10', 'Server': 'Apache', 'Set-Cookie': 'auth_sid=da6c28275bea9695bf28fd02746b8e4202e94918f1549272bcf2cafc2634fd9d', 'x-csrf-token': 'c27e9426476db9d66c219a2559adfb6f5a34924002e94918f1549272bcf2cafc2634fd9d', 'Cache-Control': 'max-age=0', 'Expires': 'Thu, 12 Oct 2023 15:21:29 GMT'}
Response cookies: {'auth_sid': 'da6c28275bea9695bf28fd02746b8e4202e94918f1549272bcf2cafc2634fd9d'}

-----

-----
Test: tests/test_user_auth.py::TestUserAuth::test_user_agent_check[Mozilla/5.0 (compatible; Googlebot/2.1; +http://www.google.com/bot.html)-expected_values2] (call)
Time: 2023-10-12 19:21:31.324291
Request method: GET
Request URL: https://playground.learnqa.ru/api/user_agent_check
Request data: None
Request headers: {'User-Agent': 'Mozilla/5.0 (compatible; Googlebot/2.1; +http://www.google.com/bot.html)'}
Request cookies: {}

Response code: 200
Response text: {"user_agent":"Mozilla\/5.0 (compatible; Googlebot\/2.1; +http:\/\/www.google.com\/bot.html)","platform":"Unknown","browser":"Unknown","device":"Unknown"}
Response headers: {'Date': 'Thu, 12 Oct 2023 15:21:29 GMT', 'Content-Type': 'application/json', 'Transfer-Encoding': 'chunked', 'Connection': 'keep-alive', 'Keep-Alive': 'timeout=10', 'Vary': 'Accept-Encoding', 'Server': 'Apache', 'Cache-Control': 'max-age=0', 'Expires': 'Thu, 12 Oct 2023 15:21:29 GMT', 'Content-Encoding': 'gzip'}
Response cookies: {}

-----

-----
Test: tests/test_user_auth.py::TestUserAuth::test_user_agent_check[Mozilla/5.0 (Windows NT 10.0; Win64; x64) AppleWebKit/537.36 (KHTML, like Gecko) Chrome/91.0.4472.77 Safari/537.36 Edg/91.0.100.0-expected_values3] (setup)
Time: 2023-10-12 19:21:31.690353
Request method: POST
Request URL: https://playground.learnqa.ru/api/user/login
Request data: {'email': 'vinkotov@example.com', 'password': '1234'}
Request headers: {}
Request cookies: {}

Response code: 200
Response text: {"user_id":2}
Response headers: {'Date': 'Thu, 12 Oct 2023 15:21:30 GMT', 'Content-Type': 'application/json', 'Content-Length': '13', 'Connection': 'keep-alive', 'Keep-Alive': 'timeout=10', 'Server': 'Apache', 'Set-Cookie': 'auth_sid=443ebe47b5a19afff9f5911c8837da5d02e94918f1549272bcf2cafc2634fd9d', 'x-csrf-token': '72f4769fc3940d5266b47d599ec68c48e69c4aa302e94918f1549272bcf2cafc2634fd9d', 'Cache-Control': 'max-age=0', 'Expires': 'Thu, 12 Oct 2023 15:21:30 GMT'}
Response cookies: {'auth_sid': '443ebe47b5a19afff9f5911c8837da5d02e94918f1549272bcf2cafc2634fd9d'}

-----

-----
Test: tests/test_user_auth.py::TestUserAuth::test_user_agent_check[Mozilla/5.0 (Windows NT 10.0; Win64; x64) AppleWebKit/537.36 (KHTML, like Gecko) Chrome/91.0.4472.77 Safari/537.36 Edg/91.0.100.0-expected_values3] (call)
Time: 2023-10-12 19:21:32.049170
Request method: GET
Request URL: https://playground.learnqa.ru/api/user_agent_check
Request data: None
Request headers: {'User-Agent': 'Mozilla/5.0 (Windows NT 10.0; Win64; x64) AppleWebKit/537.36 (KHTML, like Gecko) Chrome/91.0.4472.77 Safari/537.36 Edg/91.0.100.0'}
Request cookies: {}

Response code: 200
Response text: {"user_agent":"Mozilla\/5.0 (Windows NT 10.0; Win64; x64) AppleWebKit\/537.36 (KHTML, like Gecko) Chrome\/91.0.4472.77 Safari\/537.36 Edg\/91.0.100.0","platform":"Web","browser":"Chrome","device":"No"}
Response headers: {'Date': 'Thu, 12 Oct 2023 15:21:30 GMT', 'Content-Type': 'application/json', 'Transfer-Encoding': 'chunked', 'Connection': 'keep-alive', 'Keep-Alive': 'timeout=10', 'Vary': 'Accept-Encoding', 'Server': 'Apache', 'Cache-Control': 'max-age=0', 'Expires': 'Thu, 12 Oct 2023 15:21:30 GMT', 'Content-Encoding': 'gzip'}
Response cookies: {}

-----

-----
Test: tests/test_user_auth.py::TestUserAuth::test_user_agent_check[Mozilla/5.0 (iPad; CPU iPhone OS 13_2_3 like Mac OS X) AppleWebKit/605.1.15 (KHTML, like Gecko) Version/13.0.3 Mobile/15E148 Safari/604.1-expected_values4] (setup)
Time: 2023-10-12 19:21:32.405711
Request method: POST
Request URL: https://playground.learnqa.ru/api/user/login
Request data: {'email': 'vinkotov@example.com', 'password': '1234'}
Request headers: {}
Request cookies: {}

Response code: 200
Response text: {"user_id":2}
Response headers: {'Date': 'Thu, 12 Oct 2023 15:21:30 GMT', 'Content-Type': 'application/json', 'Content-Length': '13', 'Connection': 'keep-alive', 'Keep-Alive': 'timeout=10', 'Server': 'Apache', 'Set-Cookie': 'auth_sid=7e879db6180782904490dd5a062b1ed102e94918f1549272bcf2cafc2634fd9d', 'x-csrf-token': 'ed776c8f59f9987b2ab4f09b41d957c20e14fd9502e94918f1549272bcf2cafc2634fd9d', 'Cache-Control': 'max-age=0', 'Expires': 'Thu, 12 Oct 2023 15:21:30 GMT'}
Response cookies: {'auth_sid': '7e879db6180782904490dd5a062b1ed102e94918f1549272bcf2cafc2634fd9d'}

-----

-----
Test: tests/test_user_auth.py::TestUserAuth::test_user_agent_check[Mozilla/5.0 (iPad; CPU iPhone OS 13_2_3 like Mac OS X) AppleWebKit/605.1.15 (KHTML, like Gecko) Version/13.0.3 Mobile/15E148 Safari/604.1-expected_values4] (call)
Time: 2023-10-12 19:21:32.808458
Request method: GET
Request URL: https://playground.learnqa.ru/api/user_agent_check
Request data: None
Request headers: {'User-Agent': 'Mozilla/5.0 (iPad; CPU iPhone OS 13_2_3 like Mac OS X) AppleWebKit/605.1.15 (KHTML, like Gecko) Version/13.0.3 Mobile/15E148 Safari/604.1'}
Request cookies: {}

Response code: 200
Response text: {"user_agent":"Mozilla\/5.0 (iPad; CPU iPhone OS 13_2_3 like Mac OS X) AppleWebKit\/605.1.15 (KHTML, like Gecko) Version\/13.0.3 Mobile\/15E148 Safari\/604.1","platform":"Mobile","browser":"No","device":"Unknown"}
Response headers: {'Date': 'Thu, 12 Oct 2023 15:21:31 GMT', 'Content-Type': 'application/json', 'Transfer-Encoding': 'chunked', 'Connection': 'keep-alive', 'Keep-Alive': 'timeout=10', 'Vary': 'Accept-Encoding', 'Server': 'Apache', 'Cache-Control': 'max-age=0', 'Expires': 'Thu, 12 Oct 2023 15:21:31 GMT', 'Content-Encoding': 'gzip'}
Response cookies: {}

-----

-----
Test: tests/test_user_auth.py::TestUserAuth::test_summary (setup)
Time: 2023-10-12 19:21:33.220414
Request method: POST
Request URL: https://playground.learnqa.ru/api/user/login
Request data: {'email': 'vinkotov@example.com', 'password': '1234'}
Request headers: {}
Request cookies: {}

Response code: 200
Response text: {"user_id":2}
Response headers: {'Date': 'Thu, 12 Oct 2023 15:21:31 GMT', 'Content-Type': 'application/json', 'Content-Length': '13', 'Connection': 'keep-alive', 'Keep-Alive': 'timeout=10', 'Server': 'Apache', 'Set-Cookie': 'auth_sid=6ddfa41dc0ed7cfb14b27491ea0761aa02e94918f1549272bcf2cafc2634fd9d', 'x-csrf-token': '726b50bf3c7283d9c95aaad997f9f46ee301c88102e94918f1549272bcf2cafc2634fd9d', 'Cache-Control': 'max-age=0', 'Expires': 'Thu, 12 Oct 2023 15:21:31 GMT'}
Response cookies: {'auth_sid': '6ddfa41dc0ed7cfb14b27491ea0761aa02e94918f1549272bcf2cafc2634fd9d'}

-----

-----
Test: tests/test_user_delete.py::TestUserDelete::test_delete_user_2 (call)
Time: 2023-10-12 19:21:33.728606
Request method: POST
Request URL: https://playground.learnqa.ru/api/user/login
Request data: {'email': 'vinkotov@example.com', 'password': '1234'}
Request headers: {}
Request cookies: {}

Response code: 200
Response text: {"user_id":2}
Response headers: {'Date': 'Thu, 12 Oct 2023 15:21:32 GMT', 'Content-Type': 'application/json', 'Content-Length': '13', 'Connection': 'keep-alive', 'Keep-Alive': 'timeout=10', 'Server': 'Apache', 'Set-Cookie': 'auth_sid=203208d9d9be7307a15d85a717c08fa402e94918f1549272bcf2cafc2634fd9d', 'x-csrf-token': 'c2684b7d2916510b0cb8c2937f1d5d84bc6ca1eb02e94918f1549272bcf2cafc2634fd9d', 'Cache-Control': 'max-age=0', 'Expires': 'Thu, 12 Oct 2023 15:21:32 GMT'}
Response cookies: {'auth_sid': '203208d9d9be7307a15d85a717c08fa402e94918f1549272bcf2cafc2634fd9d'}

-----

-----
Test: tests/test_user_delete.py::TestUserDelete::test_delete_user_2 (call)
Time: 2023-10-12 19:21:34.082785
Request method: DELETE
Request URL: https://playground.learnqa.ru/api/user/2
Request data: None
Request headers: {'x-csrf-token': 'c2684b7d2916510b0cb8c2937f1d5d84bc6ca1eb02e94918f1549272bcf2cafc2634fd9d'}
Request cookies: {'auth_sid': '203208d9d9be7307a15d85a717c08fa402e94918f1549272bcf2cafc2634fd9d'}

Response code: 400
Response text: Please, do not delete test users with ID 1, 2, 3, 4 or 5.
Response headers: {'Date': 'Thu, 12 Oct 2023 15:21:33 GMT', 'Content-Type': 'text/html; charset=utf-8', 'Content-Length': '57', 'Connection': 'keep-alive', 'Keep-Alive': 'timeout=10', 'Server': 'Apache'}
Response cookies: {}

-----

-----
Test: tests/test_user_delete.py::TestUserDelete::test_positive_delete_created_user (call)
Time: 2023-10-12 19:21:35.062928
Request method: POST
Request URL: https://playground.learnqa.ru/api/user/
Request data: {'password': '123', 'username': 'learnqa', 'firstName': 'Test', 'lastName': 'Example', 'email': 'test10122023192135@example.com'}
Request headers: {}
Request cookies: {}

Response code: 200
Response text: {"id":"82154"}
Response headers: {'Date': 'Thu, 12 Oct 2023 15:21:33 GMT', 'Content-Type': 'application/json', 'Content-Length': '14', 'Connection': 'keep-alive', 'Keep-Alive': 'timeout=10', 'Server': 'Apache', 'Cache-Control': 'max-age=0', 'Expires': 'Thu, 12 Oct 2023 15:21:33 GMT'}
Response cookies: {}

-----

-----
Test: tests/test_user_delete.py::TestUserDelete::test_positive_delete_created_user (call)
Time: 2023-10-12 19:21:35.934292
Request method: POST
Request URL: https://playground.learnqa.ru/api/user/login
Request data: {'email': 'test10122023192135@example.com', 'password': '123'}
Request headers: {}
Request cookies: {}

Response code: 200
Response text: {"user_id":82154}
Response headers: {'Date': 'Thu, 12 Oct 2023 15:21:34 GMT', 'Content-Type': 'application/json', 'Content-Length': '17', 'Connection': 'keep-alive', 'Keep-Alive': 'timeout=10', 'Server': 'Apache', 'Set-Cookie': 'auth_sid=da7c7c1d9c68881bb922da63b7e9a8de345216fb0ff2126f4ee9ced2e9ee448e', 'x-csrf-token': '2253151330b1e06711947135d165593464405e6b345216fb0ff2126f4ee9ced2e9ee448e', 'Cache-Control': 'max-age=0', 'Expires': 'Thu, 12 Oct 2023 15:21:34 GMT'}
Response cookies: {'auth_sid': 'da7c7c1d9c68881bb922da63b7e9a8de345216fb0ff2126f4ee9ced2e9ee448e'}

-----

-----
Test: tests/test_user_delete.py::TestUserDelete::test_positive_delete_created_user (call)
Time: 2023-10-12 19:21:36.308236
Request method: DELETE
Request URL: https://playground.learnqa.ru/api/user/82154
Request data: None
Request headers: {'x-csrf-token': '2253151330b1e06711947135d165593464405e6b345216fb0ff2126f4ee9ced2e9ee448e'}
Request cookies: {'auth_sid': 'da7c7c1d9c68881bb922da63b7e9a8de345216fb0ff2126f4ee9ced2e9ee448e'}

Response code: 200
Response text: 
Response headers: {'Date': 'Thu, 12 Oct 2023 15:21:35 GMT', 'Content-Type': 'text/html; charset=utf-8', 'Content-Length': '0', 'Connection': 'keep-alive', 'Keep-Alive': 'timeout=10', 'Server': 'Apache', 'Cache-Control': 'max-age=0', 'Expires': 'Thu, 12 Oct 2023 15:21:34 GMT'}
Response cookies: {}

-----

-----
Test: tests/test_user_delete.py::TestUserDelete::test_positive_delete_created_user (call)
Time: 2023-10-12 19:21:37.328886
Request method: GET
Request URL: https://playground.learnqa.ru/api/user/82154
Request data: None
Request headers: {}
Request cookies: {}

Response code: 404
Response text: User not found
Response headers: {'Date': 'Thu, 12 Oct 2023 15:21:36 GMT', 'Content-Type': 'text/html; charset=utf-8', 'Content-Length': '14', 'Connection': 'keep-alive', 'Keep-Alive': 'timeout=10', 'Server': 'Apache'}
Response cookies: {}

-----

-----
Test: tests/test_user_delete.py::TestUserDelete::test_delete_user_authorized_as_another_user (call)
Time: 2023-10-12 19:21:38.204324
Request method: POST
Request URL: https://playground.learnqa.ru/api/user/
Request data: {'password': '123', 'username': 'learnqa', 'firstName': 'Test', 'lastName': 'Example', 'email': 'test10122023192138@example.com'}
Request headers: {}
Request cookies: {}

Response code: 200
Response text: {"id":"82155"}
Response headers: {'Date': 'Thu, 12 Oct 2023 15:21:37 GMT', 'Content-Type': 'application/json', 'Content-Length': '14', 'Connection': 'keep-alive', 'Keep-Alive': 'timeout=10', 'Server': 'Apache', 'Cache-Control': 'max-age=0', 'Expires': 'Thu, 12 Oct 2023 15:21:36 GMT'}
Response cookies: {}

-----

-----
Test: tests/test_user_delete.py::TestUserDelete::test_delete_user_authorized_as_another_user (call)
Time: 2023-10-12 19:21:39.131586
Request method: POST
Request URL: https://playground.learnqa.ru/api/user/
Request data: {'password': '123', 'username': 'learnqa', 'firstName': 'Test', 'lastName': 'Example', 'email': 'test10122023192139@example.com'}
Request headers: {}
Request cookies: {}

Response code: 200
Response text: {"id":"82156"}
Response headers: {'Date': 'Thu, 12 Oct 2023 15:21:38 GMT', 'Content-Type': 'application/json', 'Content-Length': '14', 'Connection': 'keep-alive', 'Keep-Alive': 'timeout=10', 'Server': 'Apache', 'Cache-Control': 'max-age=0', 'Expires': 'Thu, 12 Oct 2023 15:21:37 GMT'}
Response cookies: {}

-----

-----
Test: tests/test_user_delete.py::TestUserDelete::test_delete_user_authorized_as_another_user (call)
Time: 2023-10-12 19:21:40.011261
Request method: POST
Request URL: https://playground.learnqa.ru/api/user/login
Request data: {'email': 'test10122023192139@example.com', 'password': '123'}
Request headers: {}
Request cookies: {}

Response code: 200
Response text: {"user_id":82156}
Response headers: {'Date': 'Thu, 12 Oct 2023 15:21:38 GMT', 'Content-Type': 'application/json', 'Content-Length': '17', 'Connection': 'keep-alive', 'Keep-Alive': 'timeout=10', 'Server': 'Apache', 'Set-Cookie': 'auth_sid=335b4d625320b0d2a2c688b51b449690aeef3e391a6c72007b8b67f0d870fede', 'x-csrf-token': '5ed427f0f245cf55c1a0d35f324905f7c1c08563aeef3e391a6c72007b8b67f0d870fede', 'Cache-Control': 'max-age=0', 'Expires': 'Thu, 12 Oct 2023 15:21:38 GMT'}
Response cookies: {'auth_sid': '335b4d625320b0d2a2c688b51b449690aeef3e391a6c72007b8b67f0d870fede'}

-----

-----
Test: tests/test_user_delete.py::TestUserDelete::test_delete_user_authorized_as_another_user (call)
Time: 2023-10-12 19:21:40.378770
Request method: DELETE
Request URL: https://playground.learnqa.ru/api/user/82155
Request data: None
Request headers: {'x-csrf-token': '5ed427f0f245cf55c1a0d35f324905f7c1c08563aeef3e391a6c72007b8b67f0d870fede'}
Request cookies: {'auth_sid': '335b4d625320b0d2a2c688b51b449690aeef3e391a6c72007b8b67f0d870fede'}

Response code: 200
Response text: 
Response headers: {'Date': 'Thu, 12 Oct 2023 15:21:39 GMT', 'Content-Type': 'text/html; charset=utf-8', 'Content-Length': '0', 'Connection': 'keep-alive', 'Keep-Alive': 'timeout=10', 'Server': 'Apache', 'Cache-Control': 'max-age=0', 'Expires': 'Thu, 12 Oct 2023 15:21:38 GMT'}
Response cookies: {}

-----

-----
Test: tests/test_user_edit.py::TestUserEdit::test_edit_just_created_user (call)
Time: 2023-10-12 19:21:41.369049
Request method: POST
Request URL: https://playground.learnqa.ru/api/user/
Request data: {'password': '123', 'username': 'learnqa', 'firstName': 'Test', 'lastName': 'Example', 'email': 'test10122023192141@example.com'}
Request headers: {}
Request cookies: {}

Response code: 200
Response text: {"id":"82157"}
Response headers: {'Date': 'Thu, 12 Oct 2023 15:21:40 GMT', 'Content-Type': 'application/json', 'Content-Length': '14', 'Connection': 'keep-alive', 'Keep-Alive': 'timeout=10', 'Server': 'Apache', 'Cache-Control': 'max-age=0', 'Expires': 'Thu, 12 Oct 2023 15:21:39 GMT'}
Response cookies: {}

-----

-----
Test: tests/test_user_edit.py::TestUserEdit::test_edit_just_created_user (call)
Time: 2023-10-12 19:21:42.240695
Request method: POST
Request URL: https://playground.learnqa.ru/api/user/login
Request data: {'email': 'test10122023192141@example.com', 'password': '123'}
Request headers: {}
Request cookies: {}

Response code: 200
Response text: {"user_id":82157}
Response headers: {'Date': 'Thu, 12 Oct 2023 15:21:40 GMT', 'Content-Type': 'application/json', 'Content-Length': '17', 'Connection': 'keep-alive', 'Keep-Alive': 'timeout=10', 'Server': 'Apache', 'Set-Cookie': 'auth_sid=c52f43afe765bc61d9cb352396d1222706ae6165c0900cc174939cecf29efff8', 'x-csrf-token': 'e6b295d3b5fec6b019a73182d2ee8690d0d968f706ae6165c0900cc174939cecf29efff8', 'Cache-Control': 'max-age=0', 'Expires': 'Thu, 12 Oct 2023 15:21:40 GMT'}
Response cookies: {'auth_sid': 'c52f43afe765bc61d9cb352396d1222706ae6165c0900cc174939cecf29efff8'}

-----

-----
Test: tests/test_user_edit.py::TestUserEdit::test_edit_just_created_user (call)
Time: 2023-10-12 19:21:42.618390
Request method: PUT
Request URL: https://playground.learnqa.ru/api/user/82157
Request data: {'firstName': 'Changed Name'}
Request headers: {'x-csrf-token': 'e6b295d3b5fec6b019a73182d2ee8690d0d968f706ae6165c0900cc174939cecf29efff8'}
Request cookies: {'auth_sid': 'c52f43afe765bc61d9cb352396d1222706ae6165c0900cc174939cecf29efff8'}

Response code: 200
Response text: 
Response headers: {'Date': 'Thu, 12 Oct 2023 15:21:41 GMT', 'Content-Type': 'text/html; charset=utf-8', 'Content-Length': '0', 'Connection': 'keep-alive', 'Keep-Alive': 'timeout=10', 'Server': 'Apache', 'Cache-Control': 'max-age=0', 'Expires': 'Thu, 12 Oct 2023 15:21:41 GMT'}
Response cookies: {}

-----

-----
Test: tests/test_user_edit.py::TestUserEdit::test_edit_just_created_user (call)
Time: 2023-10-12 19:21:43.600881
Request method: GET
Request URL: https://playground.learnqa.ru/api/user/82157
Request data: None
Request headers: {'x-csrf-token': 'e6b295d3b5fec6b019a73182d2ee8690d0d968f706ae6165c0900cc174939cecf29efff8'}
Request cookies: {'auth_sid': 'c52f43afe765bc61d9cb352396d1222706ae6165c0900cc174939cecf29efff8'}

Response code: 200
Response text: {"id":"82157","username":"learnqa","email":"test10122023192141@example.com","firstName":"Changed Name","lastName":"Example"}
Response headers: {'Date': 'Thu, 12 Oct 2023 15:21:42 GMT', 'Content-Type': 'application/json', 'Transfer-Encoding': 'chunked', 'Connection': 'keep-alive', 'Keep-Alive': 'timeout=10', 'Vary': 'Accept-Encoding', 'Server': 'Apache', 'Cache-Control': 'max-age=0', 'Expires': 'Thu, 12 Oct 2023 15:21:41 GMT', 'Content-Encoding': 'gzip'}
Response cookies: {}

-----

-----
Test: tests/test_user_edit.py::TestUserEdit::test_edit_user_unauthorized (call)
Time: 2023-10-12 19:21:44.462912
Request method: POST
Request URL: https://playground.learnqa.ru/api/user/
Request data: {'password': '123', 'username': 'learnqa', 'firstName': 'Test', 'lastName': 'Example', 'email': 'test10122023192144@example.com'}
Request headers: {}
Request cookies: {}

Response code: 200
Response text: {"id":"82158"}
Response headers: {'Date': 'Thu, 12 Oct 2023 15:21:43 GMT', 'Content-Type': 'application/json', 'Content-Length': '14', 'Connection': 'keep-alive', 'Keep-Alive': 'timeout=10', 'Server': 'Apache', 'Cache-Control': 'max-age=0', 'Expires': 'Thu, 12 Oct 2023 15:21:42 GMT'}
Response cookies: {}

-----

-----
Test: tests/test_user_edit.py::TestUserEdit::test_edit_user_unauthorized (call)
Time: 2023-10-12 19:21:45.336779
Request method: PUT
Request URL: https://playground.learnqa.ru/api/user/82158
Request data: {'firstName': 'Changed Name Unauth'}
Request headers: {}
Request cookies: {}

Response code: 400
Response text: Auth token not supplied
Response headers: {'Date': 'Thu, 12 Oct 2023 15:21:44 GMT', 'Content-Type': 'text/html; charset=utf-8', 'Content-Length': '23', 'Connection': 'keep-alive', 'Keep-Alive': 'timeout=10', 'Server': 'Apache'}
Response cookies: {}

-----

-----
Test: tests/test_user_edit.py::TestUserEdit::test_edit_user_authorized_as_another_user (call)
Time: 2023-10-12 19:21:46.325928
Request method: POST
Request URL: https://playground.learnqa.ru/api/user/
Request data: {'password': '123', 'username': 'learnqa', 'firstName': 'Test', 'lastName': 'Example', 'email': 'test10122023192146@example.com'}
Request headers: {}
Request cookies: {}

Response code: 200
Response text: {"id":"82159"}
Response headers: {'Date': 'Thu, 12 Oct 2023 15:21:45 GMT', 'Content-Type': 'application/json', 'Content-Length': '14', 'Connection': 'keep-alive', 'Keep-Alive': 'timeout=10', 'Server': 'Apache', 'Cache-Control': 'max-age=0', 'Expires': 'Thu, 12 Oct 2023 15:21:44 GMT'}
Response cookies: {}

-----

-----
Test: tests/test_user_edit.py::TestUserEdit::test_edit_user_authorized_as_another_user (call)
Time: 2023-10-12 19:21:47.251060
Request method: POST
Request URL: https://playground.learnqa.ru/api/user/
Request data: {'password': '123', 'username': 'learnqa', 'firstName': 'Test', 'lastName': 'Example', 'email': 'test10122023192147@example.com'}
Request headers: {}
Request cookies: {}

Response code: 200
Response text: {"id":"82160"}
Response headers: {'Date': 'Thu, 12 Oct 2023 15:21:46 GMT', 'Content-Type': 'application/json', 'Content-Length': '14', 'Connection': 'keep-alive', 'Keep-Alive': 'timeout=10', 'Server': 'Apache', 'Cache-Control': 'max-age=0', 'Expires': 'Thu, 12 Oct 2023 15:21:45 GMT'}
Response cookies: {}

-----

-----
Test: tests/test_user_edit.py::TestUserEdit::test_edit_user_authorized_as_another_user (call)
Time: 2023-10-12 19:21:48.117009
Request method: POST
Request URL: https://playground.learnqa.ru/api/user/login
Request data: {'email': 'test10122023192147@example.com', 'password': '123'}
Request headers: {}
Request cookies: {}

Response code: 200
Response text: {"user_id":82160}
Response headers: {'Date': 'Thu, 12 Oct 2023 15:21:46 GMT', 'Content-Type': 'application/json', 'Content-Length': '17', 'Connection': 'keep-alive', 'Keep-Alive': 'timeout=10', 'Server': 'Apache', 'Set-Cookie': 'auth_sid=677d720cfe51f14fb52f59ad96369761cd8e1f93992fa9b431099de87ef0697a', 'x-csrf-token': '9c0b16555524d0105ec5b04f247a1ebc6e4fa6e1cd8e1f93992fa9b431099de87ef0697a', 'Cache-Control': 'max-age=0', 'Expires': 'Thu, 12 Oct 2023 15:21:46 GMT'}
Response cookies: {'auth_sid': '677d720cfe51f14fb52f59ad96369761cd8e1f93992fa9b431099de87ef0697a'}

-----

-----
Test: tests/test_user_edit.py::TestUserEdit::test_edit_user_authorized_as_another_user (call)
Time: 2023-10-12 19:21:48.478160
Request method: PUT
Request URL: https://playground.learnqa.ru/api/user/82159
Request data: {'firstName': 'Changed Name By Another User'}
Request headers: {'x-csrf-token': '9c0b16555524d0105ec5b04f247a1ebc6e4fa6e1cd8e1f93992fa9b431099de87ef0697a'}
Request cookies: {'auth_sid': '677d720cfe51f14fb52f59ad96369761cd8e1f93992fa9b431099de87ef0697a'}

Response code: 200
Response text: 
Response headers: {'Date': 'Thu, 12 Oct 2023 15:21:47 GMT', 'Content-Type': 'text/html; charset=utf-8', 'Content-Length': '0', 'Connection': 'keep-alive', 'Keep-Alive': 'timeout=10', 'Server': 'Apache', 'Cache-Control': 'max-age=0', 'Expires': 'Thu, 12 Oct 2023 15:21:46 GMT'}
Response cookies: {}

-----

-----
Test: tests/test_user_edit.py::TestUserEdit::test_edit_user_invalid_email (call)
Time: 2023-10-12 19:21:49.494588
Request method: POST
Request URL: https://playground.learnqa.ru/api/user/
Request data: {'password': '123', 'username': 'learnqa', 'firstName': 'Test', 'lastName': 'Example', 'email': 'test10122023192149@example.com'}
Request headers: {}
Request cookies: {}

Response code: 200
Response text: {"id":"82161"}
Response headers: {'Date': 'Thu, 12 Oct 2023 15:21:48 GMT', 'Content-Type': 'application/json', 'Content-Length': '14', 'Connection': 'keep-alive', 'Keep-Alive': 'timeout=10', 'Server': 'Apache', 'Cache-Control': 'max-age=0', 'Expires': 'Thu, 12 Oct 2023 15:21:47 GMT'}
Response cookies: {}

-----

-----
Test: tests/test_user_edit.py::TestUserEdit::test_edit_user_invalid_email (call)
Time: 2023-10-12 19:21:50.415860
Request method: POST
Request URL: https://playground.learnqa.ru/api/user/login
Request data: {'email': 'test10122023192149@example.com', 'password': '123'}
Request headers: {}
Request cookies: {}

Response code: 200
Response text: {"user_id":82161}
Response headers: {'Date': 'Thu, 12 Oct 2023 15:21:48 GMT', 'Content-Type': 'application/json', 'Content-Length': '17', 'Connection': 'keep-alive', 'Keep-Alive': 'timeout=10', 'Server': 'Apache', 'Set-Cookie': 'auth_sid=bb1673bd173c88527af48aa2dcafb41676c61a00b6716d2b420d32399f5fa829', 'x-csrf-token': '36de479ce1bd3bdc3b8ee28a95ee55fb827a35c576c61a00b6716d2b420d32399f5fa829', 'Cache-Control': 'max-age=0', 'Expires': 'Thu, 12 Oct 2023 15:21:48 GMT'}
Response cookies: {'auth_sid': 'bb1673bd173c88527af48aa2dcafb41676c61a00b6716d2b420d32399f5fa829'}

-----

-----
Test: tests/test_user_edit.py::TestUserEdit::test_edit_user_invalid_email (call)
Time: 2023-10-12 19:21:50.840918
Request method: PUT
Request URL: https://playground.learnqa.ru/api/user/82161
Request data: {'email': 'invalidemail.com'}
Request headers: {'x-csrf-token': '36de479ce1bd3bdc3b8ee28a95ee55fb827a35c576c61a00b6716d2b420d32399f5fa829'}
Request cookies: {'auth_sid': 'bb1673bd173c88527af48aa2dcafb41676c61a00b6716d2b420d32399f5fa829'}

Response code: 400
Response text: Invalid email format
Response headers: {'Date': 'Thu, 12 Oct 2023 15:21:49 GMT', 'Content-Type': 'text/html; charset=utf-8', 'Content-Length': '20', 'Connection': 'keep-alive', 'Keep-Alive': 'timeout=10', 'Server': 'Apache'}
Response cookies: {}

-----

-----
Test: tests/test_user_edit.py::TestUserEdit::test_edit_user_short_first_name (call)
Time: 2023-10-12 19:21:51.888051
Request method: POST
Request URL: https://playground.learnqa.ru/api/user/
Request data: {'password': '123', 'username': 'learnqa', 'firstName': 'Test', 'lastName': 'Example', 'email': 'test10122023192151@example.com'}
Request headers: {}
Request cookies: {}

Response code: 200
Response text: {"id":"82162"}
Response headers: {'Date': 'Thu, 12 Oct 2023 15:21:50 GMT', 'Content-Type': 'application/json', 'Content-Length': '14', 'Connection': 'keep-alive', 'Keep-Alive': 'timeout=10', 'Server': 'Apache', 'Cache-Control': 'max-age=0', 'Expires': 'Thu, 12 Oct 2023 15:21:50 GMT'}
Response cookies: {}

-----

-----
Test: tests/test_user_edit.py::TestUserEdit::test_edit_user_short_first_name (call)
Time: 2023-10-12 19:21:52.764027
Request method: POST
Request URL: https://playground.learnqa.ru/api/user/login
Request data: {'email': 'test10122023192151@example.com', 'password': '123'}
Request headers: {}
Request cookies: {}

Response code: 200
Response text: {"user_id":82162}
Response headers: {'Date': 'Thu, 12 Oct 2023 15:21:51 GMT', 'Content-Type': 'application/json', 'Content-Length': '17', 'Connection': 'keep-alive', 'Keep-Alive': 'timeout=10', 'Server': 'Apache', 'Set-Cookie': 'auth_sid=a798c93bd8724728480aca537b6b0867c9a45cf0effb05083ce6979fc1b9cf7f', 'x-csrf-token': 'f6e709b4f726baea6ca9133930271586105ef8aec9a45cf0effb05083ce6979fc1b9cf7f', 'Cache-Control': 'max-age=0', 'Expires': 'Thu, 12 Oct 2023 15:21:51 GMT'}
Response cookies: {'auth_sid': 'a798c93bd8724728480aca537b6b0867c9a45cf0effb05083ce6979fc1b9cf7f'}

-----

-----
Test: tests/test_user_edit.py::TestUserEdit::test_edit_user_short_first_name (call)
Time: 2023-10-12 19:21:53.157967
Request method: PUT
Request URL: https://playground.learnqa.ru/api/user/82162
Request data: {'firstName': 'A'}
Request headers: {'x-csrf-token': 'f6e709b4f726baea6ca9133930271586105ef8aec9a45cf0effb05083ce6979fc1b9cf7f'}
Request cookies: {'auth_sid': 'a798c93bd8724728480aca537b6b0867c9a45cf0effb05083ce6979fc1b9cf7f'}

Response code: 400
Response text: {"error":"Too short value for field firstName"}
Response headers: {'Date': 'Thu, 12 Oct 2023 15:21:52 GMT', 'Content-Type': 'application/json', 'Content-Length': '47', 'Connection': 'keep-alive', 'Keep-Alive': 'timeout=10', 'Server': 'Apache'}
Response cookies: {}

-----

-----
Test: tests/test_user_get.py::TestUserGet::test_get_user_details_not_auth (call)
Time: 2023-10-12 19:21:54.150398
Request method: GET
Request URL: https://playground.learnqa.ru/api/user/2
Request data: None
Request headers: {}
Request cookies: {}

Response code: 200
Response text: {"username":"Vitaliy"}
Response headers: {'Date': 'Thu, 12 Oct 2023 15:21:53 GMT', 'Content-Type': 'application/json', 'Transfer-Encoding': 'chunked', 'Connection': 'keep-alive', 'Keep-Alive': 'timeout=10', 'Vary': 'Accept-Encoding', 'Server': 'Apache', 'Cache-Control': 'max-age=0', 'Expires': 'Thu, 12 Oct 2023 15:21:52 GMT', 'Content-Encoding': 'gzip'}
Response cookies: {}

-----

-----
Test: tests/test_user_get.py::TestUserGet::test_get_user_details_auth_as_same_user (call)
Time: 2023-10-12 19:21:55.177032
Request method: POST
Request URL: https://playground.learnqa.ru/api/user/login
Request data: {'email': 'vinkotov@example.com', 'password': '1234'}
Request headers: {}
Request cookies: {}

Response code: 200
Response text: {"user_id":2}
Response headers: {'Date': 'Thu, 12 Oct 2023 15:21:53 GMT', 'Content-Type': 'application/json', 'Content-Length': '13', 'Connection': 'keep-alive', 'Keep-Alive': 'timeout=10', 'Server': 'Apache', 'Set-Cookie': 'auth_sid=a9c5c720551a9ec3240a821d9086c08302e94918f1549272bcf2cafc2634fd9d', 'x-csrf-token': '0be41a022ab4bcf686f05d24fe2e4fcce34c301c02e94918f1549272bcf2cafc2634fd9d', 'Cache-Control': 'max-age=0', 'Expires': 'Thu, 12 Oct 2023 15:21:53 GMT'}
Response cookies: {'auth_sid': 'a9c5c720551a9ec3240a821d9086c08302e94918f1549272bcf2cafc2634fd9d'}

-----

-----
Test: tests/test_user_get.py::TestUserGet::test_get_user_details_auth_as_same_user (call)
Time: 2023-10-12 19:21:55.541705
Request method: GET
Request URL: https://playground.learnqa.ru/api/user/2
Request data: None
Request headers: {'x-csrf-token': '0be41a022ab4bcf686f05d24fe2e4fcce34c301c02e94918f1549272bcf2cafc2634fd9d'}
Request cookies: {'auth_sid': 'a9c5c720551a9ec3240a821d9086c08302e94918f1549272bcf2cafc2634fd9d'}

Response code: 200
Response text: {"id":"2","username":"Vitaliy","email":"vinkotov@example.com","firstName":"Vitalii","lastName":"Kotov"}
Response headers: {'Date': 'Thu, 12 Oct 2023 15:21:54 GMT', 'Content-Type': 'application/json', 'Transfer-Encoding': 'chunked', 'Connection': 'keep-alive', 'Keep-Alive': 'timeout=10', 'Vary': 'Accept-Encoding', 'Server': 'Apache', 'Cache-Control': 'max-age=0', 'Expires': 'Thu, 12 Oct 2023 15:21:53 GMT', 'Content-Encoding': 'gzip'}
Response cookies: {}

-----

-----
Test: tests/test_user_get.py::TestUserGet::test_get_another_user_data_after_auth (call)
Time: 2023-10-12 19:21:56.531357
Request method: POST
Request URL: https://playground.learnqa.ru/api/user/login
Request data: {'email': 'vinkotov@example.com', 'password': '1234'}
Request headers: {}
Request cookies: {}

Response code: 200
Response text: {"user_id":2}
Response headers: {'Date': 'Thu, 12 Oct 2023 15:21:54 GMT', 'Content-Type': 'application/json', 'Content-Length': '13', 'Connection': 'keep-alive', 'Keep-Alive': 'timeout=10', 'Server': 'Apache', 'Set-Cookie': 'auth_sid=91bc10f1f5805f6c7913d64f197f493402e94918f1549272bcf2cafc2634fd9d', 'x-csrf-token': '19259c39a6d3a81404e90e15b7cb94ae79ac12a402e94918f1549272bcf2cafc2634fd9d', 'Cache-Control': 'max-age=0', 'Expires': 'Thu, 12 Oct 2023 15:21:54 GMT'}
Response cookies: {'auth_sid': '91bc10f1f5805f6c7913d64f197f493402e94918f1549272bcf2cafc2634fd9d'}

-----

-----
Test: tests/test_user_get.py::TestUserGet::test_get_another_user_data_after_auth (call)
Time: 2023-10-12 19:21:56.916607
Request method: GET
Request URL: https://playground.learnqa.ru/api/user/1
Request data: None
Request headers: {'x-csrf-token': '19259c39a6d3a81404e90e15b7cb94ae79ac12a402e94918f1549272bcf2cafc2634fd9d'}
Request cookies: {'auth_sid': '91bc10f1f5805f6c7913d64f197f493402e94918f1549272bcf2cafc2634fd9d'}

Response code: 200
Response text: {"username":"Lana"}
Response headers: {'Date': 'Thu, 12 Oct 2023 15:21:56 GMT', 'Content-Type': 'application/json', 'Content-Length': '19', 'Connection': 'keep-alive', 'Keep-Alive': 'timeout=10', 'Server': 'Apache', 'Cache-Control': 'max-age=0', 'Expires': 'Thu, 12 Oct 2023 15:21:55 GMT'}
Response cookies: {}

-----

-----
Test: tests/test_user_register.py::TestUserRegister::test_create_user_successfully (call)
Time: 2023-10-12 19:21:58.163130
Request method: POST
Request URL: https://playground.learnqa.ru/api/user/
Request data: {'password': '123', 'username': 'learnqa', 'firstName': 'Test', 'lastName': 'Example', 'email': 'test10122023192158@example.com'}
Request headers: {}
Request cookies: {}

Response code: 200
Response text: {"id":"82163"}
Response headers: {'Date': 'Thu, 12 Oct 2023 15:21:57 GMT', 'Content-Type': 'application/json', 'Content-Length': '14', 'Connection': 'keep-alive', 'Keep-Alive': 'timeout=10', 'Server': 'Apache', 'Cache-Control': 'max-age=0', 'Expires': 'Thu, 12 Oct 2023 15:21:56 GMT'}
Response cookies: {}

-----

-----
Test: tests/test_user_register.py::TestUserRegister::test_create_user_with_existing_email (call)
Time: 2023-10-12 19:21:59.086616
Request method: POST
Request URL: https://playground.learnqa.ru/api/user/
Request data: {'password': '123', 'username': 'learnqa', 'firstName': 'Test', 'lastName': 'Example', 'email': 'test@example.com'}
Request headers: {}
Request cookies: {}

Response code: 400
Response text: Users with email 'test@example.com' already exists
Response headers: {'Date': 'Thu, 12 Oct 2023 15:21:58 GMT', 'Content-Type': 'text/html; charset=utf-8', 'Content-Length': '50', 'Connection': 'keep-alive', 'Keep-Alive': 'timeout=10', 'Server': 'Apache'}
Response cookies: {}

-----

-----
Test: tests/test_user_register.py::TestUserRegister::test_create_user_with_invalid_email (call)
Time: 2023-10-12 19:22:00.016001
Request method: POST
Request URL: https://playground.learnqa.ru/api/user/
Request data: {'password': '123', 'username': 'learnqa', 'firstName': 'Test', 'lastName': 'Example', 'email': 'testemail.com'}
Request headers: {}
Request cookies: {}

Response code: 400
Response text: Invalid email format
Response headers: {'Date': 'Thu, 12 Oct 2023 15:21:58 GMT', 'Content-Type': 'text/html; charset=utf-8', 'Content-Length': '20', 'Connection': 'keep-alive', 'Keep-Alive': 'timeout=10', 'Server': 'Apache'}
Response cookies: {}

-----

-----
Test: tests/test_user_register.py::TestUserRegister::test_create_user_without_field[username] (call)
Time: 2023-10-12 19:22:00.869176
Request method: POST
Request URL: https://playground.learnqa.ru/api/user/
Request data: {'password': '123', 'firstName': 'Test', 'lastName': 'Example', 'email': 'test10122023192200@example.com'}
Request headers: {}
Request cookies: {}

Response code: 400
Response text: The following required params are missed: username
Response headers: {'Date': 'Thu, 12 Oct 2023 15:21:59 GMT', 'Content-Type': 'text/html; charset=utf-8', 'Content-Length': '50', 'Connection': 'keep-alive', 'Keep-Alive': 'timeout=10', 'Server': 'Apache'}
Response cookies: {}

-----

-----
Test: tests/test_user_register.py::TestUserRegister::test_create_user_without_field[password] (call)
Time: 2023-10-12 19:22:01.795015
Request method: POST
Request URL: https://playground.learnqa.ru/api/user/
Request data: {'username': 'learnqa', 'firstName': 'Test', 'lastName': 'Example', 'email': 'test10122023192201@example.com'}
Request headers: {}
Request cookies: {}

Response code: 400
Response text: The following required params are missed: password
Response headers: {'Date': 'Thu, 12 Oct 2023 15:22:00 GMT', 'Content-Type': 'text/html; charset=utf-8', 'Content-Length': '50', 'Connection': 'keep-alive', 'Keep-Alive': 'timeout=10', 'Server': 'Apache'}
Response cookies: {}

-----

-----
Test: tests/test_user_register.py::TestUserRegister::test_create_user_without_field[email] (call)
Time: 2023-10-12 19:22:02.935505
Request method: POST
Request URL: https://playground.learnqa.ru/api/user/
Request data: {'password': '123', 'username': 'learnqa', 'firstName': 'Test', 'lastName': 'Example'}
Request headers: {}
Request cookies: {}

Response code: 400
Response text: The following required params are missed: email
Response headers: {'Date': 'Thu, 12 Oct 2023 15:22:01 GMT', 'Content-Type': 'text/html; charset=utf-8', 'Content-Length': '47', 'Connection': 'keep-alive', 'Keep-Alive': 'timeout=10', 'Server': 'Apache'}
Response cookies: {}

-----

-----
Test: tests/test_user_register.py::TestUserRegister::test_create_user_without_field[firstName] (call)
Time: 2023-10-12 19:22:03.795658
Request method: POST
Request URL: https://playground.learnqa.ru/api/user/
Request data: {'password': '123', 'username': 'learnqa', 'lastName': 'Example', 'email': 'test10122023192203@example.com'}
Request headers: {}
Request cookies: {}

Response code: 400
Response text: The following required params are missed: firstName
Response headers: {'Date': 'Thu, 12 Oct 2023 15:22:02 GMT', 'Content-Type': 'text/html; charset=utf-8', 'Content-Length': '51', 'Connection': 'keep-alive', 'Keep-Alive': 'timeout=10', 'Server': 'Apache'}
Response cookies: {}

-----

-----
Test: tests/test_user_register.py::TestUserRegister::test_create_user_without_field[lastName] (call)
Time: 2023-10-12 19:22:04.708342
Request method: POST
Request URL: https://playground.learnqa.ru/api/user/
Request data: {'password': '123', 'username': 'learnqa', 'firstName': 'Test', 'email': 'test10122023192204@example.com'}
Request headers: {}
Request cookies: {}

Response code: 400
Response text: The following required params are missed: lastName
Response headers: {'Date': 'Thu, 12 Oct 2023 15:22:03 GMT', 'Content-Type': 'text/html; charset=utf-8', 'Content-Length': '50', 'Connection': 'keep-alive', 'Keep-Alive': 'timeout=10', 'Server': 'Apache'}
Response cookies: {}

-----

-----
Test: tests/test_user_register.py::TestUserRegister::test_create_user_with_short_name (call)
Time: 2023-10-12 19:22:05.627534
Request method: POST
Request URL: https://playground.learnqa.ru/api/user/
Request data: {'password': '123', 'username': 'learnqa', 'firstName': 'A', 'lastName': 'Example', 'email': 'test10122023192205@example.com'}
Request headers: {}
Request cookies: {}

Response code: 400
Response text: The value of 'firstName' field is too short
Response headers: {'Date': 'Thu, 12 Oct 2023 15:22:04 GMT', 'Content-Type': 'text/html; charset=utf-8', 'Content-Length': '43', 'Connection': 'keep-alive', 'Keep-Alive': 'timeout=10', 'Server': 'Apache'}
Response cookies: {}

-----

-----
Test: tests/test_user_register.py::TestUserRegister::test_create_user_with_long_name (call)
Time: 2023-10-12 19:22:06.540395
Request method: POST
Request URL: https://playground.learnqa.ru/api/user/
Request data: {'password': '123', 'username': 'learnqa', 'firstName': 'AAAAAAAAAAAAAAAAAAAAAAAAAAAAAAAAAAAAAAAAAAAAAAAAAAAAAAAAAAAAAAAAAAAAAAAAAAAAAAAAAAAAAAAAAAAAAAAAAAAAAAAAAAAAAAAAAAAAAAAAAAAAAAAAAAAAAAAAAAAAAAAAAAAAAAAAAAAAAAAAAAAAAAAAAAAAAAAAAAAAAAAAAAAAAAAAAAAAAAAAAAAAAAAAAAAAAAAAAAAAAAAAAAAAAAAAAAAAAAAAAAAAAAAAAAA', 'lastName': 'Example', 'email': 'test10122023192206@example.com'}
Request headers: {}
Request cookies: {}

Response code: 400
Response text: The value of 'firstName' field is too long
Response headers: {'Date': 'Thu, 12 Oct 2023 15:22:05 GMT', 'Content-Type': 'text/html; charset=utf-8', 'Content-Length': '42', 'Connection': 'keep-alive', 'Keep-Alive': 'timeout=10', 'Server': 'Apache'}
Response cookies: {}

-----
