
-----
Test: tests/test_user_get.py::TestUserGet::test_get_user_details_not_auth (call)
Time: 2023-10-11 17:32:38.847255
Request method: GET
Request URL: https://playground.learnqa.ru/api_dev/user/2
Request data: None
Request headers: {}
Request cookies: {}

Response code: 200
Response text: {"username":"Vitaliy"}
Response headers: {'Date': 'Wed, 11 Oct 2023 13:32:38 GMT', 'Content-Type': 'application/json', 'Transfer-Encoding': 'chunked', 'Connection': 'keep-alive', 'Keep-Alive': 'timeout=10', 'Vary': 'Accept-Encoding', 'Server': 'Apache', 'Cache-Control': 'max-age=0', 'Expires': 'Wed, 11 Oct 2023 13:32:37 GMT', 'Content-Encoding': 'gzip'}
Response cookies: {}

-----

-----
Test: tests/test_user_get.py::TestUserGet::test_get_user_details_auth_as_same_user (call)
Time: 2023-10-11 17:32:40.194528
Request method: POST
Request URL: https://playground.learnqa.ru/api_dev/user/login
Request data: {'email': 'vinkotov@example.com', 'password': '1234'}
Request headers: {}
Request cookies: {}

Response code: 200
Response text: {"user_id":2}
Response headers: {'Date': 'Wed, 11 Oct 2023 13:32:39 GMT', 'Content-Type': 'application/json', 'Content-Length': '13', 'Connection': 'keep-alive', 'Keep-Alive': 'timeout=10', 'Server': 'Apache', 'Set-Cookie': 'auth_sid=64d89dc7f87e63a0ee6627b39c8fad9302e94918f1549272bcf2cafc2634fd9d', 'x-csrf-token': '276b699a1283fa9c3c96e48b83f10327f021820102e94918f1549272bcf2cafc2634fd9d', 'Cache-Control': 'max-age=0', 'Expires': 'Wed, 11 Oct 2023 13:32:39 GMT'}
Response cookies: {'auth_sid': '64d89dc7f87e63a0ee6627b39c8fad9302e94918f1549272bcf2cafc2634fd9d'}

-----

-----
Test: tests/test_user_get.py::TestUserGet::test_get_user_details_auth_as_same_user (call)
Time: 2023-10-11 17:32:40.853413
Request method: GET
Request URL: https://playground.learnqa.ru/api_dev/user/2
Request data: None
Request headers: {'x-csrf-token': '276b699a1283fa9c3c96e48b83f10327f021820102e94918f1549272bcf2cafc2634fd9d'}
Request cookies: {'auth_sid': '64d89dc7f87e63a0ee6627b39c8fad9302e94918f1549272bcf2cafc2634fd9d'}

Response code: 200
Response text: {"id":"2","username":"Vitaliy","email":"vinkotov@example.com","firstName":"Vitalii","lastName":"Kotov"}
Response headers: {'Date': 'Wed, 11 Oct 2023 13:32:40 GMT', 'Content-Type': 'application/json', 'Transfer-Encoding': 'chunked', 'Connection': 'keep-alive', 'Keep-Alive': 'timeout=10', 'Vary': 'Accept-Encoding', 'Server': 'Apache', 'Cache-Control': 'max-age=0', 'Expires': 'Wed, 11 Oct 2023 13:32:39 GMT', 'Content-Encoding': 'gzip'}
Response cookies: {}

-----

-----
Test: tests/test_user_get.py::TestUserGet::test_get_another_user_data_after_auth (call)
Time: 2023-10-11 17:32:42.204941
Request method: POST
Request URL: https://playground.learnqa.ru/api_dev/user/login
Request data: {'email': 'vinkotov@example.com', 'password': '1234'}
Request headers: {}
Request cookies: {}

Response code: 200
Response text: {"user_id":2}
Response headers: {'Date': 'Wed, 11 Oct 2023 13:32:41 GMT', 'Content-Type': 'application/json', 'Content-Length': '13', 'Connection': 'keep-alive', 'Keep-Alive': 'timeout=10', 'Server': 'Apache', 'Set-Cookie': 'auth_sid=a117ca23fc86d05e0f3d2a995a6ee14e02e94918f1549272bcf2cafc2634fd9d', 'x-csrf-token': '6e3118e8bdf2a99bf41f128cafb5167efbeb160a02e94918f1549272bcf2cafc2634fd9d', 'Cache-Control': 'max-age=0', 'Expires': 'Wed, 11 Oct 2023 13:32:41 GMT'}
Response cookies: {'auth_sid': 'a117ca23fc86d05e0f3d2a995a6ee14e02e94918f1549272bcf2cafc2634fd9d'}

-----

-----
Test: tests/test_user_get.py::TestUserGet::test_get_another_user_data_after_auth (call)
Time: 2023-10-11 17:32:42.911352
Request method: GET
Request URL: https://playground.learnqa.ru/api_dev/user/3
Request data: None
Request headers: {'x-csrf-token': '6e3118e8bdf2a99bf41f128cafb5167efbeb160a02e94918f1549272bcf2cafc2634fd9d'}
Request cookies: {'auth_sid': 'a117ca23fc86d05e0f3d2a995a6ee14e02e94918f1549272bcf2cafc2634fd9d'}

Response code: 404
Response text: User not found
Response headers: {'Date': 'Wed, 11 Oct 2023 13:32:42 GMT', 'Content-Type': 'text/html; charset=utf-8', 'Content-Length': '14', 'Connection': 'keep-alive', 'Keep-Alive': 'timeout=10', 'Server': 'Apache'}
Response cookies: {}

-----
