
-----
Test: tests/test_user_get.py::TestUserGet::test_get_user_details_not_auth (call)
Time: 2023-10-11 17:41:09.500650
Request method: GET
Request URL: https://playground.learnqa.ru/api_dev/user/2
Request data: None
Request headers: {}
Request cookies: {}

Response code: 200
Response text: {"username":"Vitaliy"}
Response headers: {'Date': 'Wed, 11 Oct 2023 13:41:09 GMT', 'Content-Type': 'application/json', 'Transfer-Encoding': 'chunked', 'Connection': 'keep-alive', 'Keep-Alive': 'timeout=10', 'Vary': 'Accept-Encoding', 'Server': 'Apache', 'Cache-Control': 'max-age=0', 'Expires': 'Wed, 11 Oct 2023 13:41:08 GMT', 'Content-Encoding': 'gzip'}
Response cookies: {}

-----

-----
Test: tests/test_user_get.py::TestUserGet::test_get_user_details_auth_as_same_user (call)
Time: 2023-10-11 17:41:10.971211
Request method: POST
Request URL: https://playground.learnqa.ru/api_dev/user/login
Request data: {'email': 'vinkotov@example.com', 'password': '1234'}
Request headers: {}
Request cookies: {}

Response code: 200
Response text: {"user_id":2}
Response headers: {'Date': 'Wed, 11 Oct 2023 13:41:09 GMT', 'Content-Type': 'application/json', 'Content-Length': '13', 'Connection': 'keep-alive', 'Keep-Alive': 'timeout=10', 'Server': 'Apache', 'Set-Cookie': 'auth_sid=4bca9a479ca7ed8a460249626d34e42b02e94918f1549272bcf2cafc2634fd9d', 'x-csrf-token': '4d48ca1da0e81755cd1e47ac800ca19aee920c8b02e94918f1549272bcf2cafc2634fd9d', 'Cache-Control': 'max-age=0', 'Expires': 'Wed, 11 Oct 2023 13:41:09 GMT'}
Response cookies: {'auth_sid': '4bca9a479ca7ed8a460249626d34e42b02e94918f1549272bcf2cafc2634fd9d'}

-----

-----
Test: tests/test_user_get.py::TestUserGet::test_get_user_details_auth_as_same_user (call)
Time: 2023-10-11 17:41:11.615764
Request method: GET
Request URL: https://playground.learnqa.ru/api_dev/user/2
Request data: None
Request headers: {'x-csrf-token': '4d48ca1da0e81755cd1e47ac800ca19aee920c8b02e94918f1549272bcf2cafc2634fd9d'}
Request cookies: {'auth_sid': '4bca9a479ca7ed8a460249626d34e42b02e94918f1549272bcf2cafc2634fd9d'}

Response code: 200
Response text: {"id":"2","username":"Vitaliy","email":"vinkotov@example.com","firstName":"Vitalii","lastName":"Kotov"}
Response headers: {'Date': 'Wed, 11 Oct 2023 13:41:11 GMT', 'Content-Type': 'application/json', 'Transfer-Encoding': 'chunked', 'Connection': 'keep-alive', 'Keep-Alive': 'timeout=10', 'Vary': 'Accept-Encoding', 'Server': 'Apache', 'Cache-Control': 'max-age=0', 'Expires': 'Wed, 11 Oct 2023 13:41:10 GMT', 'Content-Encoding': 'gzip'}
Response cookies: {}

-----

-----
Test: tests/test_user_get.py::TestUserGet::test_get_another_user_data_after_auth (call)
Time: 2023-10-11 17:41:12.985687
Request method: POST
Request URL: https://playground.learnqa.ru/api_dev/user/login
Request data: {'email': 'vinkotov@example.com', 'password': '1234'}
Request headers: {}
Request cookies: {}

Response code: 200
Response text: {"user_id":2}
Response headers: {'Date': 'Wed, 11 Oct 2023 13:41:11 GMT', 'Content-Type': 'application/json', 'Content-Length': '13', 'Connection': 'keep-alive', 'Keep-Alive': 'timeout=10', 'Server': 'Apache', 'Set-Cookie': 'auth_sid=339bd790915f3e941cfe73f43172664c02e94918f1549272bcf2cafc2634fd9d', 'x-csrf-token': '0c9f9f5e3576773ca35d361543cf9b737e9b429702e94918f1549272bcf2cafc2634fd9d', 'Cache-Control': 'max-age=0', 'Expires': 'Wed, 11 Oct 2023 13:41:11 GMT'}
Response cookies: {'auth_sid': '339bd790915f3e941cfe73f43172664c02e94918f1549272bcf2cafc2634fd9d'}

-----

-----
Test: tests/test_user_get.py::TestUserGet::test_get_another_user_data_after_auth (call)
Time: 2023-10-11 17:41:13.700447
Request method: GET
Request URL: https://playground.learnqa.ru/api_dev/user/3
Request data: None
Request headers: {'x-csrf-token': '0c9f9f5e3576773ca35d361543cf9b737e9b429702e94918f1549272bcf2cafc2634fd9d'}
Request cookies: {'auth_sid': '339bd790915f3e941cfe73f43172664c02e94918f1549272bcf2cafc2634fd9d'}

Response code: 404
Response text: User not found
Response headers: {'Date': 'Wed, 11 Oct 2023 13:41:13 GMT', 'Content-Type': 'text/html; charset=utf-8', 'Content-Length': '14', 'Connection': 'keep-alive', 'Keep-Alive': 'timeout=10', 'Server': 'Apache'}
Response cookies: {}

-----
