
-----
Test: tests/test_user_auth.py::TestUserAuth::test_auth_user (setup)
Time: 2023-10-12 19:19:16.904380
Request method: POST
Request URL: https://playground.learnqa.ru/api_dev/user/login
Request data: {'email': 'vinkotov@example.com', 'password': '1234'}
Request headers: {}
Request cookies: {}

Response code: 200
Response text: {"user_id":2}
Response headers: {'Date': 'Thu, 12 Oct 2023 15:19:15 GMT', 'Content-Type': 'application/json', 'Content-Length': '13', 'Connection': 'keep-alive', 'Keep-Alive': 'timeout=10', 'Server': 'Apache', 'Set-Cookie': 'auth_sid=1cb2f2c87bf6e2914eb0473600cf770202e94918f1549272bcf2cafc2634fd9d', 'x-csrf-token': '0b5424394a2d6b3015827b72ef7da53b903d7c7102e94918f1549272bcf2cafc2634fd9d', 'Cache-Control': 'max-age=0', 'Expires': 'Thu, 12 Oct 2023 15:19:15 GMT'}
Response cookies: {'auth_sid': '1cb2f2c87bf6e2914eb0473600cf770202e94918f1549272bcf2cafc2634fd9d'}

-----

-----
Test: tests/test_user_auth.py::TestUserAuth::test_auth_user (call)
Time: 2023-10-12 19:19:17.545335
Request method: GET
Request URL: https://playground.learnqa.ru/api_dev/user/auth
Request data: None
Request headers: {'x-csrf-token': '0b5424394a2d6b3015827b72ef7da53b903d7c7102e94918f1549272bcf2cafc2634fd9d'}
Request cookies: {'auth_sid': '1cb2f2c87bf6e2914eb0473600cf770202e94918f1549272bcf2cafc2634fd9d'}

Response code: 200
Response text: {"user_id":2}
Response headers: {'Date': 'Thu, 12 Oct 2023 15:19:16 GMT', 'Content-Type': 'application/json', 'Content-Length': '13', 'Connection': 'keep-alive', 'Keep-Alive': 'timeout=10', 'Server': 'Apache', 'Cache-Control': 'max-age=0', 'Expires': 'Thu, 12 Oct 2023 15:19:15 GMT'}
Response cookies: {}

-----

-----
Test: tests/test_user_auth.py::TestUserAuth::test_negative_auth_check[no_cookie] (setup)
Time: 2023-10-12 19:19:18.058352
Request method: POST
Request URL: https://playground.learnqa.ru/api_dev/user/login
Request data: {'email': 'vinkotov@example.com', 'password': '1234'}
Request headers: {}
Request cookies: {}

Response code: 200
Response text: {"user_id":2}
Response headers: {'Date': 'Thu, 12 Oct 2023 15:19:16 GMT', 'Content-Type': 'application/json', 'Content-Length': '13', 'Connection': 'keep-alive', 'Keep-Alive': 'timeout=10', 'Server': 'Apache', 'Set-Cookie': 'auth_sid=791cdfa1b93dafde2d3bad22e57e560402e94918f1549272bcf2cafc2634fd9d', 'x-csrf-token': '78e7950b6df3e7ae73c46f1347285068d997ed9102e94918f1549272bcf2cafc2634fd9d', 'Cache-Control': 'max-age=0', 'Expires': 'Thu, 12 Oct 2023 15:19:16 GMT'}
Response cookies: {'auth_sid': '791cdfa1b93dafde2d3bad22e57e560402e94918f1549272bcf2cafc2634fd9d'}

-----

-----
Test: tests/test_user_auth.py::TestUserAuth::test_negative_auth_check[no_cookie] (call)
Time: 2023-10-12 19:19:18.415604
Request method: GET
Request URL: https://playground.learnqa.ru/api_dev/user/auth
Request data: None
Request headers: {'x-csrf-token': '78e7950b6df3e7ae73c46f1347285068d997ed9102e94918f1549272bcf2cafc2634fd9d'}
Request cookies: {}

Response code: 200
Response text: {"user_id":0}
Response headers: {'Date': 'Thu, 12 Oct 2023 15:19:16 GMT', 'Content-Type': 'application/json', 'Content-Length': '13', 'Connection': 'keep-alive', 'Keep-Alive': 'timeout=10', 'Server': 'Apache', 'Cache-Control': 'max-age=0', 'Expires': 'Thu, 12 Oct 2023 15:19:16 GMT'}
Response cookies: {}

-----

-----
Test: tests/test_user_auth.py::TestUserAuth::test_negative_auth_check[no_token] (setup)
Time: 2023-10-12 19:19:18.890776
Request method: POST
Request URL: https://playground.learnqa.ru/api_dev/user/login
Request data: {'email': 'vinkotov@example.com', 'password': '1234'}
Request headers: {}
Request cookies: {}

Response code: 200
Response text: {"user_id":2}
Response headers: {'Date': 'Thu, 12 Oct 2023 15:19:17 GMT', 'Content-Type': 'application/json', 'Content-Length': '13', 'Connection': 'keep-alive', 'Keep-Alive': 'timeout=10', 'Server': 'Apache', 'Set-Cookie': 'auth_sid=d59b83e5afaa4ba7a931e3d583612f9902e94918f1549272bcf2cafc2634fd9d', 'x-csrf-token': '52d2f9336d4b04f57082cecf92236c37343f54db02e94918f1549272bcf2cafc2634fd9d', 'Cache-Control': 'max-age=0', 'Expires': 'Thu, 12 Oct 2023 15:19:17 GMT'}
Response cookies: {'auth_sid': 'd59b83e5afaa4ba7a931e3d583612f9902e94918f1549272bcf2cafc2634fd9d'}

-----

-----
Test: tests/test_user_auth.py::TestUserAuth::test_negative_auth_check[no_token] (call)
Time: 2023-10-12 19:19:19.252796
Request method: GET
Request URL: https://playground.learnqa.ru/api_dev/user/auth
Request data: None
Request headers: {}
Request cookies: {'auth_sid': 'd59b83e5afaa4ba7a931e3d583612f9902e94918f1549272bcf2cafc2634fd9d'}

Response code: 200
Response text: {"user_id":0}
Response headers: {'Date': 'Thu, 12 Oct 2023 15:19:17 GMT', 'Content-Type': 'application/json', 'Content-Length': '13', 'Connection': 'keep-alive', 'Keep-Alive': 'timeout=10', 'Server': 'Apache', 'Cache-Control': 'max-age=0', 'Expires': 'Thu, 12 Oct 2023 15:19:17 GMT'}
Response cookies: {}

-----

-----
Test: tests/test_user_auth.py::TestUserAuth::test_cookie (setup)
Time: 2023-10-12 19:19:19.794289
Request method: POST
Request URL: https://playground.learnqa.ru/api_dev/user/login
Request data: {'email': 'vinkotov@example.com', 'password': '1234'}
Request headers: {}
Request cookies: {}

Response code: 200
Response text: {"user_id":2}
Response headers: {'Date': 'Thu, 12 Oct 2023 15:19:18 GMT', 'Content-Type': 'application/json', 'Content-Length': '13', 'Connection': 'keep-alive', 'Keep-Alive': 'timeout=10', 'Server': 'Apache', 'Set-Cookie': 'auth_sid=7cb8db372313b2ad422366c4c3c46a6b02e94918f1549272bcf2cafc2634fd9d', 'x-csrf-token': 'c38a4377c6d282b9f4afcc0761999f13e1aeeba802e94918f1549272bcf2cafc2634fd9d', 'Cache-Control': 'max-age=0', 'Expires': 'Thu, 12 Oct 2023 15:19:18 GMT'}
Response cookies: {'auth_sid': '7cb8db372313b2ad422366c4c3c46a6b02e94918f1549272bcf2cafc2634fd9d'}

-----

-----
Test: tests/test_user_auth.py::TestUserAuth::test_cookie (call)
Time: 2023-10-12 19:19:20.206243
Request method: GET
Request URL: https://playground.learnqa.ru/api_dev/homework_cookie
Request data: None
Request headers: {}
Request cookies: {}

Response code: 404
Response text: int(2)
This is 404 error!
<a href='/'>Home</a>
Response headers: {'Date': 'Thu, 12 Oct 2023 15:19:18 GMT', 'Content-Type': 'text/html; charset=utf-8', 'Transfer-Encoding': 'chunked', 'Connection': 'keep-alive', 'Keep-Alive': 'timeout=10', 'Vary': 'Accept-Encoding', 'Server': 'Apache', 'Content-Encoding': 'gzip'}
Response cookies: {}

-----

-----
Test: tests/test_user_auth.py::TestUserAuth::test_homework_header (setup)
Time: 2023-10-12 19:19:20.710094
Request method: POST
Request URL: https://playground.learnqa.ru/api_dev/user/login
Request data: {'email': 'vinkotov@example.com', 'password': '1234'}
Request headers: {}
Request cookies: {}

Response code: 200
Response text: {"user_id":2}
Response headers: {'Date': 'Thu, 12 Oct 2023 15:19:19 GMT', 'Content-Type': 'application/json', 'Content-Length': '13', 'Connection': 'keep-alive', 'Keep-Alive': 'timeout=10', 'Server': 'Apache', 'Set-Cookie': 'auth_sid=0c87b82a209073cab1d155dc4d01172e02e94918f1549272bcf2cafc2634fd9d', 'x-csrf-token': 'e22b5e787704309317a7ff41d8d1c8edef33dd9502e94918f1549272bcf2cafc2634fd9d', 'Cache-Control': 'max-age=0', 'Expires': 'Thu, 12 Oct 2023 15:19:19 GMT'}
Response cookies: {'auth_sid': '0c87b82a209073cab1d155dc4d01172e02e94918f1549272bcf2cafc2634fd9d'}

-----

-----
Test: tests/test_user_auth.py::TestUserAuth::test_homework_header (call)
Time: 2023-10-12 19:19:21.070787
Request method: GET
Request URL: https://playground.learnqa.ru/api_dev/homework_header
Request data: None
Request headers: {}
Request cookies: {}

Response code: 404
Response text: int(2)
This is 404 error!
<a href='/'>Home</a>
Response headers: {'Date': 'Thu, 12 Oct 2023 15:19:19 GMT', 'Content-Type': 'text/html; charset=utf-8', 'Transfer-Encoding': 'chunked', 'Connection': 'keep-alive', 'Keep-Alive': 'timeout=10', 'Vary': 'Accept-Encoding', 'Server': 'Apache', 'Content-Encoding': 'gzip'}
Response cookies: {}

-----

-----
Test: tests/test_user_auth.py::TestUserAuth::test_user_agent_check[Mozilla/5.0 (Linux; U; Android 4.0.2; en-us; Galaxy Nexus Build/ICL53F) AppleWebKit/534.30 (KHTML, like Gecko) Version/4.0 Mobile Safari/534.30-expected_values0] (setup)
Time: 2023-10-12 19:19:21.439633
Request method: POST
Request URL: https://playground.learnqa.ru/api_dev/user/login
Request data: {'email': 'vinkotov@example.com', 'password': '1234'}
Request headers: {}
Request cookies: {}

Response code: 200
Response text: {"user_id":2}
Response headers: {'Date': 'Thu, 12 Oct 2023 15:19:19 GMT', 'Content-Type': 'application/json', 'Content-Length': '13', 'Connection': 'keep-alive', 'Keep-Alive': 'timeout=10', 'Server': 'Apache', 'Set-Cookie': 'auth_sid=0c87b82a209073cab1d155dc4d01172e02e94918f1549272bcf2cafc2634fd9d', 'x-csrf-token': '4da737a15b391b96eab3ac1ea4137cbedc91ff3102e94918f1549272bcf2cafc2634fd9d', 'Cache-Control': 'max-age=0', 'Expires': 'Thu, 12 Oct 2023 15:19:19 GMT'}
Response cookies: {'auth_sid': '0c87b82a209073cab1d155dc4d01172e02e94918f1549272bcf2cafc2634fd9d'}

-----

-----
Test: tests/test_user_auth.py::TestUserAuth::test_user_agent_check[Mozilla/5.0 (Linux; U; Android 4.0.2; en-us; Galaxy Nexus Build/ICL53F) AppleWebKit/534.30 (KHTML, like Gecko) Version/4.0 Mobile Safari/534.30-expected_values0] (call)
Time: 2023-10-12 19:19:21.803977
Request method: GET
Request URL: https://playground.learnqa.ru/api_dev/user_agent_check
Request data: None
Request headers: {'User-Agent': 'Mozilla/5.0 (Linux; U; Android 4.0.2; en-us; Galaxy Nexus Build/ICL53F) AppleWebKit/534.30 (KHTML, like Gecko) Version/4.0 Mobile Safari/534.30'}
Request cookies: {}

Response code: 404
Response text: int(2)
This is 404 error!
<a href='/'>Home</a>
Response headers: {'Date': 'Thu, 12 Oct 2023 15:19:20 GMT', 'Content-Type': 'text/html; charset=utf-8', 'Transfer-Encoding': 'chunked', 'Connection': 'keep-alive', 'Keep-Alive': 'timeout=10', 'Vary': 'Accept-Encoding', 'Server': 'Apache', 'Content-Encoding': 'gzip'}
Response cookies: {}

-----

-----
Test: tests/test_user_auth.py::TestUserAuth::test_user_agent_check[Mozilla/5.0 (iPad; CPU OS 13_2 like Mac OS X) AppleWebKit/605.1.15 (KHTML, like Gecko) CriOS/91.0.4472.77 Mobile/15E148 Safari/604.1-expected_values1] (setup)
Time: 2023-10-12 19:19:22.238503
Request method: POST
Request URL: https://playground.learnqa.ru/api_dev/user/login
Request data: {'email': 'vinkotov@example.com', 'password': '1234'}
Request headers: {}
Request cookies: {}

Response code: 200
Response text: {"user_id":2}
Response headers: {'Date': 'Thu, 12 Oct 2023 15:19:20 GMT', 'Content-Type': 'application/json', 'Content-Length': '13', 'Connection': 'keep-alive', 'Keep-Alive': 'timeout=10', 'Server': 'Apache', 'Set-Cookie': 'auth_sid=d7b6b3f18ac9bc2510c6c102ce49817e02e94918f1549272bcf2cafc2634fd9d', 'x-csrf-token': 'f0f8a5db2177fa3cb3970a36f505569d71e482f602e94918f1549272bcf2cafc2634fd9d', 'Cache-Control': 'max-age=0', 'Expires': 'Thu, 12 Oct 2023 15:19:20 GMT'}
Response cookies: {'auth_sid': 'd7b6b3f18ac9bc2510c6c102ce49817e02e94918f1549272bcf2cafc2634fd9d'}

-----

-----
Test: tests/test_user_auth.py::TestUserAuth::test_user_agent_check[Mozilla/5.0 (iPad; CPU OS 13_2 like Mac OS X) AppleWebKit/605.1.15 (KHTML, like Gecko) CriOS/91.0.4472.77 Mobile/15E148 Safari/604.1-expected_values1] (call)
Time: 2023-10-12 19:19:22.606129
Request method: GET
Request URL: https://playground.learnqa.ru/api_dev/user_agent_check
Request data: None
Request headers: {'User-Agent': 'Mozilla/5.0 (iPad; CPU OS 13_2 like Mac OS X) AppleWebKit/605.1.15 (KHTML, like Gecko) CriOS/91.0.4472.77 Mobile/15E148 Safari/604.1'}
Request cookies: {}

Response code: 404
Response text: int(2)
This is 404 error!
<a href='/'>Home</a>
Response headers: {'Date': 'Thu, 12 Oct 2023 15:19:20 GMT', 'Content-Type': 'text/html; charset=utf-8', 'Transfer-Encoding': 'chunked', 'Connection': 'keep-alive', 'Keep-Alive': 'timeout=10', 'Vary': 'Accept-Encoding', 'Server': 'Apache', 'Content-Encoding': 'gzip'}
Response cookies: {}

-----

-----
Test: tests/test_user_auth.py::TestUserAuth::test_user_agent_check[Mozilla/5.0 (compatible; Googlebot/2.1; +http://www.google.com/bot.html)-expected_values2] (setup)
Time: 2023-10-12 19:19:23.024601
Request method: POST
Request URL: https://playground.learnqa.ru/api_dev/user/login
Request data: {'email': 'vinkotov@example.com', 'password': '1234'}
Request headers: {}
Request cookies: {}

Response code: 200
Response text: {"user_id":2}
Response headers: {'Date': 'Thu, 12 Oct 2023 15:19:21 GMT', 'Content-Type': 'application/json', 'Content-Length': '13', 'Connection': 'keep-alive', 'Keep-Alive': 'timeout=10', 'Server': 'Apache', 'Set-Cookie': 'auth_sid=6e51f56587e18d3b75e13da371549b7902e94918f1549272bcf2cafc2634fd9d', 'x-csrf-token': '46589affbc177c2e95b26752120b463c7cb48f9b02e94918f1549272bcf2cafc2634fd9d', 'Cache-Control': 'max-age=0', 'Expires': 'Thu, 12 Oct 2023 15:19:21 GMT'}
Response cookies: {'auth_sid': '6e51f56587e18d3b75e13da371549b7902e94918f1549272bcf2cafc2634fd9d'}

-----

-----
Test: tests/test_user_auth.py::TestUserAuth::test_user_agent_check[Mozilla/5.0 (compatible; Googlebot/2.1; +http://www.google.com/bot.html)-expected_values2] (call)
Time: 2023-10-12 19:19:23.386052
Request method: GET
Request URL: https://playground.learnqa.ru/api_dev/user_agent_check
Request data: None
Request headers: {'User-Agent': 'Mozilla/5.0 (compatible; Googlebot/2.1; +http://www.google.com/bot.html)'}
Request cookies: {}

Response code: 404
Response text: int(2)
This is 404 error!
<a href='/'>Home</a>
Response headers: {'Date': 'Thu, 12 Oct 2023 15:19:21 GMT', 'Content-Type': 'text/html; charset=utf-8', 'Transfer-Encoding': 'chunked', 'Connection': 'keep-alive', 'Keep-Alive': 'timeout=10', 'Vary': 'Accept-Encoding', 'Server': 'Apache', 'Content-Encoding': 'gzip'}
Response cookies: {}

-----

-----
Test: tests/test_user_auth.py::TestUserAuth::test_user_agent_check[Mozilla/5.0 (Windows NT 10.0; Win64; x64) AppleWebKit/537.36 (KHTML, like Gecko) Chrome/91.0.4472.77 Safari/537.36 Edg/91.0.100.0-expected_values3] (setup)
Time: 2023-10-12 19:19:23.822007
Request method: POST
Request URL: https://playground.learnqa.ru/api_dev/user/login
Request data: {'email': 'vinkotov@example.com', 'password': '1234'}
Request headers: {}
Request cookies: {}

Response code: 200
Response text: {"user_id":2}
Response headers: {'Date': 'Thu, 12 Oct 2023 15:19:22 GMT', 'Content-Type': 'application/json', 'Content-Length': '13', 'Connection': 'keep-alive', 'Keep-Alive': 'timeout=10', 'Server': 'Apache', 'Set-Cookie': 'auth_sid=c5318a48afca6945c304a8b49605a3c502e94918f1549272bcf2cafc2634fd9d', 'x-csrf-token': '444dbb3ee45c7b32f302c8b59c87c01e9b5db47402e94918f1549272bcf2cafc2634fd9d', 'Cache-Control': 'max-age=0', 'Expires': 'Thu, 12 Oct 2023 15:19:22 GMT'}
Response cookies: {'auth_sid': 'c5318a48afca6945c304a8b49605a3c502e94918f1549272bcf2cafc2634fd9d'}

-----

-----
Test: tests/test_user_auth.py::TestUserAuth::test_user_agent_check[Mozilla/5.0 (Windows NT 10.0; Win64; x64) AppleWebKit/537.36 (KHTML, like Gecko) Chrome/91.0.4472.77 Safari/537.36 Edg/91.0.100.0-expected_values3] (call)
Time: 2023-10-12 19:19:24.178671
Request method: GET
Request URL: https://playground.learnqa.ru/api_dev/user_agent_check
Request data: None
Request headers: {'User-Agent': 'Mozilla/5.0 (Windows NT 10.0; Win64; x64) AppleWebKit/537.36 (KHTML, like Gecko) Chrome/91.0.4472.77 Safari/537.36 Edg/91.0.100.0'}
Request cookies: {}

Response code: 404
Response text: int(2)
This is 404 error!
<a href='/'>Home</a>
Response headers: {'Date': 'Thu, 12 Oct 2023 15:19:22 GMT', 'Content-Type': 'text/html; charset=utf-8', 'Transfer-Encoding': 'chunked', 'Connection': 'keep-alive', 'Keep-Alive': 'timeout=10', 'Vary': 'Accept-Encoding', 'Server': 'Apache', 'Content-Encoding': 'gzip'}
Response cookies: {}

-----

-----
Test: tests/test_user_auth.py::TestUserAuth::test_user_agent_check[Mozilla/5.0 (iPad; CPU iPhone OS 13_2_3 like Mac OS X) AppleWebKit/605.1.15 (KHTML, like Gecko) Version/13.0.3 Mobile/15E148 Safari/604.1-expected_values4] (setup)
Time: 2023-10-12 19:19:24.608149
Request method: POST
Request URL: https://playground.learnqa.ru/api_dev/user/login
Request data: {'email': 'vinkotov@example.com', 'password': '1234'}
Request headers: {}
Request cookies: {}

Response code: 200
Response text: {"user_id":2}
Response headers: {'Date': 'Thu, 12 Oct 2023 15:19:23 GMT', 'Content-Type': 'application/json', 'Content-Length': '13', 'Connection': 'keep-alive', 'Keep-Alive': 'timeout=10', 'Server': 'Apache', 'Set-Cookie': 'auth_sid=b5ab03b3e7f922dd1e12dc64fb2af86a02e94918f1549272bcf2cafc2634fd9d', 'x-csrf-token': '906b3f7fba7c1dc926fa0e7a20d9b899cac84d2d02e94918f1549272bcf2cafc2634fd9d', 'Cache-Control': 'max-age=0', 'Expires': 'Thu, 12 Oct 2023 15:19:23 GMT'}
Response cookies: {'auth_sid': 'b5ab03b3e7f922dd1e12dc64fb2af86a02e94918f1549272bcf2cafc2634fd9d'}

-----

-----
Test: tests/test_user_auth.py::TestUserAuth::test_user_agent_check[Mozilla/5.0 (iPad; CPU iPhone OS 13_2_3 like Mac OS X) AppleWebKit/605.1.15 (KHTML, like Gecko) Version/13.0.3 Mobile/15E148 Safari/604.1-expected_values4] (call)
Time: 2023-10-12 19:19:25.006944
Request method: GET
Request URL: https://playground.learnqa.ru/api_dev/user_agent_check
Request data: None
Request headers: {'User-Agent': 'Mozilla/5.0 (iPad; CPU iPhone OS 13_2_3 like Mac OS X) AppleWebKit/605.1.15 (KHTML, like Gecko) Version/13.0.3 Mobile/15E148 Safari/604.1'}
Request cookies: {}

Response code: 404
Response text: int(2)
This is 404 error!
<a href='/'>Home</a>
Response headers: {'Date': 'Thu, 12 Oct 2023 15:19:23 GMT', 'Content-Type': 'text/html; charset=utf-8', 'Transfer-Encoding': 'chunked', 'Connection': 'keep-alive', 'Keep-Alive': 'timeout=10', 'Vary': 'Accept-Encoding', 'Server': 'Apache', 'Content-Encoding': 'gzip'}
Response cookies: {}

-----

-----
Test: tests/test_user_auth.py::TestUserAuth::test_summary (setup)
Time: 2023-10-12 19:19:25.429235
Request method: POST
Request URL: https://playground.learnqa.ru/api_dev/user/login
Request data: {'email': 'vinkotov@example.com', 'password': '1234'}
Request headers: {}
Request cookies: {}

Response code: 200
Response text: {"user_id":2}
Response headers: {'Date': 'Thu, 12 Oct 2023 15:19:23 GMT', 'Content-Type': 'application/json', 'Content-Length': '13', 'Connection': 'keep-alive', 'Keep-Alive': 'timeout=10', 'Server': 'Apache', 'Set-Cookie': 'auth_sid=f64cedb24e2bd7fbbfa4b76482c0267002e94918f1549272bcf2cafc2634fd9d', 'x-csrf-token': '656b13f503b4d4490440a5da9fbb9d84ae7cbe8b02e94918f1549272bcf2cafc2634fd9d', 'Cache-Control': 'max-age=0', 'Expires': 'Thu, 12 Oct 2023 15:19:23 GMT'}
Response cookies: {'auth_sid': 'f64cedb24e2bd7fbbfa4b76482c0267002e94918f1549272bcf2cafc2634fd9d'}

-----

-----
Test: tests/test_user_delete.py::TestUserDelete::test_delete_user_2 (call)
Time: 2023-10-12 19:19:25.789359
Request method: POST
Request URL: https://playground.learnqa.ru/api_dev/user/login
Request data: {'email': 'vinkotov@example.com', 'password': '1234'}
Request headers: {}
Request cookies: {}

Response code: 200
Response text: {"user_id":2}
Response headers: {'Date': 'Thu, 12 Oct 2023 15:19:24 GMT', 'Content-Type': 'application/json', 'Content-Length': '13', 'Connection': 'keep-alive', 'Keep-Alive': 'timeout=10', 'Server': 'Apache', 'Set-Cookie': 'auth_sid=1fc5ea7986208576a122ec72786d4ca402e94918f1549272bcf2cafc2634fd9d', 'x-csrf-token': '165d2f23e877dd60211280e4cd45a5fa5abbb63d02e94918f1549272bcf2cafc2634fd9d', 'Cache-Control': 'max-age=0', 'Expires': 'Thu, 12 Oct 2023 15:19:24 GMT'}
Response cookies: {'auth_sid': '1fc5ea7986208576a122ec72786d4ca402e94918f1549272bcf2cafc2634fd9d'}

-----

-----
Test: tests/test_user_delete.py::TestUserDelete::test_delete_user_2 (call)
Time: 2023-10-12 19:19:26.197194
Request method: DELETE
Request URL: https://playground.learnqa.ru/api_dev/user/2
Request data: None
Request headers: {'x-csrf-token': '165d2f23e877dd60211280e4cd45a5fa5abbb63d02e94918f1549272bcf2cafc2634fd9d'}
Request cookies: {'auth_sid': '1fc5ea7986208576a122ec72786d4ca402e94918f1549272bcf2cafc2634fd9d'}

Response code: 400
Response text: Please, do not delete test users with ID 1, 2, 3, 4 or 5.
Response headers: {'Date': 'Thu, 12 Oct 2023 15:19:25 GMT', 'Content-Type': 'text/html; charset=utf-8', 'Content-Length': '57', 'Connection': 'keep-alive', 'Keep-Alive': 'timeout=10', 'Server': 'Apache'}
Response cookies: {}

-----

-----
Test: tests/test_user_delete.py::TestUserDelete::test_positive_delete_created_user (call)
Time: 2023-10-12 19:19:27.181691
Request method: POST
Request URL: https://playground.learnqa.ru/api_dev/user/
Request data: {'password': '123', 'username': 'learnqa', 'firstName': 'Test', 'lastName': 'Example', 'email': 'test10122023191927@example.com'}
Request headers: {}
Request cookies: {}

Response code: 200
Response text: {"id":"82134"}
Response headers: {'Date': 'Thu, 12 Oct 2023 15:19:26 GMT', 'Content-Type': 'application/json', 'Content-Length': '14', 'Connection': 'keep-alive', 'Keep-Alive': 'timeout=10', 'Server': 'Apache', 'Cache-Control': 'max-age=0', 'Expires': 'Thu, 12 Oct 2023 15:19:25 GMT'}
Response cookies: {}

-----

-----
Test: tests/test_user_delete.py::TestUserDelete::test_positive_delete_created_user (call)
Time: 2023-10-12 19:19:28.056040
Request method: POST
Request URL: https://playground.learnqa.ru/api_dev/user/login
Request data: {'email': 'test10122023191927@example.com', 'password': '123'}
Request headers: {}
Request cookies: {}

Response code: 200
Response text: {"user_id":82134}
Response headers: {'Date': 'Thu, 12 Oct 2023 15:19:26 GMT', 'Content-Type': 'application/json', 'Content-Length': '17', 'Connection': 'keep-alive', 'Keep-Alive': 'timeout=10', 'Server': 'Apache', 'Set-Cookie': 'auth_sid=917ef18ea19ab94aeece273f64533646c15cea3565f59352f08ee62e680c8b32', 'x-csrf-token': '09876a133af88ac8d106f4fbfdd444c76bfcf912c15cea3565f59352f08ee62e680c8b32', 'Cache-Control': 'max-age=0', 'Expires': 'Thu, 12 Oct 2023 15:19:26 GMT'}
Response cookies: {'auth_sid': '917ef18ea19ab94aeece273f64533646c15cea3565f59352f08ee62e680c8b32'}

-----

-----
Test: tests/test_user_delete.py::TestUserDelete::test_positive_delete_created_user (call)
Time: 2023-10-12 19:19:28.431334
Request method: DELETE
Request URL: https://playground.learnqa.ru/api_dev/user/82134
Request data: None
Request headers: {'x-csrf-token': '09876a133af88ac8d106f4fbfdd444c76bfcf912c15cea3565f59352f08ee62e680c8b32'}
Request cookies: {'auth_sid': '917ef18ea19ab94aeece273f64533646c15cea3565f59352f08ee62e680c8b32'}

Response code: 200
Response text: 
Response headers: {'Date': 'Thu, 12 Oct 2023 15:19:27 GMT', 'Content-Type': 'text/html; charset=utf-8', 'Content-Length': '0', 'Connection': 'keep-alive', 'Keep-Alive': 'timeout=10', 'Server': 'Apache', 'Cache-Control': 'max-age=0', 'Expires': 'Thu, 12 Oct 2023 15:19:26 GMT'}
Response cookies: {}

-----

-----
Test: tests/test_user_delete.py::TestUserDelete::test_positive_delete_created_user (call)
Time: 2023-10-12 19:19:29.421283
Request method: GET
Request URL: https://playground.learnqa.ru/api_dev/user/82134
Request data: None
Request headers: {}
Request cookies: {}

Response code: 404
Response text: User not found
Response headers: {'Date': 'Thu, 12 Oct 2023 15:19:28 GMT', 'Content-Type': 'text/html; charset=utf-8', 'Content-Length': '14', 'Connection': 'keep-alive', 'Keep-Alive': 'timeout=10', 'Server': 'Apache'}
Response cookies: {}

-----

-----
Test: tests/test_user_delete.py::TestUserDelete::test_delete_user_authorized_as_another_user (call)
Time: 2023-10-12 19:19:30.344710
Request method: POST
Request URL: https://playground.learnqa.ru/api_dev/user/
Request data: {'password': '123', 'username': 'learnqa', 'firstName': 'Test', 'lastName': 'Example', 'email': 'test10122023191930@example.com'}
Request headers: {}
Request cookies: {}

Response code: 200
Response text: {"id":"82135"}
Response headers: {'Date': 'Thu, 12 Oct 2023 15:19:29 GMT', 'Content-Type': 'application/json', 'Content-Length': '14', 'Connection': 'keep-alive', 'Keep-Alive': 'timeout=10', 'Server': 'Apache', 'Cache-Control': 'max-age=0', 'Expires': 'Thu, 12 Oct 2023 15:19:28 GMT'}
Response cookies: {}

-----

-----
Test: tests/test_user_delete.py::TestUserDelete::test_delete_user_authorized_as_another_user (call)
Time: 2023-10-12 19:19:31.272502
Request method: POST
Request URL: https://playground.learnqa.ru/api_dev/user/
Request data: {'password': '123', 'username': 'learnqa', 'firstName': 'Test', 'lastName': 'Example', 'email': 'test10122023191931@example.com'}
Request headers: {}
Request cookies: {}

Response code: 200
Response text: {"id":"82136"}
Response headers: {'Date': 'Thu, 12 Oct 2023 15:19:30 GMT', 'Content-Type': 'application/json', 'Content-Length': '14', 'Connection': 'keep-alive', 'Keep-Alive': 'timeout=10', 'Server': 'Apache', 'Cache-Control': 'max-age=0', 'Expires': 'Thu, 12 Oct 2023 15:19:29 GMT'}
Response cookies: {}

-----

-----
Test: tests/test_user_delete.py::TestUserDelete::test_delete_user_authorized_as_another_user (call)
Time: 2023-10-12 19:19:32.199168
Request method: POST
Request URL: https://playground.learnqa.ru/api_dev/user/login
Request data: {'email': 'test10122023191931@example.com', 'password': '123'}
Request headers: {}
Request cookies: {}

Response code: 200
Response text: {"user_id":82136}
Response headers: {'Date': 'Thu, 12 Oct 2023 15:19:30 GMT', 'Content-Type': 'application/json', 'Content-Length': '17', 'Connection': 'keep-alive', 'Keep-Alive': 'timeout=10', 'Server': 'Apache', 'Set-Cookie': 'auth_sid=38bc37267f4256d02f8e04a69ea8d931f9adb249c5dd7d997e99f42c80c115bc', 'x-csrf-token': '2d21fd5ee0eb0fbc348e8bf8d0eac29be2239dbff9adb249c5dd7d997e99f42c80c115bc', 'Cache-Control': 'max-age=0', 'Expires': 'Thu, 12 Oct 2023 15:19:30 GMT'}
Response cookies: {'auth_sid': '38bc37267f4256d02f8e04a69ea8d931f9adb249c5dd7d997e99f42c80c115bc'}

-----

-----
Test: tests/test_user_delete.py::TestUserDelete::test_delete_user_authorized_as_another_user (call)
Time: 2023-10-12 19:19:32.616889
Request method: DELETE
Request URL: https://playground.learnqa.ru/api_dev/user/82135
Request data: None
Request headers: {'x-csrf-token': '2d21fd5ee0eb0fbc348e8bf8d0eac29be2239dbff9adb249c5dd7d997e99f42c80c115bc'}
Request cookies: {'auth_sid': '38bc37267f4256d02f8e04a69ea8d931f9adb249c5dd7d997e99f42c80c115bc'}

Response code: 200
Response text: 
Response headers: {'Date': 'Thu, 12 Oct 2023 15:19:31 GMT', 'Content-Type': 'text/html; charset=utf-8', 'Content-Length': '0', 'Connection': 'keep-alive', 'Keep-Alive': 'timeout=10', 'Server': 'Apache', 'Cache-Control': 'max-age=0', 'Expires': 'Thu, 12 Oct 2023 15:19:31 GMT'}
Response cookies: {}

-----

-----
Test: tests/test_user_edit.py::TestUserEdit::test_edit_just_created_user (call)
Time: 2023-10-12 19:19:33.620480
Request method: POST
Request URL: https://playground.learnqa.ru/api_dev/user/
Request data: {'password': '123', 'username': 'learnqa', 'firstName': 'Test', 'lastName': 'Example', 'email': 'test10122023191933@example.com'}
Request headers: {}
Request cookies: {}

Response code: 200
Response text: {"id":"82137"}
Response headers: {'Date': 'Thu, 12 Oct 2023 15:19:32 GMT', 'Content-Type': 'application/json', 'Content-Length': '14', 'Connection': 'keep-alive', 'Keep-Alive': 'timeout=10', 'Server': 'Apache', 'Cache-Control': 'max-age=0', 'Expires': 'Thu, 12 Oct 2023 15:19:32 GMT'}
Response cookies: {}

-----

-----
Test: tests/test_user_edit.py::TestUserEdit::test_edit_just_created_user (call)
Time: 2023-10-12 19:19:34.482536
Request method: POST
Request URL: https://playground.learnqa.ru/api_dev/user/login
Request data: {'email': 'test10122023191933@example.com', 'password': '123'}
Request headers: {}
Request cookies: {}

Response code: 200
Response text: {"user_id":82137}
Response headers: {'Date': 'Thu, 12 Oct 2023 15:19:32 GMT', 'Content-Type': 'application/json', 'Content-Length': '17', 'Connection': 'keep-alive', 'Keep-Alive': 'timeout=10', 'Server': 'Apache', 'Set-Cookie': 'auth_sid=a30847a004a63badaafbb4f16562c57876e9b6960652d87b1363ab61b16ce2fa', 'x-csrf-token': 'b388992b97edc857544fadd101d8fa792ab4c31076e9b6960652d87b1363ab61b16ce2fa', 'Cache-Control': 'max-age=0', 'Expires': 'Thu, 12 Oct 2023 15:19:32 GMT'}
Response cookies: {'auth_sid': 'a30847a004a63badaafbb4f16562c57876e9b6960652d87b1363ab61b16ce2fa'}

-----

-----
Test: tests/test_user_edit.py::TestUserEdit::test_edit_just_created_user (call)
Time: 2023-10-12 19:19:34.848197
Request method: PUT
Request URL: https://playground.learnqa.ru/api_dev/user/82137
Request data: {'firstName': 'Changed Name'}
Request headers: {'x-csrf-token': 'b388992b97edc857544fadd101d8fa792ab4c31076e9b6960652d87b1363ab61b16ce2fa'}
Request cookies: {'auth_sid': 'a30847a004a63badaafbb4f16562c57876e9b6960652d87b1363ab61b16ce2fa'}

Response code: 200
Response text: 
Response headers: {'Date': 'Thu, 12 Oct 2023 15:19:33 GMT', 'Content-Type': 'text/html; charset=utf-8', 'Content-Length': '0', 'Connection': 'keep-alive', 'Keep-Alive': 'timeout=10', 'Server': 'Apache', 'Cache-Control': 'max-age=0', 'Expires': 'Thu, 12 Oct 2023 15:19:33 GMT'}
Response cookies: {}

-----

-----
Test: tests/test_user_edit.py::TestUserEdit::test_edit_just_created_user (call)
Time: 2023-10-12 19:19:35.835314
Request method: GET
Request URL: https://playground.learnqa.ru/api_dev/user/82137
Request data: None
Request headers: {'x-csrf-token': 'b388992b97edc857544fadd101d8fa792ab4c31076e9b6960652d87b1363ab61b16ce2fa'}
Request cookies: {'auth_sid': 'a30847a004a63badaafbb4f16562c57876e9b6960652d87b1363ab61b16ce2fa'}

Response code: 200
Response text: {"id":"82137","username":"learnqa","email":"test10122023191933@example.com","firstName":"Changed Name","lastName":"Example"}
Response headers: {'Date': 'Thu, 12 Oct 2023 15:19:34 GMT', 'Content-Type': 'application/json', 'Transfer-Encoding': 'chunked', 'Connection': 'keep-alive', 'Keep-Alive': 'timeout=10', 'Vary': 'Accept-Encoding', 'Server': 'Apache', 'Cache-Control': 'max-age=0', 'Expires': 'Thu, 12 Oct 2023 15:19:34 GMT', 'Content-Encoding': 'gzip'}
Response cookies: {}

-----

-----
Test: tests/test_user_edit.py::TestUserEdit::test_edit_user_unauthorized (call)
Time: 2023-10-12 19:19:36.751533
Request method: POST
Request URL: https://playground.learnqa.ru/api_dev/user/
Request data: {'password': '123', 'username': 'learnqa', 'firstName': 'Test', 'lastName': 'Example', 'email': 'test10122023191936@example.com'}
Request headers: {}
Request cookies: {}

Response code: 200
Response text: {"id":"82138"}
Response headers: {'Date': 'Thu, 12 Oct 2023 15:19:35 GMT', 'Content-Type': 'application/json', 'Content-Length': '14', 'Connection': 'keep-alive', 'Keep-Alive': 'timeout=10', 'Server': 'Apache', 'Cache-Control': 'max-age=0', 'Expires': 'Thu, 12 Oct 2023 15:19:35 GMT'}
Response cookies: {}

-----

-----
Test: tests/test_user_edit.py::TestUserEdit::test_edit_user_unauthorized (call)
Time: 2023-10-12 19:19:37.649199
Request method: PUT
Request URL: https://playground.learnqa.ru/api_dev/user/82138
Request data: {'firstName': 'Changed Name Unauth'}
Request headers: {}
Request cookies: {}

Response code: 400
Response text: Auth token not supplied
Response headers: {'Date': 'Thu, 12 Oct 2023 15:19:36 GMT', 'Content-Type': 'text/html; charset=utf-8', 'Content-Length': '23', 'Connection': 'keep-alive', 'Keep-Alive': 'timeout=10', 'Server': 'Apache'}
Response cookies: {}

-----

-----
Test: tests/test_user_edit.py::TestUserEdit::test_edit_user_authorized_as_another_user (call)
Time: 2023-10-12 19:19:38.683053
Request method: POST
Request URL: https://playground.learnqa.ru/api_dev/user/
Request data: {'password': '123', 'username': 'learnqa', 'firstName': 'Test', 'lastName': 'Example', 'email': 'test10122023191938@example.com'}
Request headers: {}
Request cookies: {}

Response code: 200
Response text: {"id":"82139"}
Response headers: {'Date': 'Thu, 12 Oct 2023 15:19:37 GMT', 'Content-Type': 'application/json', 'Content-Length': '14', 'Connection': 'keep-alive', 'Keep-Alive': 'timeout=10', 'Server': 'Apache', 'Cache-Control': 'max-age=0', 'Expires': 'Thu, 12 Oct 2023 15:19:37 GMT'}
Response cookies: {}

-----

-----
Test: tests/test_user_edit.py::TestUserEdit::test_edit_user_authorized_as_another_user (call)
Time: 2023-10-12 19:19:39.603673
Request method: POST
Request URL: https://playground.learnqa.ru/api_dev/user/
Request data: {'password': '123', 'username': 'learnqa', 'firstName': 'Test', 'lastName': 'Example', 'email': 'test10122023191939@example.com'}
Request headers: {}
Request cookies: {}

Response code: 200
Response text: {"id":"82140"}
Response headers: {'Date': 'Thu, 12 Oct 2023 15:19:38 GMT', 'Content-Type': 'application/json', 'Content-Length': '14', 'Connection': 'keep-alive', 'Keep-Alive': 'timeout=10', 'Server': 'Apache', 'Cache-Control': 'max-age=0', 'Expires': 'Thu, 12 Oct 2023 15:19:37 GMT'}
Response cookies: {}

-----

-----
Test: tests/test_user_edit.py::TestUserEdit::test_edit_user_authorized_as_another_user (call)
Time: 2023-10-12 19:19:40.470128
Request method: POST
Request URL: https://playground.learnqa.ru/api_dev/user/login
Request data: {'email': 'test10122023191939@example.com', 'password': '123'}
Request headers: {}
Request cookies: {}

Response code: 200
Response text: {"user_id":82140}
Response headers: {'Date': 'Thu, 12 Oct 2023 15:19:38 GMT', 'Content-Type': 'application/json', 'Content-Length': '17', 'Connection': 'keep-alive', 'Keep-Alive': 'timeout=10', 'Server': 'Apache', 'Set-Cookie': 'auth_sid=25f44dee91454f27719a5adc60b9637cf53af3b90fbaf7078a7126aad0a63b81', 'x-csrf-token': '35169b5695b0260ac913064b1e38d0664b8707e1f53af3b90fbaf7078a7126aad0a63b81', 'Cache-Control': 'max-age=0', 'Expires': 'Thu, 12 Oct 2023 15:19:38 GMT'}
Response cookies: {'auth_sid': '25f44dee91454f27719a5adc60b9637cf53af3b90fbaf7078a7126aad0a63b81'}

-----

-----
Test: tests/test_user_edit.py::TestUserEdit::test_edit_user_authorized_as_another_user (call)
Time: 2023-10-12 19:19:40.840471
Request method: PUT
Request URL: https://playground.learnqa.ru/api_dev/user/82139
Request data: {'firstName': 'Changed Name By Another User'}
Request headers: {'x-csrf-token': '35169b5695b0260ac913064b1e38d0664b8707e1f53af3b90fbaf7078a7126aad0a63b81'}
Request cookies: {'auth_sid': '25f44dee91454f27719a5adc60b9637cf53af3b90fbaf7078a7126aad0a63b81'}

Response code: 200
Response text: 
Response headers: {'Date': 'Thu, 12 Oct 2023 15:19:39 GMT', 'Content-Type': 'text/html; charset=utf-8', 'Content-Length': '0', 'Connection': 'keep-alive', 'Keep-Alive': 'timeout=10', 'Server': 'Apache', 'Cache-Control': 'max-age=0', 'Expires': 'Thu, 12 Oct 2023 15:19:39 GMT'}
Response cookies: {}

-----

-----
Test: tests/test_user_edit.py::TestUserEdit::test_edit_user_invalid_email (call)
Time: 2023-10-12 19:19:41.837695
Request method: POST
Request URL: https://playground.learnqa.ru/api_dev/user/
Request data: {'password': '123', 'username': 'learnqa', 'firstName': 'Test', 'lastName': 'Example', 'email': 'test10122023191941@example.com'}
Request headers: {}
Request cookies: {}

Response code: 200
Response text: {"id":"82141"}
Response headers: {'Date': 'Thu, 12 Oct 2023 15:19:40 GMT', 'Content-Type': 'application/json', 'Content-Length': '14', 'Connection': 'keep-alive', 'Keep-Alive': 'timeout=10', 'Server': 'Apache', 'Cache-Control': 'max-age=0', 'Expires': 'Thu, 12 Oct 2023 15:19:40 GMT'}
Response cookies: {}

-----

-----
Test: tests/test_user_edit.py::TestUserEdit::test_edit_user_invalid_email (call)
Time: 2023-10-12 19:19:42.772536
Request method: POST
Request URL: https://playground.learnqa.ru/api_dev/user/login
Request data: {'email': 'test10122023191941@example.com', 'password': '123'}
Request headers: {}
Request cookies: {}

Response code: 200
Response text: {"user_id":82141}
Response headers: {'Date': 'Thu, 12 Oct 2023 15:19:41 GMT', 'Content-Type': 'application/json', 'Content-Length': '17', 'Connection': 'keep-alive', 'Keep-Alive': 'timeout=10', 'Server': 'Apache', 'Set-Cookie': 'auth_sid=c5342ae2636febbfd1ea4e73999c0cca05330f08bc68da36ef8fd647c3a67d5d', 'x-csrf-token': '07aec096689fd9e339fb3b70db5b8f7ae745296605330f08bc68da36ef8fd647c3a67d5d', 'Cache-Control': 'max-age=0', 'Expires': 'Thu, 12 Oct 2023 15:19:41 GMT'}
Response cookies: {'auth_sid': 'c5342ae2636febbfd1ea4e73999c0cca05330f08bc68da36ef8fd647c3a67d5d'}

-----

-----
Test: tests/test_user_edit.py::TestUserEdit::test_edit_user_invalid_email (call)
Time: 2023-10-12 19:19:43.149715
Request method: PUT
Request URL: https://playground.learnqa.ru/api_dev/user/82141
Request data: {'email': 'invalidemail.com'}
Request headers: {'x-csrf-token': '07aec096689fd9e339fb3b70db5b8f7ae745296605330f08bc68da36ef8fd647c3a67d5d'}
Request cookies: {'auth_sid': 'c5342ae2636febbfd1ea4e73999c0cca05330f08bc68da36ef8fd647c3a67d5d'}

Response code: 400
Response text: Invalid email format
Response headers: {'Date': 'Thu, 12 Oct 2023 15:19:42 GMT', 'Content-Type': 'text/html; charset=utf-8', 'Content-Length': '20', 'Connection': 'keep-alive', 'Keep-Alive': 'timeout=10', 'Server': 'Apache'}
Response cookies: {}

-----

-----
Test: tests/test_user_edit.py::TestUserEdit::test_edit_user_short_first_name (call)
Time: 2023-10-12 19:19:44.143711
Request method: POST
Request URL: https://playground.learnqa.ru/api_dev/user/
Request data: {'password': '123', 'username': 'learnqa', 'firstName': 'Test', 'lastName': 'Example', 'email': 'test10122023191944@example.com'}
Request headers: {}
Request cookies: {}

Response code: 200
Response text: {"id":"82142"}
Response headers: {'Date': 'Thu, 12 Oct 2023 15:19:43 GMT', 'Content-Type': 'application/json', 'Content-Length': '14', 'Connection': 'keep-alive', 'Keep-Alive': 'timeout=10', 'Server': 'Apache', 'Cache-Control': 'max-age=0', 'Expires': 'Thu, 12 Oct 2023 15:19:42 GMT'}
Response cookies: {}

-----

-----
Test: tests/test_user_edit.py::TestUserEdit::test_edit_user_short_first_name (call)
Time: 2023-10-12 19:19:45.068102
Request method: POST
Request URL: https://playground.learnqa.ru/api_dev/user/login
Request data: {'email': 'test10122023191944@example.com', 'password': '123'}
Request headers: {}
Request cookies: {}

Response code: 200
Response text: {"user_id":82142}
Response headers: {'Date': 'Thu, 12 Oct 2023 15:19:43 GMT', 'Content-Type': 'application/json', 'Content-Length': '17', 'Connection': 'keep-alive', 'Keep-Alive': 'timeout=10', 'Server': 'Apache', 'Set-Cookie': 'auth_sid=66559422adffc77336ea327ba05a0427fcf77aaf7cc46f45b0125b11e021b6f5', 'x-csrf-token': '45d2f2bbde76da564ba096e03423e89bcbbaea08fcf77aaf7cc46f45b0125b11e021b6f5', 'Cache-Control': 'max-age=0', 'Expires': 'Thu, 12 Oct 2023 15:19:43 GMT'}
Response cookies: {'auth_sid': '66559422adffc77336ea327ba05a0427fcf77aaf7cc46f45b0125b11e021b6f5'}

-----

-----
Test: tests/test_user_edit.py::TestUserEdit::test_edit_user_short_first_name (call)
Time: 2023-10-12 19:19:45.533104
Request method: PUT
Request URL: https://playground.learnqa.ru/api_dev/user/82142
Request data: {'firstName': 'A'}
Request headers: {'x-csrf-token': '45d2f2bbde76da564ba096e03423e89bcbbaea08fcf77aaf7cc46f45b0125b11e021b6f5'}
Request cookies: {'auth_sid': '66559422adffc77336ea327ba05a0427fcf77aaf7cc46f45b0125b11e021b6f5'}

Response code: 400
Response text: {"error":"Too short value for field firstName"}
Response headers: {'Date': 'Thu, 12 Oct 2023 15:19:44 GMT', 'Content-Type': 'application/json', 'Content-Length': '47', 'Connection': 'keep-alive', 'Keep-Alive': 'timeout=10', 'Server': 'Apache'}
Response cookies: {}

-----

-----
Test: tests/test_user_get.py::TestUserGet::test_get_user_details_not_auth (call)
Time: 2023-10-12 19:19:46.557204
Request method: GET
Request URL: https://playground.learnqa.ru/api_dev/user/2
Request data: None
Request headers: {}
Request cookies: {}

Response code: 200
Response text: {"username":"Vitaliy"}
Response headers: {'Date': 'Thu, 12 Oct 2023 15:19:45 GMT', 'Content-Type': 'application/json', 'Transfer-Encoding': 'chunked', 'Connection': 'keep-alive', 'Keep-Alive': 'timeout=10', 'Vary': 'Accept-Encoding', 'Server': 'Apache', 'Cache-Control': 'max-age=0', 'Expires': 'Thu, 12 Oct 2023 15:19:44 GMT', 'Content-Encoding': 'gzip'}
Response cookies: {}

-----

-----
Test: tests/test_user_get.py::TestUserGet::test_get_user_details_auth_as_same_user (call)
Time: 2023-10-12 19:19:47.595819
Request method: POST
Request URL: https://playground.learnqa.ru/api_dev/user/login
Request data: {'email': 'vinkotov@example.com', 'password': '1234'}
Request headers: {}
Request cookies: {}

Response code: 200
Response text: {"user_id":2}
Response headers: {'Date': 'Thu, 12 Oct 2023 15:19:46 GMT', 'Content-Type': 'application/json', 'Content-Length': '13', 'Connection': 'keep-alive', 'Keep-Alive': 'timeout=10', 'Server': 'Apache', 'Set-Cookie': 'auth_sid=aad1b2f0a8b708760958507eeb08d55502e94918f1549272bcf2cafc2634fd9d', 'x-csrf-token': 'e1e13df586741409f59fa1a09519d883035249e702e94918f1549272bcf2cafc2634fd9d', 'Cache-Control': 'max-age=0', 'Expires': 'Thu, 12 Oct 2023 15:19:46 GMT'}
Response cookies: {'auth_sid': 'aad1b2f0a8b708760958507eeb08d55502e94918f1549272bcf2cafc2634fd9d'}

-----

-----
Test: tests/test_user_get.py::TestUserGet::test_get_user_details_auth_as_same_user (call)
Time: 2023-10-12 19:19:48.016114
Request method: GET
Request URL: https://playground.learnqa.ru/api_dev/user/2
Request data: None
Request headers: {'x-csrf-token': 'e1e13df586741409f59fa1a09519d883035249e702e94918f1549272bcf2cafc2634fd9d'}
Request cookies: {'auth_sid': 'aad1b2f0a8b708760958507eeb08d55502e94918f1549272bcf2cafc2634fd9d'}

Response code: 200
Response text: {"id":"2","username":"Vitaliy","email":"vinkotov@example.com","firstName":"Vitalii","lastName":"Kotov"}
Response headers: {'Date': 'Thu, 12 Oct 2023 15:19:47 GMT', 'Content-Type': 'application/json', 'Transfer-Encoding': 'chunked', 'Connection': 'keep-alive', 'Keep-Alive': 'timeout=10', 'Vary': 'Accept-Encoding', 'Server': 'Apache', 'Cache-Control': 'max-age=0', 'Expires': 'Thu, 12 Oct 2023 15:19:46 GMT', 'Content-Encoding': 'gzip'}
Response cookies: {}

-----

-----
Test: tests/test_user_get.py::TestUserGet::test_get_another_user_data_after_auth (call)
Time: 2023-10-12 19:19:49.050562
Request method: POST
Request URL: https://playground.learnqa.ru/api_dev/user/login
Request data: {'email': 'vinkotov@example.com', 'password': '1234'}
Request headers: {}
Request cookies: {}

Response code: 200
Response text: {"user_id":2}
Response headers: {'Date': 'Thu, 12 Oct 2023 15:19:47 GMT', 'Content-Type': 'application/json', 'Content-Length': '13', 'Connection': 'keep-alive', 'Keep-Alive': 'timeout=10', 'Server': 'Apache', 'Set-Cookie': 'auth_sid=f866bf72463d6acaff1ca75aeeec687202e94918f1549272bcf2cafc2634fd9d', 'x-csrf-token': '59d91f65dddeb6db1b114b6481adaef94094edf802e94918f1549272bcf2cafc2634fd9d', 'Cache-Control': 'max-age=0', 'Expires': 'Thu, 12 Oct 2023 15:19:47 GMT'}
Response cookies: {'auth_sid': 'f866bf72463d6acaff1ca75aeeec687202e94918f1549272bcf2cafc2634fd9d'}

-----

-----
Test: tests/test_user_get.py::TestUserGet::test_get_another_user_data_after_auth (call)
Time: 2023-10-12 19:19:49.413334
Request method: GET
Request URL: https://playground.learnqa.ru/api_dev/user/1
Request data: None
Request headers: {'x-csrf-token': '59d91f65dddeb6db1b114b6481adaef94094edf802e94918f1549272bcf2cafc2634fd9d'}
Request cookies: {'auth_sid': 'f866bf72463d6acaff1ca75aeeec687202e94918f1549272bcf2cafc2634fd9d'}

Response code: 200
Response text: {"username":"Lana"}
Response headers: {'Date': 'Thu, 12 Oct 2023 15:19:48 GMT', 'Content-Type': 'application/json', 'Content-Length': '19', 'Connection': 'keep-alive', 'Keep-Alive': 'timeout=10', 'Server': 'Apache', 'Cache-Control': 'max-age=0', 'Expires': 'Thu, 12 Oct 2023 15:19:47 GMT'}
Response cookies: {}

-----

-----
Test: tests/test_user_register.py::TestUserRegister::test_create_user_successfully (call)
Time: 2023-10-12 19:19:50.389756
Request method: POST
Request URL: https://playground.learnqa.ru/api_dev/user/
Request data: {'password': '123', 'username': 'learnqa', 'firstName': 'Test', 'lastName': 'Example', 'email': 'test10122023191950@example.com'}
Request headers: {}
Request cookies: {}

Response code: 200
Response text: {"id":"82143"}
Response headers: {'Date': 'Thu, 12 Oct 2023 15:19:49 GMT', 'Content-Type': 'application/json', 'Content-Length': '14', 'Connection': 'keep-alive', 'Keep-Alive': 'timeout=10', 'Server': 'Apache', 'Cache-Control': 'max-age=0', 'Expires': 'Thu, 12 Oct 2023 15:19:48 GMT'}
Response cookies: {}

-----

-----
Test: tests/test_user_register.py::TestUserRegister::test_create_user_with_existing_email (call)
Time: 2023-10-12 19:19:51.260042
Request method: POST
Request URL: https://playground.learnqa.ru/api_dev/user/
Request data: {'password': '123', 'username': 'learnqa', 'firstName': 'Test', 'lastName': 'Example', 'email': 'test@example.com'}
Request headers: {}
Request cookies: {}

Response code: 400
Response text: Users with email 'test@example.com' already exists
Response headers: {'Date': 'Thu, 12 Oct 2023 15:19:50 GMT', 'Content-Type': 'text/html; charset=utf-8', 'Content-Length': '50', 'Connection': 'keep-alive', 'Keep-Alive': 'timeout=10', 'Server': 'Apache'}
Response cookies: {}

-----

-----
Test: tests/test_user_register.py::TestUserRegister::test_create_user_with_invalid_email (call)
Time: 2023-10-12 19:19:52.129964
Request method: POST
Request URL: https://playground.learnqa.ru/api_dev/user/
Request data: {'password': '123', 'username': 'learnqa', 'firstName': 'Test', 'lastName': 'Example', 'email': 'testemail.com'}
Request headers: {}
Request cookies: {}

Response code: 400
Response text: Invalid email format
Response headers: {'Date': 'Thu, 12 Oct 2023 15:19:51 GMT', 'Content-Type': 'text/html; charset=utf-8', 'Content-Length': '20', 'Connection': 'keep-alive', 'Keep-Alive': 'timeout=10', 'Server': 'Apache'}
Response cookies: {}

-----

-----
Test: tests/test_user_register.py::TestUserRegister::test_create_user_without_field[username] (call)
Time: 2023-10-12 19:19:53.006254
Request method: POST
Request URL: https://playground.learnqa.ru/api_dev/user/
Request data: {'password': '123', 'firstName': 'Test', 'lastName': 'Example', 'email': 'test10122023191953@example.com'}
Request headers: {}
Request cookies: {}

Response code: 400
Response text: The following required params are missed: username
Response headers: {'Date': 'Thu, 12 Oct 2023 15:19:51 GMT', 'Content-Type': 'text/html; charset=utf-8', 'Content-Length': '50', 'Connection': 'keep-alive', 'Keep-Alive': 'timeout=10', 'Server': 'Apache'}
Response cookies: {}

-----

-----
Test: tests/test_user_register.py::TestUserRegister::test_create_user_without_field[password] (call)
Time: 2023-10-12 19:19:53.912326
Request method: POST
Request URL: https://playground.learnqa.ru/api_dev/user/
Request data: {'username': 'learnqa', 'firstName': 'Test', 'lastName': 'Example', 'email': 'test10122023191953@example.com'}
Request headers: {}
Request cookies: {}

Response code: 400
Response text: The following required params are missed: password
Response headers: {'Date': 'Thu, 12 Oct 2023 15:19:52 GMT', 'Content-Type': 'text/html; charset=utf-8', 'Content-Length': '50', 'Connection': 'keep-alive', 'Keep-Alive': 'timeout=10', 'Server': 'Apache'}
Response cookies: {}

-----

-----
Test: tests/test_user_register.py::TestUserRegister::test_create_user_without_field[email] (call)
Time: 2023-10-12 19:19:54.817654
Request method: POST
Request URL: https://playground.learnqa.ru/api_dev/user/
Request data: {'password': '123', 'username': 'learnqa', 'firstName': 'Test', 'lastName': 'Example'}
Request headers: {}
Request cookies: {}

Response code: 400
Response text: The following required params are missed: email
Response headers: {'Date': 'Thu, 12 Oct 2023 15:19:53 GMT', 'Content-Type': 'text/html; charset=utf-8', 'Content-Length': '47', 'Connection': 'keep-alive', 'Keep-Alive': 'timeout=10', 'Server': 'Apache'}
Response cookies: {}

-----

-----
Test: tests/test_user_register.py::TestUserRegister::test_create_user_without_field[firstName] (call)
Time: 2023-10-12 19:19:55.744397
Request method: POST
Request URL: https://playground.learnqa.ru/api_dev/user/
Request data: {'password': '123', 'username': 'learnqa', 'lastName': 'Example', 'email': 'test10122023191955@example.com'}
Request headers: {}
Request cookies: {}

Response code: 400
Response text: The following required params are missed: firstName
Response headers: {'Date': 'Thu, 12 Oct 2023 15:19:54 GMT', 'Content-Type': 'text/html; charset=utf-8', 'Content-Length': '51', 'Connection': 'keep-alive', 'Keep-Alive': 'timeout=10', 'Server': 'Apache'}
Response cookies: {}

-----

-----
Test: tests/test_user_register.py::TestUserRegister::test_create_user_without_field[lastName] (call)
Time: 2023-10-12 19:19:56.653678
Request method: POST
Request URL: https://playground.learnqa.ru/api_dev/user/
Request data: {'password': '123', 'username': 'learnqa', 'firstName': 'Test', 'email': 'test10122023191956@example.com'}
Request headers: {}
Request cookies: {}

Response code: 400
Response text: The following required params are missed: lastName
Response headers: {'Date': 'Thu, 12 Oct 2023 15:19:55 GMT', 'Content-Type': 'text/html; charset=utf-8', 'Content-Length': '50', 'Connection': 'keep-alive', 'Keep-Alive': 'timeout=10', 'Server': 'Apache'}
Response cookies: {}

-----

-----
Test: tests/test_user_register.py::TestUserRegister::test_create_user_with_short_name (call)
Time: 2023-10-12 19:19:57.567325
Request method: POST
Request URL: https://playground.learnqa.ru/api_dev/user/
Request data: {'password': '123', 'username': 'learnqa', 'firstName': 'A', 'lastName': 'Example', 'email': 'test10122023191957@example.com'}
Request headers: {}
Request cookies: {}

Response code: 400
Response text: The value of 'firstName' field is too short
Response headers: {'Date': 'Thu, 12 Oct 2023 15:19:56 GMT', 'Content-Type': 'text/html; charset=utf-8', 'Content-Length': '43', 'Connection': 'keep-alive', 'Keep-Alive': 'timeout=10', 'Server': 'Apache'}
Response cookies: {}

-----

-----
Test: tests/test_user_register.py::TestUserRegister::test_create_user_with_long_name (call)
Time: 2023-10-12 19:19:58.491514
Request method: POST
Request URL: https://playground.learnqa.ru/api_dev/user/
Request data: {'password': '123', 'username': 'learnqa', 'firstName': 'AAAAAAAAAAAAAAAAAAAAAAAAAAAAAAAAAAAAAAAAAAAAAAAAAAAAAAAAAAAAAAAAAAAAAAAAAAAAAAAAAAAAAAAAAAAAAAAAAAAAAAAAAAAAAAAAAAAAAAAAAAAAAAAAAAAAAAAAAAAAAAAAAAAAAAAAAAAAAAAAAAAAAAAAAAAAAAAAAAAAAAAAAAAAAAAAAAAAAAAAAAAAAAAAAAAAAAAAAAAAAAAAAAAAAAAAAAAAAAAAAAAAAAAAAAA', 'lastName': 'Example', 'email': 'test10122023191958@example.com'}
Request headers: {}
Request cookies: {}

Response code: 400
Response text: The value of 'firstName' field is too long
Response headers: {'Date': 'Thu, 12 Oct 2023 15:19:57 GMT', 'Content-Type': 'text/html; charset=utf-8', 'Content-Length': '42', 'Connection': 'keep-alive', 'Keep-Alive': 'timeout=10', 'Server': 'Apache'}
Response cookies: {}

-----
