
-----
Test: tests/test_user_auth.py::TestUserAuth::test_auth_user (setup)
Time: 2023-10-11 12:14:47.670600
Request method: POST
Request URL: https://playground.learnqa.ru/api/user/login
Request data: {'email': 'vinkotov@example.com', 'password': '1234'}
Request headers: {}
Request cookies: {}

Response code: 200
Response text: {"user_id":2}
Response headers: {'Date': 'Wed, 11 Oct 2023 12:15:02 GMT', 'Content-Type': 'application/json', 'Content-Length': '13', 'Connection': 'keep-alive', 'Keep-Alive': 'timeout=10', 'Server': 'Apache', 'Set-Cookie': 'auth_sid=54822220de70bcd87b3af958963a84f802e94918f1549272bcf2cafc2634fd9d', 'x-csrf-token': 'a9b1b1e332c439950a26a1886f49f33b4758e83d02e94918f1549272bcf2cafc2634fd9d', 'Cache-Control': 'max-age=0', 'Expires': 'Wed, 11 Oct 2023 12:15:02 GMT'}
Response cookies: {'auth_sid': '54822220de70bcd87b3af958963a84f802e94918f1549272bcf2cafc2634fd9d'}

-----

-----
Test: tests/test_user_auth.py::TestUserAuth::test_auth_user (call)
Time: 2023-10-11 12:15:03.101368
Request method: GET
Request URL: https://playground.learnqa.ru/api/user/auth
Request data: None
Request headers: {'x-csrf-token': 'a9b1b1e332c439950a26a1886f49f33b4758e83d02e94918f1549272bcf2cafc2634fd9d'}
Request cookies: {'auth_sid': '54822220de70bcd87b3af958963a84f802e94918f1549272bcf2cafc2634fd9d'}

Response code: 200
Response text: {"user_id":2}
Response headers: {'Date': 'Wed, 11 Oct 2023 12:15:18 GMT', 'Content-Type': 'application/json', 'Content-Length': '13', 'Connection': 'keep-alive', 'Keep-Alive': 'timeout=10', 'Server': 'Apache', 'Cache-Control': 'max-age=0', 'Expires': 'Wed, 11 Oct 2023 12:15:17 GMT'}
Response cookies: {}

-----

-----
Test: tests/test_user_auth.py::TestUserAuth::test_negative_auth_check[no_cookie] (setup)
Time: 2023-10-11 12:15:18.608840
Request method: POST
Request URL: https://playground.learnqa.ru/api/user/login
Request data: {'email': 'vinkotov@example.com', 'password': '1234'}
Request headers: {}
Request cookies: {}

Response code: 200
Response text: {"user_id":2}
Response headers: {'Date': 'Wed, 11 Oct 2023 12:15:18 GMT', 'Content-Type': 'application/json', 'Content-Length': '13', 'Connection': 'keep-alive', 'Keep-Alive': 'timeout=10', 'Server': 'Apache', 'Set-Cookie': 'auth_sid=f4baabd506f8e21b83b85a41acb33a4d02e94918f1549272bcf2cafc2634fd9d', 'x-csrf-token': '7b6b85ccf658e03cc56d49edbd4688142f1a24c102e94918f1549272bcf2cafc2634fd9d', 'Cache-Control': 'max-age=0', 'Expires': 'Wed, 11 Oct 2023 12:15:18 GMT'}
Response cookies: {'auth_sid': 'f4baabd506f8e21b83b85a41acb33a4d02e94918f1549272bcf2cafc2634fd9d'}

-----

-----
Test: tests/test_user_auth.py::TestUserAuth::test_negative_auth_check[no_cookie] (call)
Time: 2023-10-11 12:15:18.782892
Request method: GET
Request URL: https://playground.learnqa.ru/api/user/auth
Request data: None
Request headers: {'x-csrf-token': '7b6b85ccf658e03cc56d49edbd4688142f1a24c102e94918f1549272bcf2cafc2634fd9d'}
Request cookies: {}

Response code: 200
Response text: {"user_id":0}
Response headers: {'Date': 'Wed, 11 Oct 2023 12:15:18 GMT', 'Content-Type': 'application/json', 'Content-Length': '13', 'Connection': 'keep-alive', 'Keep-Alive': 'timeout=10', 'Server': 'Apache', 'Cache-Control': 'max-age=0', 'Expires': 'Wed, 11 Oct 2023 12:15:18 GMT'}
Response cookies: {}

-----

-----
Test: tests/test_user_auth.py::TestUserAuth::test_negative_auth_check[no_token] (setup)
Time: 2023-10-11 12:15:19.082097
Request method: POST
Request URL: https://playground.learnqa.ru/api/user/login
Request data: {'email': 'vinkotov@example.com', 'password': '1234'}
Request headers: {}
Request cookies: {}


-----
Test: tests/test_user_auth.py::TestUserAuth::test_cookie (setup)
Time: 2023-10-11 12:15:19.544082
Request method: POST
Request URL: https://playground.learnqa.ru/api/user/login
Request data: {'email': 'vinkotov@example.com', 'password': '1234'}
Request headers: {}
Request cookies: {}

