
-----
Test: tests/test_user_edit.py::TestUserEdit::test_edit_just_created_user (call)
Time: 2023-10-11 04:28:41.585737
Request method: POST
Request URL: https://playground.learnqa.ru/api/user/
Request data: {'password': '123', 'username': 'learnqa', 'firstName': 'Test', 'lastName': 'Example', 'email': 'test10112023042841@example.com'}
Request headers: {}
Request cookies: {}

Response code: 200
Response text: {"id":"82021"}
Response headers: {'Date': 'Wed, 11 Oct 2023 00:28:41 GMT', 'Content-Type': 'application/json', 'Content-Length': '14', 'Connection': 'keep-alive', 'Keep-Alive': 'timeout=10', 'Server': 'Apache', 'Cache-Control': 'max-age=0', 'Expires': 'Wed, 11 Oct 2023 00:28:41 GMT'}
Response cookies: {}

-----

-----
Test: tests/test_user_edit.py::TestUserEdit::test_edit_just_created_user (call)
Time: 2023-10-11 04:28:42.545668
Request method: POST
Request URL: https://playground.learnqa.ru/api/user/login
Request data: {'email': 'test10112023042841@example.com', 'password': '123'}
Request headers: {}
Request cookies: {}

Response code: 200
Response text: {"user_id":82021}
Response headers: {'Date': 'Wed, 11 Oct 2023 00:28:42 GMT', 'Content-Type': 'application/json', 'Content-Length': '17', 'Connection': 'keep-alive', 'Keep-Alive': 'timeout=10', 'Server': 'Apache', 'Set-Cookie': 'auth_sid=230d87cf1620b0a91eeb972c8c9d93fe5d290b58609781ae8f441e65d97cd9d8', 'x-csrf-token': 'b43769f9af523fbba71a789b8783be18b48b222d5d290b58609781ae8f441e65d97cd9d8', 'Cache-Control': 'max-age=0', 'Expires': 'Wed, 11 Oct 2023 00:28:42 GMT'}
Response cookies: {'auth_sid': '230d87cf1620b0a91eeb972c8c9d93fe5d290b58609781ae8f441e65d97cd9d8'}

-----

-----
Test: tests/test_user_edit.py::TestUserEdit::test_edit_just_created_user (call)
Time: 2023-10-11 04:28:42.928685
Request method: PUT
Request URL: https://playground.learnqa.ru/api/user/82021
Request data: {'firstName': 'Changed Name'}
Request headers: {'x-csrf-token': 'b43769f9af523fbba71a789b8783be18b48b222d5d290b58609781ae8f441e65d97cd9d8'}
Request cookies: {'auth_sid': '230d87cf1620b0a91eeb972c8c9d93fe5d290b58609781ae8f441e65d97cd9d8'}

Response code: 200
Response text: 
Response headers: {'Date': 'Wed, 11 Oct 2023 00:28:43 GMT', 'Content-Type': 'text/html; charset=utf-8', 'Content-Length': '0', 'Connection': 'keep-alive', 'Keep-Alive': 'timeout=10', 'Server': 'Apache', 'Cache-Control': 'max-age=0', 'Expires': 'Wed, 11 Oct 2023 00:28:42 GMT'}
Response cookies: {}

-----

-----
Test: tests/test_user_edit.py::TestUserEdit::test_edit_just_created_user (call)
Time: 2023-10-11 04:28:43.896611
Request method: GET
Request URL: https://playground.learnqa.ru/api/user/82021
Request data: None
Request headers: {'x-csrf-token': 'b43769f9af523fbba71a789b8783be18b48b222d5d290b58609781ae8f441e65d97cd9d8'}
Request cookies: {'auth_sid': '230d87cf1620b0a91eeb972c8c9d93fe5d290b58609781ae8f441e65d97cd9d8'}

Response code: 200
Response text: {"id":"82021","username":"learnqa","email":"test10112023042841@example.com","firstName":"Changed Name","lastName":"Example"}
Response headers: {'Date': 'Wed, 11 Oct 2023 00:28:44 GMT', 'Content-Type': 'application/json', 'Transfer-Encoding': 'chunked', 'Connection': 'keep-alive', 'Keep-Alive': 'timeout=10', 'Vary': 'Accept-Encoding', 'Server': 'Apache', 'Cache-Control': 'max-age=0', 'Expires': 'Wed, 11 Oct 2023 00:28:43 GMT', 'Content-Encoding': 'gzip'}
Response cookies: {}

-----

-----
Test: tests/test_user_get.py::TestUserGet::test_get_user_details_not_auth (call)
Time: 2023-10-11 04:28:44.804470
Request method: GET
Request URL: https://playground.learnqa.ru/api/user/2
Request data: None
Request headers: {}
Request cookies: {}

Response code: 200
Response text: {"username":"Vitaliy"}
Response headers: {'Date': 'Wed, 11 Oct 2023 00:28:45 GMT', 'Content-Type': 'application/json', 'Transfer-Encoding': 'chunked', 'Connection': 'keep-alive', 'Keep-Alive': 'timeout=10', 'Vary': 'Accept-Encoding', 'Server': 'Apache', 'Cache-Control': 'max-age=0', 'Expires': 'Wed, 11 Oct 2023 00:28:44 GMT', 'Content-Encoding': 'gzip'}
Response cookies: {}

-----

-----
Test: tests/test_user_get.py::TestUserGet::test_get_user_details_auth_as_same_user (call)
Time: 2023-10-11 04:28:45.857387
Request method: POST
Request URL: https://playground.learnqa.ru/api/user/login
Request data: {'email': 'vinkotov@example.com', 'password': '1234'}
Request headers: {}
Request cookies: {}

Response code: 200
Response text: {"user_id":2}
Response headers: {'Date': 'Wed, 11 Oct 2023 00:28:45 GMT', 'Content-Type': 'application/json', 'Content-Length': '13', 'Connection': 'keep-alive', 'Keep-Alive': 'timeout=10', 'Server': 'Apache', 'Set-Cookie': 'auth_sid=609aaaca70e74ff4ed5fee875b1744ae02e94918f1549272bcf2cafc2634fd9d', 'x-csrf-token': 'abd3326e5a38a0d128405df6b412dc5caf31c71102e94918f1549272bcf2cafc2634fd9d', 'Cache-Control': 'max-age=0', 'Expires': 'Wed, 11 Oct 2023 00:28:45 GMT'}
Response cookies: {'auth_sid': '609aaaca70e74ff4ed5fee875b1744ae02e94918f1549272bcf2cafc2634fd9d'}

-----

-----
Test: tests/test_user_get.py::TestUserGet::test_get_user_details_auth_as_same_user (call)
Time: 2023-10-11 04:28:46.274629
Request method: GET
Request URL: https://playground.learnqa.ru/api/user/2
Request data: None
Request headers: {'x-csrf-token': 'abd3326e5a38a0d128405df6b412dc5caf31c71102e94918f1549272bcf2cafc2634fd9d'}
Request cookies: {'auth_sid': '609aaaca70e74ff4ed5fee875b1744ae02e94918f1549272bcf2cafc2634fd9d'}

Response code: 200
Response text: {"id":"2","username":"Vitaliy","email":"vinkotov@example.com","firstName":"Vitalii","lastName":"Kotov"}
Response headers: {'Date': 'Wed, 11 Oct 2023 00:28:46 GMT', 'Content-Type': 'application/json', 'Transfer-Encoding': 'chunked', 'Connection': 'keep-alive', 'Keep-Alive': 'timeout=10', 'Vary': 'Accept-Encoding', 'Server': 'Apache', 'Cache-Control': 'max-age=0', 'Expires': 'Wed, 11 Oct 2023 00:28:45 GMT', 'Content-Encoding': 'gzip'}
Response cookies: {}

-----

-----
Test: tests/test_user_register.py::TestUserRegister::test_create_user_successfully (call)
Time: 2023-10-11 04:28:47.292888
Request method: POST
Request URL: https://playground.learnqa.ru/api/user/
Request data: {'password': '123', 'username': 'learnqa', 'firstName': 'Test', 'lastName': 'Example', 'email': 'test10112023042847@example.com'}
Request headers: {}
Request cookies: {}

Response code: 200
Response text: {"id":"82022"}
Response headers: {'Date': 'Wed, 11 Oct 2023 00:28:47 GMT', 'Content-Type': 'application/json', 'Content-Length': '14', 'Connection': 'keep-alive', 'Keep-Alive': 'timeout=10', 'Server': 'Apache', 'Cache-Control': 'max-age=0', 'Expires': 'Wed, 11 Oct 2023 00:28:46 GMT'}
Response cookies: {}

-----

-----
Test: tests/test_user_register.py::TestUserRegister::test_create_user_with_existing_email (call)
Time: 2023-10-11 04:28:48.198526
Request method: POST
Request URL: https://playground.learnqa.ru/api/user/
Request data: {'password': '123', 'username': 'learnqa', 'firstName': 'Test', 'lastName': 'Example', 'email': 'test@example.com'}
Request headers: {}
Request cookies: {}

Response code: 400
Response text: Users with email 'test@example.com' already exists
Response headers: {'Date': 'Wed, 11 Oct 2023 00:28:48 GMT', 'Content-Type': 'text/html; charset=utf-8', 'Content-Length': '50', 'Connection': 'keep-alive', 'Keep-Alive': 'timeout=10', 'Server': 'Apache'}
Response cookies: {}

-----
