
-----
Test: tests/test_user_auth.py::TestUserAuth::test_auth_user (setup)
Time: 2023-10-12 01:13:17.491134
Request method: POST
Request URL: https://playground.learnqa.ru/api/user/login
Request data: {'email': 'vinkotov@example.com', 'password': '1234'}
Request headers: {}
Request cookies: {}

Response code: 200
Response text: {"user_id":2}
Response headers: {'Date': 'Wed, 11 Oct 2023 21:13:17 GMT', 'Content-Type': 'application/json', 'Content-Length': '13', 'Connection': 'keep-alive', 'Keep-Alive': 'timeout=10', 'Server': 'Apache', 'Set-Cookie': 'auth_sid=538870b09cbe2d6e49282cacbaf5eec802e94918f1549272bcf2cafc2634fd9d', 'x-csrf-token': 'ce0e1f9ea2f2d690e88a717e76d6f0c59797d47102e94918f1549272bcf2cafc2634fd9d', 'Cache-Control': 'max-age=0', 'Expires': 'Wed, 11 Oct 2023 21:13:17 GMT'}
Response cookies: {'auth_sid': '538870b09cbe2d6e49282cacbaf5eec802e94918f1549272bcf2cafc2634fd9d'}

-----

-----
Test: tests/test_user_auth.py::TestUserAuth::test_auth_user (call)
Time: 2023-10-12 01:13:17.945359
Request method: GET
Request URL: https://playground.learnqa.ru/api/user/auth
Request data: None
Request headers: {'x-csrf-token': 'ce0e1f9ea2f2d690e88a717e76d6f0c59797d47102e94918f1549272bcf2cafc2634fd9d'}
Request cookies: {'auth_sid': '538870b09cbe2d6e49282cacbaf5eec802e94918f1549272bcf2cafc2634fd9d'}

Response code: 200
Response text: {"user_id":2}
Response headers: {'Date': 'Wed, 11 Oct 2023 21:13:18 GMT', 'Content-Type': 'application/json', 'Content-Length': '13', 'Connection': 'keep-alive', 'Keep-Alive': 'timeout=10', 'Server': 'Apache', 'Cache-Control': 'max-age=0', 'Expires': 'Wed, 11 Oct 2023 21:13:18 GMT'}
Response cookies: {}

-----

-----
Test: tests/test_user_auth.py::TestUserAuth::test_negative_auth_check[no_cookie] (setup)
Time: 2023-10-12 01:13:18.513120
Request method: POST
Request URL: https://playground.learnqa.ru/api/user/login
Request data: {'email': 'vinkotov@example.com', 'password': '1234'}
Request headers: {}
Request cookies: {}

Response code: 200
Response text: {"user_id":2}
Response headers: {'Date': 'Wed, 11 Oct 2023 21:13:19 GMT', 'Content-Type': 'application/json', 'Content-Length': '13', 'Connection': 'keep-alive', 'Keep-Alive': 'timeout=10', 'Server': 'Apache', 'Set-Cookie': 'auth_sid=8fbbe20c6a30c07fc878519c20b9fb1c02e94918f1549272bcf2cafc2634fd9d', 'x-csrf-token': '89bbe5255721074900f0f55f1e23bdbd909a8eae02e94918f1549272bcf2cafc2634fd9d', 'Cache-Control': 'max-age=0', 'Expires': 'Wed, 11 Oct 2023 21:13:19 GMT'}
Response cookies: {'auth_sid': '8fbbe20c6a30c07fc878519c20b9fb1c02e94918f1549272bcf2cafc2634fd9d'}

-----

-----
Test: tests/test_user_auth.py::TestUserAuth::test_negative_auth_check[no_cookie] (call)
Time: 2023-10-12 01:13:19.994633
Request method: GET
Request URL: https://playground.learnqa.ru/api/user/auth
Request data: None
Request headers: {'x-csrf-token': '89bbe5255721074900f0f55f1e23bdbd909a8eae02e94918f1549272bcf2cafc2634fd9d'}
Request cookies: {}

Response code: 200
Response text: {"user_id":0}
Response headers: {'Date': 'Wed, 11 Oct 2023 21:13:24 GMT', 'Content-Type': 'application/json', 'Content-Length': '13', 'Connection': 'keep-alive', 'Keep-Alive': 'timeout=10', 'Server': 'Apache', 'Cache-Control': 'max-age=0', 'Expires': 'Wed, 11 Oct 2023 21:13:24 GMT'}
Response cookies: {}

-----

-----
Test: tests/test_user_auth.py::TestUserAuth::test_negative_auth_check[no_token] (setup)
Time: 2023-10-12 01:13:24.369724
Request method: POST
Request URL: https://playground.learnqa.ru/api/user/login
Request data: {'email': 'vinkotov@example.com', 'password': '1234'}
Request headers: {}
Request cookies: {}

Response code: 200
Response text: {"user_id":2}
Response headers: {'Date': 'Wed, 11 Oct 2023 21:13:24 GMT', 'Content-Type': 'application/json', 'Content-Length': '13', 'Connection': 'keep-alive', 'Keep-Alive': 'timeout=10', 'Server': 'Apache', 'Set-Cookie': 'auth_sid=eb48e800218f74d98bd576751d6cb05e02e94918f1549272bcf2cafc2634fd9d', 'x-csrf-token': '4c5f0442a5c698c9bef451b873b7db07da51201d02e94918f1549272bcf2cafc2634fd9d', 'Cache-Control': 'max-age=0', 'Expires': 'Wed, 11 Oct 2023 21:13:24 GMT'}
Response cookies: {'auth_sid': 'eb48e800218f74d98bd576751d6cb05e02e94918f1549272bcf2cafc2634fd9d'}

-----

-----
Test: tests/test_user_auth.py::TestUserAuth::test_negative_auth_check[no_token] (call)
Time: 2023-10-12 01:13:24.732525
Request method: GET
Request URL: https://playground.learnqa.ru/api/user/auth
Request data: None
Request headers: {}
Request cookies: {'auth_sid': 'eb48e800218f74d98bd576751d6cb05e02e94918f1549272bcf2cafc2634fd9d'}

Response code: 200
Response text: {"user_id":0}
Response headers: {'Date': 'Wed, 11 Oct 2023 21:13:25 GMT', 'Content-Type': 'application/json', 'Content-Length': '13', 'Connection': 'keep-alive', 'Keep-Alive': 'timeout=10', 'Server': 'Apache', 'Cache-Control': 'max-age=0', 'Expires': 'Wed, 11 Oct 2023 21:13:24 GMT'}
Response cookies: {}

-----

-----
Test: tests/test_user_auth.py::TestUserAuth::test_cookie (setup)
Time: 2023-10-12 01:13:25.228809
Request method: POST
Request URL: https://playground.learnqa.ru/api/user/login
Request data: {'email': 'vinkotov@example.com', 'password': '1234'}
Request headers: {}
Request cookies: {}

Response code: 200
Response text: {"user_id":2}
Response headers: {'Date': 'Wed, 11 Oct 2023 21:13:25 GMT', 'Content-Type': 'application/json', 'Content-Length': '13', 'Connection': 'keep-alive', 'Keep-Alive': 'timeout=10', 'Server': 'Apache', 'Set-Cookie': 'auth_sid=8308374fe6d48ab245a9e538f98759d302e94918f1549272bcf2cafc2634fd9d', 'x-csrf-token': '561571037dc92444af18c24fc9139eef6a99ead402e94918f1549272bcf2cafc2634fd9d', 'Cache-Control': 'max-age=0', 'Expires': 'Wed, 11 Oct 2023 21:13:25 GMT'}
Response cookies: {'auth_sid': '8308374fe6d48ab245a9e538f98759d302e94918f1549272bcf2cafc2634fd9d'}

-----

-----
Test: tests/test_user_auth.py::TestUserAuth::test_cookie (call)
Time: 2023-10-12 01:13:25.592653
Request method: GET
Request URL: https://playground.learnqa.ru/api/homework_cookie
Request data: None
Request headers: {}
Request cookies: {}

Response code: 200
Response text: 
Response headers: {'Date': 'Wed, 11 Oct 2023 21:13:29 GMT', 'Content-Type': 'text/html; charset=utf-8', 'Content-Length': '0', 'Connection': 'keep-alive', 'Keep-Alive': 'timeout=10', 'Server': 'Apache', 'Set-Cookie': 'HomeWork=hw_value; expires=Sat, 11-Nov-2023 21:13:29 GMT; Max-Age=2678400; path=/; domain=playground.learnqa.ru; HttpOnly', 'Cache-Control': 'max-age=0', 'Expires': 'Wed, 11 Oct 2023 21:13:29 GMT'}
Response cookies: {'HomeWork': 'hw_value'}

-----

-----
Test: tests/test_user_auth.py::TestUserAuth::test_homework_header (setup)
Time: 2023-10-12 01:13:29.809322
Request method: POST
Request URL: https://playground.learnqa.ru/api/user/login
Request data: {'email': 'vinkotov@example.com', 'password': '1234'}
Request headers: {}
Request cookies: {}

Response code: 200
Response text: {"user_id":2}
Response headers: {'Date': 'Wed, 11 Oct 2023 21:13:30 GMT', 'Content-Type': 'application/json', 'Content-Length': '13', 'Connection': 'keep-alive', 'Keep-Alive': 'timeout=10', 'Server': 'Apache', 'Set-Cookie': 'auth_sid=7476056c7f5e3fdfde78ee8e4fb7b93302e94918f1549272bcf2cafc2634fd9d', 'x-csrf-token': '6a72abeef8a0eb1514594d9577c2783a2804c83402e94918f1549272bcf2cafc2634fd9d', 'Cache-Control': 'max-age=0', 'Expires': 'Wed, 11 Oct 2023 21:13:30 GMT'}
Response cookies: {'auth_sid': '7476056c7f5e3fdfde78ee8e4fb7b93302e94918f1549272bcf2cafc2634fd9d'}

-----

-----
Test: tests/test_user_auth.py::TestUserAuth::test_homework_header (call)
Time: 2023-10-12 01:13:30.175132
Request method: GET
Request URL: https://playground.learnqa.ru/api/homework_header
Request data: None
Request headers: {}
Request cookies: {}

Response code: 200
Response text: {"success":"!"}
Response headers: {'Date': 'Wed, 11 Oct 2023 21:13:30 GMT', 'Content-Type': 'application/json', 'Content-Length': '15', 'Connection': 'keep-alive', 'Keep-Alive': 'timeout=10', 'Server': 'Apache', 'x-secret-homework-header': 'Some secret value', 'Cache-Control': 'max-age=0', 'Expires': 'Wed, 11 Oct 2023 21:13:30 GMT'}
Response cookies: {}

-----

-----
Test: tests/test_user_auth.py::TestUserAuth::test_user_agent_check[Mozilla/5.0 (Linux; U; Android 4.0.2; en-us; Galaxy Nexus Build/ICL53F) AppleWebKit/534.30 (KHTML, like Gecko) Version/4.0 Mobile Safari/534.30-expected_values0] (setup)
Time: 2023-10-12 01:13:30.575308
Request method: POST
Request URL: https://playground.learnqa.ru/api/user/login
Request data: {'email': 'vinkotov@example.com', 'password': '1234'}
Request headers: {}
Request cookies: {}

Response code: 200
Response text: {"user_id":2}
Response headers: {'Date': 'Wed, 11 Oct 2023 21:13:30 GMT', 'Content-Type': 'application/json', 'Content-Length': '13', 'Connection': 'keep-alive', 'Keep-Alive': 'timeout=10', 'Server': 'Apache', 'Set-Cookie': 'auth_sid=bf3a865fede17b54a91432a672a409db02e94918f1549272bcf2cafc2634fd9d', 'x-csrf-token': '14a0c66d609baa597ad9d1c8d4cecf8e5f1a22a302e94918f1549272bcf2cafc2634fd9d', 'Cache-Control': 'max-age=0', 'Expires': 'Wed, 11 Oct 2023 21:13:30 GMT'}
Response cookies: {'auth_sid': 'bf3a865fede17b54a91432a672a409db02e94918f1549272bcf2cafc2634fd9d'}

-----

-----
Test: tests/test_user_auth.py::TestUserAuth::test_user_agent_check[Mozilla/5.0 (Linux; U; Android 4.0.2; en-us; Galaxy Nexus Build/ICL53F) AppleWebKit/534.30 (KHTML, like Gecko) Version/4.0 Mobile Safari/534.30-expected_values0] (call)
Time: 2023-10-12 01:13:30.947541
Request method: GET
Request URL: https://playground.learnqa.ru/api/user_agent_check
Request data: None
Request headers: {'User-Agent': 'Mozilla/5.0 (Linux; U; Android 4.0.2; en-us; Galaxy Nexus Build/ICL53F) AppleWebKit/534.30 (KHTML, like Gecko) Version/4.0 Mobile Safari/534.30'}
Request cookies: {}

Response code: 200
Response text: {"user_agent":"Mozilla\/5.0 (Linux; U; Android 4.0.2; en-us; Galaxy Nexus Build\/ICL53F) AppleWebKit\/534.30 (KHTML, like Gecko) Version\/4.0 Mobile Safari\/534.30","platform":"Mobile","browser":"No","device":"Android"}
Response headers: {'Date': 'Wed, 11 Oct 2023 21:13:31 GMT', 'Content-Type': 'application/json', 'Transfer-Encoding': 'chunked', 'Connection': 'keep-alive', 'Keep-Alive': 'timeout=10', 'Vary': 'Accept-Encoding', 'Server': 'Apache', 'Cache-Control': 'max-age=0', 'Expires': 'Wed, 11 Oct 2023 21:13:31 GMT', 'Content-Encoding': 'gzip'}
Response cookies: {}

-----

-----
Test: tests/test_user_auth.py::TestUserAuth::test_user_agent_check[Mozilla/5.0 (iPad; CPU OS 13_2 like Mac OS X) AppleWebKit/605.1.15 (KHTML, like Gecko) CriOS/91.0.4472.77 Mobile/15E148 Safari/604.1-expected_values1] (setup)
Time: 2023-10-12 01:13:31.328764
Request method: POST
Request URL: https://playground.learnqa.ru/api/user/login
Request data: {'email': 'vinkotov@example.com', 'password': '1234'}
Request headers: {}
Request cookies: {}

Response code: 200
Response text: {"user_id":2}
Response headers: {'Date': 'Wed, 11 Oct 2023 21:13:31 GMT', 'Content-Type': 'application/json', 'Content-Length': '13', 'Connection': 'keep-alive', 'Keep-Alive': 'timeout=10', 'Server': 'Apache', 'Set-Cookie': 'auth_sid=6dfd0da44eadca73fa3486646b7f714602e94918f1549272bcf2cafc2634fd9d', 'x-csrf-token': '919602b9afcb23b050a557c2f88dec0cf727f3f702e94918f1549272bcf2cafc2634fd9d', 'Cache-Control': 'max-age=0', 'Expires': 'Wed, 11 Oct 2023 21:13:31 GMT'}
Response cookies: {'auth_sid': '6dfd0da44eadca73fa3486646b7f714602e94918f1549272bcf2cafc2634fd9d'}

-----

-----
Test: tests/test_user_auth.py::TestUserAuth::test_user_agent_check[Mozilla/5.0 (iPad; CPU OS 13_2 like Mac OS X) AppleWebKit/605.1.15 (KHTML, like Gecko) CriOS/91.0.4472.77 Mobile/15E148 Safari/604.1-expected_values1] (call)
Time: 2023-10-12 01:13:31.702058
Request method: GET
Request URL: https://playground.learnqa.ru/api/user_agent_check
Request data: None
Request headers: {'User-Agent': 'Mozilla/5.0 (iPad; CPU OS 13_2 like Mac OS X) AppleWebKit/605.1.15 (KHTML, like Gecko) CriOS/91.0.4472.77 Mobile/15E148 Safari/604.1'}
Request cookies: {}

Response code: 200
Response text: {"user_agent":"Mozilla\/5.0 (iPad; CPU OS 13_2 like Mac OS X) AppleWebKit\/605.1.15 (KHTML, like Gecko) CriOS\/91.0.4472.77 Mobile\/15E148 Safari\/604.1","platform":"Mobile","browser":"No","device":"iOS"}
Response headers: {'Date': 'Wed, 11 Oct 2023 21:13:32 GMT', 'Content-Type': 'application/json', 'Transfer-Encoding': 'chunked', 'Connection': 'keep-alive', 'Keep-Alive': 'timeout=10', 'Vary': 'Accept-Encoding', 'Server': 'Apache', 'Cache-Control': 'max-age=0', 'Expires': 'Wed, 11 Oct 2023 21:13:32 GMT', 'Content-Encoding': 'gzip'}
Response cookies: {}

-----

-----
Test: tests/test_user_auth.py::TestUserAuth::test_user_agent_check[Mozilla/5.0 (compatible; Googlebot/2.1; +http://www.google.com/bot.html)-expected_values2] (setup)
Time: 2023-10-12 01:13:32.483212
Request method: POST
Request URL: https://playground.learnqa.ru/api/user/login
Request data: {'email': 'vinkotov@example.com', 'password': '1234'}
Request headers: {}
Request cookies: {}

Response code: 200
Response text: {"user_id":2}
Response headers: {'Date': 'Wed, 11 Oct 2023 21:13:34 GMT', 'Content-Type': 'application/json', 'Content-Length': '13', 'Connection': 'keep-alive', 'Keep-Alive': 'timeout=10', 'Server': 'Apache', 'Set-Cookie': 'auth_sid=48eddd9c8787e57371e485146e98a17c02e94918f1549272bcf2cafc2634fd9d', 'x-csrf-token': '78b4f5c682d718a605f15118177aac5c2b99cd3e02e94918f1549272bcf2cafc2634fd9d', 'Cache-Control': 'max-age=0', 'Expires': 'Wed, 11 Oct 2023 21:13:34 GMT'}
Response cookies: {'auth_sid': '48eddd9c8787e57371e485146e98a17c02e94918f1549272bcf2cafc2634fd9d'}

-----

-----
Test: tests/test_user_auth.py::TestUserAuth::test_user_agent_check[Mozilla/5.0 (compatible; Googlebot/2.1; +http://www.google.com/bot.html)-expected_values2] (call)
Time: 2023-10-12 01:13:34.822753
Request method: GET
Request URL: https://playground.learnqa.ru/api/user_agent_check
Request data: None
Request headers: {'User-Agent': 'Mozilla/5.0 (compatible; Googlebot/2.1; +http://www.google.com/bot.html)'}
Request cookies: {}

Response code: 200
Response text: {"user_agent":"Mozilla\/5.0 (compatible; Googlebot\/2.1; +http:\/\/www.google.com\/bot.html)","platform":"Unknown","browser":"Unknown","device":"Unknown"}
Response headers: {'Date': 'Wed, 11 Oct 2023 21:13:35 GMT', 'Content-Type': 'application/json', 'Transfer-Encoding': 'chunked', 'Connection': 'keep-alive', 'Keep-Alive': 'timeout=10', 'Vary': 'Accept-Encoding', 'Server': 'Apache', 'Cache-Control': 'max-age=0', 'Expires': 'Wed, 11 Oct 2023 21:13:35 GMT', 'Content-Encoding': 'gzip'}
Response cookies: {}

-----

-----
Test: tests/test_user_auth.py::TestUserAuth::test_user_agent_check[Mozilla/5.0 (Windows NT 10.0; Win64; x64) AppleWebKit/537.36 (KHTML, like Gecko) Chrome/91.0.4472.77 Safari/537.36 Edg/91.0.100.0-expected_values3] (setup)
Time: 2023-10-12 01:13:35.244586
Request method: POST
Request URL: https://playground.learnqa.ru/api/user/login
Request data: {'email': 'vinkotov@example.com', 'password': '1234'}
Request headers: {}
Request cookies: {}

Response code: 200
Response text: {"user_id":2}
Response headers: {'Date': 'Wed, 11 Oct 2023 21:13:43 GMT', 'Content-Type': 'application/json', 'Content-Length': '13', 'Connection': 'keep-alive', 'Keep-Alive': 'timeout=10', 'Server': 'Apache', 'Set-Cookie': 'auth_sid=235b45dc67e7960e607467097b5ccb3f02e94918f1549272bcf2cafc2634fd9d', 'x-csrf-token': '8eeac6ec72d2f85bd4194cf415f41f191a8cf4d302e94918f1549272bcf2cafc2634fd9d', 'Cache-Control': 'max-age=0', 'Expires': 'Wed, 11 Oct 2023 21:13:43 GMT'}
Response cookies: {'auth_sid': '235b45dc67e7960e607467097b5ccb3f02e94918f1549272bcf2cafc2634fd9d'}

-----

-----
Test: tests/test_user_auth.py::TestUserAuth::test_user_agent_check[Mozilla/5.0 (Windows NT 10.0; Win64; x64) AppleWebKit/537.36 (KHTML, like Gecko) Chrome/91.0.4472.77 Safari/537.36 Edg/91.0.100.0-expected_values3] (call)
Time: 2023-10-12 01:13:43.247134
Request method: GET
Request URL: https://playground.learnqa.ru/api/user_agent_check
Request data: None
Request headers: {'User-Agent': 'Mozilla/5.0 (Windows NT 10.0; Win64; x64) AppleWebKit/537.36 (KHTML, like Gecko) Chrome/91.0.4472.77 Safari/537.36 Edg/91.0.100.0'}
Request cookies: {}

Response code: 200
Response text: {"user_agent":"Mozilla\/5.0 (Windows NT 10.0; Win64; x64) AppleWebKit\/537.36 (KHTML, like Gecko) Chrome\/91.0.4472.77 Safari\/537.36 Edg\/91.0.100.0","platform":"Web","browser":"Chrome","device":"No"}
Response headers: {'Date': 'Wed, 11 Oct 2023 21:13:43 GMT', 'Content-Type': 'application/json', 'Transfer-Encoding': 'chunked', 'Connection': 'keep-alive', 'Keep-Alive': 'timeout=10', 'Vary': 'Accept-Encoding', 'Server': 'Apache', 'Cache-Control': 'max-age=0', 'Expires': 'Wed, 11 Oct 2023 21:13:43 GMT', 'Content-Encoding': 'gzip'}
Response cookies: {}

-----

-----
Test: tests/test_user_auth.py::TestUserAuth::test_user_agent_check[Mozilla/5.0 (iPad; CPU iPhone OS 13_2_3 like Mac OS X) AppleWebKit/605.1.15 (KHTML, like Gecko) Version/13.0.3 Mobile/15E148 Safari/604.1-expected_values4] (setup)
Time: 2023-10-12 01:13:43.962182
Request method: POST
Request URL: https://playground.learnqa.ru/api/user/login
Request data: {'email': 'vinkotov@example.com', 'password': '1234'}
Request headers: {}
Request cookies: {}

Response code: 200
Response text: {"user_id":2}
Response headers: {'Date': 'Wed, 11 Oct 2023 21:13:44 GMT', 'Content-Type': 'application/json', 'Content-Length': '13', 'Connection': 'keep-alive', 'Keep-Alive': 'timeout=10', 'Server': 'Apache', 'Set-Cookie': 'auth_sid=c4af01f866c3d2c8c2643654897ab53702e94918f1549272bcf2cafc2634fd9d', 'x-csrf-token': 'd31ff9dd1807f1e2f1438894b2a8095d0bdbe6ef02e94918f1549272bcf2cafc2634fd9d', 'Cache-Control': 'max-age=0', 'Expires': 'Wed, 11 Oct 2023 21:13:44 GMT'}
Response cookies: {'auth_sid': 'c4af01f866c3d2c8c2643654897ab53702e94918f1549272bcf2cafc2634fd9d'}

-----

-----
Test: tests/test_user_auth.py::TestUserAuth::test_user_agent_check[Mozilla/5.0 (iPad; CPU iPhone OS 13_2_3 like Mac OS X) AppleWebKit/605.1.15 (KHTML, like Gecko) Version/13.0.3 Mobile/15E148 Safari/604.1-expected_values4] (call)
Time: 2023-10-12 01:13:44.328316
Request method: GET
Request URL: https://playground.learnqa.ru/api/user_agent_check
Request data: None
Request headers: {'User-Agent': 'Mozilla/5.0 (iPad; CPU iPhone OS 13_2_3 like Mac OS X) AppleWebKit/605.1.15 (KHTML, like Gecko) Version/13.0.3 Mobile/15E148 Safari/604.1'}
Request cookies: {}

Response code: 200
Response text: {"user_agent":"Mozilla\/5.0 (iPad; CPU iPhone OS 13_2_3 like Mac OS X) AppleWebKit\/605.1.15 (KHTML, like Gecko) Version\/13.0.3 Mobile\/15E148 Safari\/604.1","platform":"Mobile","browser":"No","device":"Unknown"}
Response headers: {'Date': 'Wed, 11 Oct 2023 21:13:44 GMT', 'Content-Type': 'application/json', 'Transfer-Encoding': 'chunked', 'Connection': 'keep-alive', 'Keep-Alive': 'timeout=10', 'Vary': 'Accept-Encoding', 'Server': 'Apache', 'Cache-Control': 'max-age=0', 'Expires': 'Wed, 11 Oct 2023 21:13:44 GMT', 'Content-Encoding': 'gzip'}
Response cookies: {}

-----

-----
Test: tests/test_user_auth.py::TestUserAuth::test_summary (setup)
Time: 2023-10-12 01:13:45.023502
Request method: POST
Request URL: https://playground.learnqa.ru/api/user/login
Request data: {'email': 'vinkotov@example.com', 'password': '1234'}
Request headers: {}
Request cookies: {}

Response code: 200
Response text: {"user_id":2}
Response headers: {'Date': 'Wed, 11 Oct 2023 21:13:45 GMT', 'Content-Type': 'application/json', 'Content-Length': '13', 'Connection': 'keep-alive', 'Keep-Alive': 'timeout=10', 'Server': 'Apache', 'Set-Cookie': 'auth_sid=818624b952c852e1b48044b2118437dd02e94918f1549272bcf2cafc2634fd9d', 'x-csrf-token': '69176d274d58bad94e8a13f156408fa7378c04b302e94918f1549272bcf2cafc2634fd9d', 'Cache-Control': 'max-age=0', 'Expires': 'Wed, 11 Oct 2023 21:13:45 GMT'}
Response cookies: {'auth_sid': '818624b952c852e1b48044b2118437dd02e94918f1549272bcf2cafc2634fd9d'}

-----

-----
Test: tests/test_user_delete.py::TestUserDelete::test_delete_user_2 (call)
Time: 2023-10-12 01:13:45.482377
Request method: POST
Request URL: https://playground.learnqa.ru/api/user/login
Request data: {'email': 'vinkotov@example.com', 'password': '1234'}
Request headers: {}
Request cookies: {}

Response code: 200
Response text: {"user_id":2}
Response headers: {'Date': 'Wed, 11 Oct 2023 21:13:45 GMT', 'Content-Type': 'application/json', 'Content-Length': '13', 'Connection': 'keep-alive', 'Keep-Alive': 'timeout=10', 'Server': 'Apache', 'Set-Cookie': 'auth_sid=2a41e3048052b714c6cfb0d13dec74c102e94918f1549272bcf2cafc2634fd9d', 'x-csrf-token': '8b66953b6ecade556d1c109a3c79341633b58a5502e94918f1549272bcf2cafc2634fd9d', 'Cache-Control': 'max-age=0', 'Expires': 'Wed, 11 Oct 2023 21:13:45 GMT'}
Response cookies: {'auth_sid': '2a41e3048052b714c6cfb0d13dec74c102e94918f1549272bcf2cafc2634fd9d'}

-----

-----
Test: tests/test_user_delete.py::TestUserDelete::test_delete_user_2 (call)
Time: 2023-10-12 01:13:45.855434
Request method: DELETE
Request URL: https://playground.learnqa.ru/api/user/2
Request data: None
Request headers: {'x-csrf-token': '8b66953b6ecade556d1c109a3c79341633b58a5502e94918f1549272bcf2cafc2634fd9d'}
Request cookies: {'auth_sid': '2a41e3048052b714c6cfb0d13dec74c102e94918f1549272bcf2cafc2634fd9d'}

Response code: 400
Response text: Please, do not delete test users with ID 1, 2, 3, 4 or 5.
Response headers: {'Date': 'Wed, 11 Oct 2023 21:13:46 GMT', 'Content-Type': 'text/html; charset=utf-8', 'Content-Length': '57', 'Connection': 'keep-alive', 'Keep-Alive': 'timeout=10', 'Server': 'Apache'}
Response cookies: {}

-----

-----
Test: tests/test_user_delete.py::TestUserDelete::test_positive_delete_created_user (call)
Time: 2023-10-12 01:13:46.833159
Request method: POST
Request URL: https://playground.learnqa.ru/api/user/
Request data: {'password': '123', 'username': 'learnqa', 'firstName': 'Test', 'lastName': 'Example', 'email': 'test10122023011346@example.com'}
Request headers: {}
Request cookies: {}

Response code: 200
Response text: {"id":"82099"}
Response headers: {'Date': 'Wed, 11 Oct 2023 21:13:47 GMT', 'Content-Type': 'application/json', 'Content-Length': '14', 'Connection': 'keep-alive', 'Keep-Alive': 'timeout=10', 'Server': 'Apache', 'Cache-Control': 'max-age=0', 'Expires': 'Wed, 11 Oct 2023 21:13:47 GMT'}
Response cookies: {}

-----

-----
Test: tests/test_user_delete.py::TestUserDelete::test_positive_delete_created_user (call)
Time: 2023-10-12 01:13:47.757630
Request method: POST
Request URL: https://playground.learnqa.ru/api/user/login
Request data: {'email': 'test10122023011346@example.com', 'password': '123'}
Request headers: {}
Request cookies: {}

Response code: 200
Response text: {"user_id":82099}
Response headers: {'Date': 'Wed, 11 Oct 2023 21:13:50 GMT', 'Content-Type': 'application/json', 'Content-Length': '17', 'Connection': 'keep-alive', 'Keep-Alive': 'timeout=10', 'Server': 'Apache', 'Set-Cookie': 'auth_sid=c60a487f90585bf46e7263465d40c9e1242475013d8e7fd2359a43225cd50375', 'x-csrf-token': 'ad2837c47576852114d49b377450ab1847e60bba242475013d8e7fd2359a43225cd50375', 'Cache-Control': 'max-age=0', 'Expires': 'Wed, 11 Oct 2023 21:13:49 GMT'}
Response cookies: {'auth_sid': 'c60a487f90585bf46e7263465d40c9e1242475013d8e7fd2359a43225cd50375'}

-----

-----
Test: tests/test_user_delete.py::TestUserDelete::test_positive_delete_created_user (call)
Time: 2023-10-12 01:13:50.115936
Request method: DELETE
Request URL: https://playground.learnqa.ru/api/user/82099
Request data: None
Request headers: {'x-csrf-token': 'ad2837c47576852114d49b377450ab1847e60bba242475013d8e7fd2359a43225cd50375'}
Request cookies: {'auth_sid': 'c60a487f90585bf46e7263465d40c9e1242475013d8e7fd2359a43225cd50375'}

Response code: 200
Response text: 
Response headers: {'Date': 'Wed, 11 Oct 2023 21:13:51 GMT', 'Content-Type': 'text/html; charset=utf-8', 'Content-Length': '0', 'Connection': 'keep-alive', 'Keep-Alive': 'timeout=10', 'Server': 'Apache', 'Cache-Control': 'max-age=0', 'Expires': 'Wed, 11 Oct 2023 21:13:50 GMT'}
Response cookies: {}

-----

-----
Test: tests/test_user_delete.py::TestUserDelete::test_positive_delete_created_user (call)
Time: 2023-10-12 01:13:51.185419
Request method: GET
Request URL: https://playground.learnqa.ru/api/user/82099
Request data: None
Request headers: {}
Request cookies: {}

Response code: 404
Response text: User not found
Response headers: {'Date': 'Wed, 11 Oct 2023 21:13:51 GMT', 'Content-Type': 'text/html; charset=utf-8', 'Content-Length': '14', 'Connection': 'keep-alive', 'Keep-Alive': 'timeout=10', 'Server': 'Apache'}
Response cookies: {}

-----

-----
Test: tests/test_user_delete.py::TestUserDelete::test_delete_user_authorized_as_another_user (call)
Time: 2023-10-12 01:13:52.051221
Request method: POST
Request URL: https://playground.learnqa.ru/api/user/
Request data: {'password': '123', 'username': 'learnqa', 'firstName': 'Test', 'lastName': 'Example', 'email': 'test10122023011352@example.com'}
Request headers: {}
Request cookies: {}

Response code: 200
Response text: {"id":"82100"}
Response headers: {'Date': 'Wed, 11 Oct 2023 21:13:52 GMT', 'Content-Type': 'application/json', 'Content-Length': '14', 'Connection': 'keep-alive', 'Keep-Alive': 'timeout=10', 'Server': 'Apache', 'Cache-Control': 'max-age=0', 'Expires': 'Wed, 11 Oct 2023 21:13:52 GMT'}
Response cookies: {}

-----

-----
Test: tests/test_user_delete.py::TestUserDelete::test_delete_user_authorized_as_another_user (call)
Time: 2023-10-12 01:13:52.999400
Request method: POST
Request URL: https://playground.learnqa.ru/api/user/
Request data: {'password': '123', 'username': 'learnqa', 'firstName': 'Test', 'lastName': 'Example', 'email': 'test10122023011352@example.com'}
Request headers: {}
Request cookies: {}

Response code: 400
Response text: Users with email 'test10122023011352@example.com' already exists
Response headers: {'Date': 'Wed, 11 Oct 2023 21:13:53 GMT', 'Content-Type': 'text/html; charset=utf-8', 'Content-Length': '64', 'Connection': 'keep-alive', 'Keep-Alive': 'timeout=10', 'Server': 'Apache'}
Response cookies: {}

-----

-----
Test: tests/test_user_delete.py::TestUserDelete::test_delete_user_authorized_as_another_user (call)
Time: 2023-10-12 01:13:53.885889
Request method: POST
Request URL: https://playground.learnqa.ru/api/user/login
Request data: {'email': 'test10122023011352@example.com', 'password': '123'}
Request headers: {}
Request cookies: {}

Response code: 200
Response text: {"user_id":82100}
Response headers: {'Date': 'Wed, 11 Oct 2023 21:13:54 GMT', 'Content-Type': 'application/json', 'Content-Length': '17', 'Connection': 'keep-alive', 'Keep-Alive': 'timeout=10', 'Server': 'Apache', 'Set-Cookie': 'auth_sid=ded9181e15655f2e8a0148e8e897670ca4f6e1e6766637ac62a06ded0a74d614', 'x-csrf-token': '016bd8e95c54afef96271d040baa5e8f3db569faa4f6e1e6766637ac62a06ded0a74d614', 'Cache-Control': 'max-age=0', 'Expires': 'Wed, 11 Oct 2023 21:13:54 GMT'}
Response cookies: {'auth_sid': 'ded9181e15655f2e8a0148e8e897670ca4f6e1e6766637ac62a06ded0a74d614'}

-----

-----
Test: tests/test_user_delete.py::TestUserDelete::test_delete_user_authorized_as_another_user (call)
Time: 2023-10-12 01:13:54.642135
Request method: DELETE
Request URL: https://playground.learnqa.ru/api/user/82100
Request data: None
Request headers: {'x-csrf-token': '016bd8e95c54afef96271d040baa5e8f3db569faa4f6e1e6766637ac62a06ded0a74d614'}
Request cookies: {'auth_sid': 'ded9181e15655f2e8a0148e8e897670ca4f6e1e6766637ac62a06ded0a74d614'}

Response code: 200
Response text: 
Response headers: {'Date': 'Wed, 11 Oct 2023 21:13:55 GMT', 'Content-Type': 'text/html; charset=utf-8', 'Content-Length': '0', 'Connection': 'keep-alive', 'Keep-Alive': 'timeout=10', 'Server': 'Apache', 'Cache-Control': 'max-age=0', 'Expires': 'Wed, 11 Oct 2023 21:13:54 GMT'}
Response cookies: {}

-----

-----
Test: tests/test_user_edit.py::TestUserEdit::test_edit_just_created_user (call)
Time: 2023-10-12 01:13:55.697676
Request method: POST
Request URL: https://playground.learnqa.ru/api/user/
Request data: {'password': '123', 'username': 'learnqa', 'firstName': 'Test', 'lastName': 'Example', 'email': 'test10122023011355@example.com'}
Request headers: {}
Request cookies: {}

Response code: 200
Response text: {"id":"82101"}
Response headers: {'Date': 'Wed, 11 Oct 2023 21:13:56 GMT', 'Content-Type': 'application/json', 'Content-Length': '14', 'Connection': 'keep-alive', 'Keep-Alive': 'timeout=10', 'Server': 'Apache', 'Cache-Control': 'max-age=0', 'Expires': 'Wed, 11 Oct 2023 21:13:56 GMT'}
Response cookies: {}

-----

-----
Test: tests/test_user_edit.py::TestUserEdit::test_edit_just_created_user (call)
Time: 2023-10-12 01:13:56.862455
Request method: POST
Request URL: https://playground.learnqa.ru/api/user/login
Request data: {'email': 'test10122023011355@example.com', 'password': '123'}
Request headers: {}
Request cookies: {}

Response code: 200
Response text: {"user_id":82101}
Response headers: {'Date': 'Wed, 11 Oct 2023 21:13:57 GMT', 'Content-Type': 'application/json', 'Content-Length': '17', 'Connection': 'keep-alive', 'Keep-Alive': 'timeout=10', 'Server': 'Apache', 'Set-Cookie': 'auth_sid=1be19b52f8208ace9340671677b6e3e2d0c7c0d0e2820875b89fe87816ec774a', 'x-csrf-token': 'd4a4c55583290a21dde93947e8f339b454bb006ad0c7c0d0e2820875b89fe87816ec774a', 'Cache-Control': 'max-age=0', 'Expires': 'Wed, 11 Oct 2023 21:13:57 GMT'}
Response cookies: {'auth_sid': '1be19b52f8208ace9340671677b6e3e2d0c7c0d0e2820875b89fe87816ec774a'}

-----

-----
Test: tests/test_user_edit.py::TestUserEdit::test_edit_just_created_user (call)
Time: 2023-10-12 01:13:57.247208
Request method: PUT
Request URL: https://playground.learnqa.ru/api/user/82101
Request data: {'firstName': 'Changed Name'}
Request headers: {'x-csrf-token': 'd4a4c55583290a21dde93947e8f339b454bb006ad0c7c0d0e2820875b89fe87816ec774a'}
Request cookies: {'auth_sid': '1be19b52f8208ace9340671677b6e3e2d0c7c0d0e2820875b89fe87816ec774a'}

Response code: 200
Response text: 
Response headers: {'Date': 'Wed, 11 Oct 2023 21:13:58 GMT', 'Content-Type': 'text/html; charset=utf-8', 'Content-Length': '0', 'Connection': 'keep-alive', 'Keep-Alive': 'timeout=10', 'Server': 'Apache', 'Cache-Control': 'max-age=0', 'Expires': 'Wed, 11 Oct 2023 21:13:57 GMT'}
Response cookies: {}

-----

-----
Test: tests/test_user_edit.py::TestUserEdit::test_edit_just_created_user (call)
Time: 2023-10-12 01:13:58.514252
Request method: GET
Request URL: https://playground.learnqa.ru/api/user/82101
Request data: None
Request headers: {'x-csrf-token': 'd4a4c55583290a21dde93947e8f339b454bb006ad0c7c0d0e2820875b89fe87816ec774a'}
Request cookies: {'auth_sid': '1be19b52f8208ace9340671677b6e3e2d0c7c0d0e2820875b89fe87816ec774a'}

Response code: 200
Response text: {"id":"82101","username":"learnqa","email":"test10122023011355@example.com","firstName":"Changed Name","lastName":"Example"}
Response headers: {'Date': 'Wed, 11 Oct 2023 21:14:00 GMT', 'Content-Type': 'application/json', 'Transfer-Encoding': 'chunked', 'Connection': 'keep-alive', 'Keep-Alive': 'timeout=10', 'Vary': 'Accept-Encoding', 'Server': 'Apache', 'Cache-Control': 'max-age=0', 'Expires': 'Wed, 11 Oct 2023 21:13:59 GMT', 'Content-Encoding': 'gzip'}
Response cookies: {}

-----

-----
Test: tests/test_user_edit.py::TestUserEdit::test_edit_user_unauthorized (call)
Time: 2023-10-12 01:14:00.433265
Request method: POST
Request URL: https://playground.learnqa.ru/api/user/
Request data: {'password': '123', 'username': 'learnqa', 'firstName': 'Test', 'lastName': 'Example', 'email': 'test10122023011400@example.com'}
Request headers: {}
Request cookies: {}

Response code: 200
Response text: {"id":"82102"}
Response headers: {'Date': 'Wed, 11 Oct 2023 21:14:01 GMT', 'Content-Type': 'application/json', 'Content-Length': '14', 'Connection': 'keep-alive', 'Keep-Alive': 'timeout=10', 'Server': 'Apache', 'Cache-Control': 'max-age=0', 'Expires': 'Wed, 11 Oct 2023 21:14:00 GMT'}
Response cookies: {}

-----

-----
Test: tests/test_user_edit.py::TestUserEdit::test_edit_user_unauthorized (call)
Time: 2023-10-12 01:14:01.330517
Request method: PUT
Request URL: https://playground.learnqa.ru/api/user/82102
Request data: {'firstName': 'Changed Name Unauth'}
Request headers: {}
Request cookies: {}

Response code: 400
Response text: Auth token not supplied
Response headers: {'Date': 'Wed, 11 Oct 2023 21:14:02 GMT', 'Content-Type': 'text/html; charset=utf-8', 'Content-Length': '23', 'Connection': 'keep-alive', 'Keep-Alive': 'timeout=10', 'Server': 'Apache'}
Response cookies: {}

-----

-----
Test: tests/test_user_edit.py::TestUserEdit::test_edit_user_authorized_as_another_user (call)
Time: 2023-10-12 01:14:02.321644
Request method: POST
Request URL: https://playground.learnqa.ru/api/user/
Request data: {'password': '123', 'username': 'learnqa', 'firstName': 'Test', 'lastName': 'Example', 'email': 'test10122023011402@example.com'}
Request headers: {}
Request cookies: {}

Response code: 200
Response text: {"id":"82103"}
Response headers: {'Date': 'Wed, 11 Oct 2023 21:14:03 GMT', 'Content-Type': 'application/json', 'Content-Length': '14', 'Connection': 'keep-alive', 'Keep-Alive': 'timeout=10', 'Server': 'Apache', 'Cache-Control': 'max-age=0', 'Expires': 'Wed, 11 Oct 2023 21:14:02 GMT'}
Response cookies: {}

-----

-----
Test: tests/test_user_edit.py::TestUserEdit::test_edit_user_authorized_as_another_user (call)
Time: 2023-10-12 01:14:03.490310
Request method: POST
Request URL: https://playground.learnqa.ru/api/user/
Request data: {'password': '123', 'username': 'learnqa', 'firstName': 'Test', 'lastName': 'Example', 'email': 'test10122023011403@example.com'}
Request headers: {}
Request cookies: {}

Response code: 200
Response text: {"id":"82104"}
Response headers: {'Date': 'Wed, 11 Oct 2023 21:14:04 GMT', 'Content-Type': 'application/json', 'Content-Length': '14', 'Connection': 'keep-alive', 'Keep-Alive': 'timeout=10', 'Server': 'Apache', 'Cache-Control': 'max-age=0', 'Expires': 'Wed, 11 Oct 2023 21:14:03 GMT'}
Response cookies: {}

-----

-----
Test: tests/test_user_edit.py::TestUserEdit::test_edit_user_authorized_as_another_user (call)
Time: 2023-10-12 01:14:04.431033
Request method: POST
Request URL: https://playground.learnqa.ru/api/user/login
Request data: {'email': 'test10122023011403@example.com', 'password': '123'}
Request headers: {}
Request cookies: {}

Response code: 200
Response text: {"user_id":82104}
Response headers: {'Date': 'Wed, 11 Oct 2023 21:14:04 GMT', 'Content-Type': 'application/json', 'Content-Length': '17', 'Connection': 'keep-alive', 'Keep-Alive': 'timeout=10', 'Server': 'Apache', 'Set-Cookie': 'auth_sid=f81a1071435c2cbcc618f2b34e0b39da856c20db4bfe813845b0cedabc74f8c7', 'x-csrf-token': 'c9643d3632231b04cfda19228ebbc37809b933ce856c20db4bfe813845b0cedabc74f8c7', 'Cache-Control': 'max-age=0', 'Expires': 'Wed, 11 Oct 2023 21:14:04 GMT'}
Response cookies: {'auth_sid': 'f81a1071435c2cbcc618f2b34e0b39da856c20db4bfe813845b0cedabc74f8c7'}

-----

-----
Test: tests/test_user_edit.py::TestUserEdit::test_edit_user_authorized_as_another_user (call)
Time: 2023-10-12 01:14:04.811264
Request method: PUT
Request URL: https://playground.learnqa.ru/api/user/82103
Request data: {'firstName': 'Changed Name By Another User'}
Request headers: {'x-csrf-token': 'c9643d3632231b04cfda19228ebbc37809b933ce856c20db4bfe813845b0cedabc74f8c7'}
Request cookies: {'auth_sid': 'f81a1071435c2cbcc618f2b34e0b39da856c20db4bfe813845b0cedabc74f8c7'}

Response code: 200
Response text: 
Response headers: {'Date': 'Wed, 11 Oct 2023 21:14:05 GMT', 'Content-Type': 'text/html; charset=utf-8', 'Content-Length': '0', 'Connection': 'keep-alive', 'Keep-Alive': 'timeout=10', 'Server': 'Apache', 'Cache-Control': 'max-age=0', 'Expires': 'Wed, 11 Oct 2023 21:14:05 GMT'}
Response cookies: {}

-----

-----
Test: tests/test_user_edit.py::TestUserEdit::test_edit_user_invalid_email (call)
Time: 2023-10-12 01:14:05.816420
Request method: POST
Request URL: https://playground.learnqa.ru/api/user/
Request data: {'password': '123', 'username': 'learnqa', 'firstName': 'Test', 'lastName': 'Example', 'email': 'test10122023011405@example.com'}
Request headers: {}
Request cookies: {}

Response code: 200
Response text: {"id":"82105"}
Response headers: {'Date': 'Wed, 11 Oct 2023 21:14:06 GMT', 'Content-Type': 'application/json', 'Content-Length': '14', 'Connection': 'keep-alive', 'Keep-Alive': 'timeout=10', 'Server': 'Apache', 'Cache-Control': 'max-age=0', 'Expires': 'Wed, 11 Oct 2023 21:14:06 GMT'}
Response cookies: {}

-----

-----
Test: tests/test_user_edit.py::TestUserEdit::test_edit_user_invalid_email (call)
Time: 2023-10-12 01:14:06.976179
Request method: POST
Request URL: https://playground.learnqa.ru/api/user/login
Request data: {'email': 'test10122023011405@example.com', 'password': '123'}
Request headers: {}
Request cookies: {}

Response code: 200
Response text: {"user_id":82105}
Response headers: {'Date': 'Wed, 11 Oct 2023 21:14:07 GMT', 'Content-Type': 'application/json', 'Content-Length': '17', 'Connection': 'keep-alive', 'Keep-Alive': 'timeout=10', 'Server': 'Apache', 'Set-Cookie': 'auth_sid=7066100202e6616ca11b1e04054c1eed2d7e51bd72568005c26bb2d0a784c55e', 'x-csrf-token': '111ea966377931d033197fda9d7f56b9de82143d2d7e51bd72568005c26bb2d0a784c55e', 'Cache-Control': 'max-age=0', 'Expires': 'Wed, 11 Oct 2023 21:14:07 GMT'}
Response cookies: {'auth_sid': '7066100202e6616ca11b1e04054c1eed2d7e51bd72568005c26bb2d0a784c55e'}

-----

-----
Test: tests/test_user_edit.py::TestUserEdit::test_edit_user_invalid_email (call)
Time: 2023-10-12 01:14:07.349250
Request method: PUT
Request URL: https://playground.learnqa.ru/api/user/82105
Request data: {'email': 'invalidemail.com'}
Request headers: {'x-csrf-token': '111ea966377931d033197fda9d7f56b9de82143d2d7e51bd72568005c26bb2d0a784c55e'}
Request cookies: {'auth_sid': '7066100202e6616ca11b1e04054c1eed2d7e51bd72568005c26bb2d0a784c55e'}

Response code: 400
Response text: Invalid email format
Response headers: {'Date': 'Wed, 11 Oct 2023 21:14:08 GMT', 'Content-Type': 'text/html; charset=utf-8', 'Content-Length': '20', 'Connection': 'keep-alive', 'Keep-Alive': 'timeout=10', 'Server': 'Apache'}
Response cookies: {}

-----

-----
Test: tests/test_user_edit.py::TestUserEdit::test_edit_user_short_first_name (call)
Time: 2023-10-12 01:14:08.663089
Request method: POST
Request URL: https://playground.learnqa.ru/api/user/
Request data: {'password': '123', 'username': 'learnqa', 'firstName': 'Test', 'lastName': 'Example', 'email': 'test10122023011408@example.com'}
Request headers: {}
Request cookies: {}

Response code: 200
Response text: {"id":"82106"}
Response headers: {'Date': 'Wed, 11 Oct 2023 21:14:10 GMT', 'Content-Type': 'application/json', 'Content-Length': '14', 'Connection': 'keep-alive', 'Keep-Alive': 'timeout=10', 'Server': 'Apache', 'Cache-Control': 'max-age=0', 'Expires': 'Wed, 11 Oct 2023 21:14:09 GMT'}
Response cookies: {}

-----

-----
Test: tests/test_user_edit.py::TestUserEdit::test_edit_user_short_first_name (call)
Time: 2023-10-12 01:14:10.596570
Request method: POST
Request URL: https://playground.learnqa.ru/api/user/login
Request data: {'email': 'test10122023011408@example.com', 'password': '123'}
Request headers: {}
Request cookies: {}

Response code: 200
Response text: {"user_id":82106}
Response headers: {'Date': 'Wed, 11 Oct 2023 21:14:10 GMT', 'Content-Type': 'application/json', 'Content-Length': '17', 'Connection': 'keep-alive', 'Keep-Alive': 'timeout=10', 'Server': 'Apache', 'Set-Cookie': 'auth_sid=d8789214bf5d0b68246435ac3268954a50cee022250eb50329c9d88841ca5d0b', 'x-csrf-token': '4b4e28a540928fe62959e6c89554f70aa2d4996350cee022250eb50329c9d88841ca5d0b', 'Cache-Control': 'max-age=0', 'Expires': 'Wed, 11 Oct 2023 21:14:10 GMT'}
Response cookies: {'auth_sid': 'd8789214bf5d0b68246435ac3268954a50cee022250eb50329c9d88841ca5d0b'}

-----

-----
Test: tests/test_user_edit.py::TestUserEdit::test_edit_user_short_first_name (call)
Time: 2023-10-12 01:14:11.023619
Request method: PUT
Request URL: https://playground.learnqa.ru/api/user/82106
Request data: {'firstName': 'A'}
Request headers: {'x-csrf-token': '4b4e28a540928fe62959e6c89554f70aa2d4996350cee022250eb50329c9d88841ca5d0b'}
Request cookies: {'auth_sid': 'd8789214bf5d0b68246435ac3268954a50cee022250eb50329c9d88841ca5d0b'}

Response code: 400
Response text: {"error":"Too short value for field firstName"}
Response headers: {'Date': 'Wed, 11 Oct 2023 21:14:11 GMT', 'Content-Type': 'application/json', 'Content-Length': '47', 'Connection': 'keep-alive', 'Keep-Alive': 'timeout=10', 'Server': 'Apache'}
Response cookies: {}

-----

-----
Test: tests/test_user_get.py::TestUserGet::test_get_user_details_not_auth (call)
Time: 2023-10-12 01:14:12.027498
Request method: GET
Request URL: https://playground.learnqa.ru/api/user/2
Request data: None
Request headers: {}
Request cookies: {}

Response code: 200
Response text: {"username":"Vitaliy"}
Response headers: {'Date': 'Wed, 11 Oct 2023 21:14:12 GMT', 'Content-Type': 'application/json', 'Transfer-Encoding': 'chunked', 'Connection': 'keep-alive', 'Keep-Alive': 'timeout=10', 'Vary': 'Accept-Encoding', 'Server': 'Apache', 'Cache-Control': 'max-age=0', 'Expires': 'Wed, 11 Oct 2023 21:14:12 GMT', 'Content-Encoding': 'gzip'}
Response cookies: {}

-----

-----
Test: tests/test_user_get.py::TestUserGet::test_get_user_details_auth_as_same_user (call)
Time: 2023-10-12 01:14:13.062561
Request method: POST
Request URL: https://playground.learnqa.ru/api/user/login
Request data: {'email': 'vinkotov@example.com', 'password': '1234'}
Request headers: {}
Request cookies: {}

Response code: 200
Response text: {"user_id":2}
Response headers: {'Date': 'Wed, 11 Oct 2023 21:14:13 GMT', 'Content-Type': 'application/json', 'Content-Length': '13', 'Connection': 'keep-alive', 'Keep-Alive': 'timeout=10', 'Server': 'Apache', 'Set-Cookie': 'auth_sid=73a4c6ada5cb332d25e335b20fedcdf202e94918f1549272bcf2cafc2634fd9d', 'x-csrf-token': 'aa87bb4d823d4f8be66aee363a41e711f7f584e702e94918f1549272bcf2cafc2634fd9d', 'Cache-Control': 'max-age=0', 'Expires': 'Wed, 11 Oct 2023 21:14:13 GMT'}
Response cookies: {'auth_sid': '73a4c6ada5cb332d25e335b20fedcdf202e94918f1549272bcf2cafc2634fd9d'}

-----

-----
Test: tests/test_user_get.py::TestUserGet::test_get_user_details_auth_as_same_user (call)
Time: 2023-10-12 01:14:13.430883
Request method: GET
Request URL: https://playground.learnqa.ru/api/user/2
Request data: None
Request headers: {'x-csrf-token': 'aa87bb4d823d4f8be66aee363a41e711f7f584e702e94918f1549272bcf2cafc2634fd9d'}
Request cookies: {'auth_sid': '73a4c6ada5cb332d25e335b20fedcdf202e94918f1549272bcf2cafc2634fd9d'}

Response code: 200
Response text: {"id":"2","username":"Vitaliy","email":"vinkotov@example.com","firstName":"Vitalii","lastName":"Kotov"}
Response headers: {'Date': 'Wed, 11 Oct 2023 21:14:14 GMT', 'Content-Type': 'application/json', 'Transfer-Encoding': 'chunked', 'Connection': 'keep-alive', 'Keep-Alive': 'timeout=10', 'Vary': 'Accept-Encoding', 'Server': 'Apache', 'Cache-Control': 'max-age=0', 'Expires': 'Wed, 11 Oct 2023 21:14:13 GMT', 'Content-Encoding': 'gzip'}
Response cookies: {}

-----

-----
Test: tests/test_user_get.py::TestUserGet::test_get_another_user_data_after_auth (call)
Time: 2023-10-12 01:14:14.426911
Request method: POST
Request URL: https://playground.learnqa.ru/api/user/login
Request data: {'email': 'vinkotov@example.com', 'password': '1234'}
Request headers: {}
Request cookies: {}

Response code: 200
Response text: {"user_id":2}
Response headers: {'Date': 'Wed, 11 Oct 2023 21:14:14 GMT', 'Content-Type': 'application/json', 'Content-Length': '13', 'Connection': 'keep-alive', 'Keep-Alive': 'timeout=10', 'Server': 'Apache', 'Set-Cookie': 'auth_sid=1b70f94b88fee8ec9106ff0cfb6353ba02e94918f1549272bcf2cafc2634fd9d', 'x-csrf-token': '14d22aed0fef779ba76b7752a0612da12030240c02e94918f1549272bcf2cafc2634fd9d', 'Cache-Control': 'max-age=0', 'Expires': 'Wed, 11 Oct 2023 21:14:14 GMT'}
Response cookies: {'auth_sid': '1b70f94b88fee8ec9106ff0cfb6353ba02e94918f1549272bcf2cafc2634fd9d'}

-----

-----
Test: tests/test_user_get.py::TestUserGet::test_get_another_user_data_after_auth (call)
Time: 2023-10-12 01:14:14.787713
Request method: GET
Request URL: https://playground.learnqa.ru/api/user/1
Request data: None
Request headers: {'x-csrf-token': '14d22aed0fef779ba76b7752a0612da12030240c02e94918f1549272bcf2cafc2634fd9d'}
Request cookies: {'auth_sid': '1b70f94b88fee8ec9106ff0cfb6353ba02e94918f1549272bcf2cafc2634fd9d'}

Response code: 200
Response text: {"username":"Lana"}
Response headers: {'Date': 'Wed, 11 Oct 2023 21:14:15 GMT', 'Content-Type': 'application/json', 'Content-Length': '19', 'Connection': 'keep-alive', 'Keep-Alive': 'timeout=10', 'Server': 'Apache', 'Cache-Control': 'max-age=0', 'Expires': 'Wed, 11 Oct 2023 21:14:15 GMT'}
Response cookies: {}

-----

-----
Test: tests/test_user_register.py::TestUserRegister::test_create_user_successfully (call)
Time: 2023-10-12 01:14:15.831070
Request method: POST
Request URL: https://playground.learnqa.ru/api/user/
Request data: {'password': '123', 'username': 'learnqa', 'firstName': 'Test', 'lastName': 'Example', 'email': 'test10122023011415@example.com'}
Request headers: {}
Request cookies: {}

Response code: 200
Response text: {"id":"82107"}
Response headers: {'Date': 'Wed, 11 Oct 2023 21:14:17 GMT', 'Content-Type': 'application/json', 'Content-Length': '14', 'Connection': 'keep-alive', 'Keep-Alive': 'timeout=10', 'Server': 'Apache', 'Cache-Control': 'max-age=0', 'Expires': 'Wed, 11 Oct 2023 21:14:16 GMT'}
Response cookies: {}

-----

-----
Test: tests/test_user_register.py::TestUserRegister::test_create_user_with_existing_email (call)
Time: 2023-10-12 01:14:17.295598
Request method: POST
Request URL: https://playground.learnqa.ru/api/user/
Request data: {'password': '123', 'username': 'learnqa', 'firstName': 'Test', 'lastName': 'Example', 'email': 'test@example.com'}
Request headers: {}
Request cookies: {}

Response code: 400
Response text: Users with email 'test@example.com' already exists
Response headers: {'Date': 'Wed, 11 Oct 2023 21:14:18 GMT', 'Content-Type': 'text/html; charset=utf-8', 'Content-Length': '50', 'Connection': 'keep-alive', 'Keep-Alive': 'timeout=10', 'Server': 'Apache'}
Response cookies: {}

-----

-----
Test: tests/test_user_register.py::TestUserRegister::test_create_user_with_invalid_email (call)
Time: 2023-10-12 01:14:18.162924
Request method: POST
Request URL: https://playground.learnqa.ru/api/user/
Request data: {'password': '123', 'username': 'learnqa', 'firstName': 'Test', 'lastName': 'Example', 'email': 'testemail.com'}
Request headers: {}
Request cookies: {}

Response code: 400
Response text: Invalid email format
Response headers: {'Date': 'Wed, 11 Oct 2023 21:14:18 GMT', 'Content-Type': 'text/html; charset=utf-8', 'Content-Length': '20', 'Connection': 'keep-alive', 'Keep-Alive': 'timeout=10', 'Server': 'Apache'}
Response cookies: {}

-----

-----
Test: tests/test_user_register.py::TestUserRegister::test_create_user_without_field[username] (call)
Time: 2023-10-12 01:14:19.097412
Request method: POST
Request URL: https://playground.learnqa.ru/api/user/
Request data: {'password': '123', 'firstName': 'Test', 'lastName': 'Example', 'email': 'test10122023011419@example.com'}
Request headers: {}
Request cookies: {}

Response code: 400
Response text: The following required params are missed: username
Response headers: {'Date': 'Wed, 11 Oct 2023 21:14:19 GMT', 'Content-Type': 'text/html; charset=utf-8', 'Content-Length': '50', 'Connection': 'keep-alive', 'Keep-Alive': 'timeout=10', 'Server': 'Apache'}
Response cookies: {}

-----

-----
Test: tests/test_user_register.py::TestUserRegister::test_create_user_without_field[password] (call)
Time: 2023-10-12 01:14:19.968746
Request method: POST
Request URL: https://playground.learnqa.ru/api/user/
Request data: {'username': 'learnqa', 'firstName': 'Test', 'lastName': 'Example', 'email': 'test10122023011419@example.com'}
Request headers: {}
Request cookies: {}

Response code: 400
Response text: The following required params are missed: password
Response headers: {'Date': 'Wed, 11 Oct 2023 21:14:20 GMT', 'Content-Type': 'text/html; charset=utf-8', 'Content-Length': '50', 'Connection': 'keep-alive', 'Keep-Alive': 'timeout=10', 'Server': 'Apache'}
Response cookies: {}

-----

-----
Test: tests/test_user_register.py::TestUserRegister::test_create_user_without_field[email] (call)
Time: 2023-10-12 01:14:20.892947
Request method: POST
Request URL: https://playground.learnqa.ru/api/user/
Request data: {'password': '123', 'username': 'learnqa', 'firstName': 'Test', 'lastName': 'Example'}
Request headers: {}
Request cookies: {}

Response code: 400
Response text: The following required params are missed: email
Response headers: {'Date': 'Wed, 11 Oct 2023 21:14:21 GMT', 'Content-Type': 'text/html; charset=utf-8', 'Content-Length': '47', 'Connection': 'keep-alive', 'Keep-Alive': 'timeout=10', 'Server': 'Apache'}
Response cookies: {}

-----

-----
Test: tests/test_user_register.py::TestUserRegister::test_create_user_without_field[firstName] (call)
Time: 2023-10-12 01:14:21.853619
Request method: POST
Request URL: https://playground.learnqa.ru/api/user/
Request data: {'password': '123', 'username': 'learnqa', 'lastName': 'Example', 'email': 'test10122023011421@example.com'}
Request headers: {}
Request cookies: {}

Response code: 400
Response text: The following required params are missed: firstName
Response headers: {'Date': 'Wed, 11 Oct 2023 21:14:22 GMT', 'Content-Type': 'text/html; charset=utf-8', 'Content-Length': '51', 'Connection': 'keep-alive', 'Keep-Alive': 'timeout=10', 'Server': 'Apache'}
Response cookies: {}

-----

-----
Test: tests/test_user_register.py::TestUserRegister::test_create_user_without_field[lastName] (call)
Time: 2023-10-12 01:14:22.783035
Request method: POST
Request URL: https://playground.learnqa.ru/api/user/
Request data: {'password': '123', 'username': 'learnqa', 'firstName': 'Test', 'email': 'test10122023011422@example.com'}
Request headers: {}
Request cookies: {}

Response code: 400
Response text: The following required params are missed: lastName
Response headers: {'Date': 'Wed, 11 Oct 2023 21:14:23 GMT', 'Content-Type': 'text/html; charset=utf-8', 'Content-Length': '50', 'Connection': 'keep-alive', 'Keep-Alive': 'timeout=10', 'Server': 'Apache'}
Response cookies: {}

-----

-----
Test: tests/test_user_register.py::TestUserRegister::test_create_user_with_short_name (call)
Time: 2023-10-12 01:14:23.701212
Request method: POST
Request URL: https://playground.learnqa.ru/api/user/
Request data: {'password': '123', 'username': 'learnqa', 'firstName': 'A', 'lastName': 'Example', 'email': 'test10122023011423@example.com'}
Request headers: {}
Request cookies: {}

Response code: 400
Response text: The value of 'firstName' field is too short
Response headers: {'Date': 'Wed, 11 Oct 2023 21:14:24 GMT', 'Content-Type': 'text/html; charset=utf-8', 'Content-Length': '43', 'Connection': 'keep-alive', 'Keep-Alive': 'timeout=10', 'Server': 'Apache'}
Response cookies: {}

-----

-----
Test: tests/test_user_register.py::TestUserRegister::test_create_user_with_long_name (call)
Time: 2023-10-12 01:14:24.671573
Request method: POST
Request URL: https://playground.learnqa.ru/api/user/
Request data: {'password': '123', 'username': 'learnqa', 'firstName': 'AAAAAAAAAAAAAAAAAAAAAAAAAAAAAAAAAAAAAAAAAAAAAAAAAAAAAAAAAAAAAAAAAAAAAAAAAAAAAAAAAAAAAAAAAAAAAAAAAAAAAAAAAAAAAAAAAAAAAAAAAAAAAAAAAAAAAAAAAAAAAAAAAAAAAAAAAAAAAAAAAAAAAAAAAAAAAAAAAAAAAAAAAAAAAAAAAAAAAAAAAAAAAAAAAAAAAAAAAAAAAAAAAAAAAAAAAAAAAAAAAAAAAAAAAAA', 'lastName': 'Example', 'email': 'test10122023011424@example.com'}
Request headers: {}
Request cookies: {}

Response code: 400
Response text: The value of 'firstName' field is too long
Response headers: {'Date': 'Wed, 11 Oct 2023 21:14:25 GMT', 'Content-Type': 'text/html; charset=utf-8', 'Content-Length': '42', 'Connection': 'keep-alive', 'Keep-Alive': 'timeout=10', 'Server': 'Apache'}
Response cookies: {}

-----
