
-----
Test: tests/test_user_edit.py::TestUserEdit::test_edit_user_authorized_as_another_user (call)
Time: 2023-10-11 22:46:09.938316
Request method: POST
Request URL: https://playground.learnqa.ru/api/user/
Request data: {'password': '123', 'username': 'learnqa', 'firstName': 'Test', 'lastName': 'Example', 'email': 'test10112023224609@example.com'}
Request headers: {}
Request cookies: {}

Response code: 200
Response text: {"id":"82072"}
Response headers: {'Date': 'Wed, 11 Oct 2023 18:46:10 GMT', 'Content-Type': 'application/json', 'Content-Length': '14', 'Connection': 'keep-alive', 'Keep-Alive': 'timeout=10', 'Server': 'Apache', 'Cache-Control': 'max-age=0', 'Expires': 'Wed, 11 Oct 2023 18:46:09 GMT'}
Response cookies: {}

-----

-----
Test: tests/test_user_edit.py::TestUserEdit::test_edit_user_authorized_as_another_user (call)
Time: 2023-10-11 22:46:10.916150
Request method: POST
Request URL: https://playground.learnqa.ru/api/user/
Request data: {'password': '123', 'username': 'learnqa', 'firstName': 'Test', 'lastName': 'Example', 'email': 'test10112023224610@example.com'}
Request headers: {}
Request cookies: {}

Response code: 200
Response text: {"id":"82073"}
Response headers: {'Date': 'Wed, 11 Oct 2023 18:46:10 GMT', 'Content-Type': 'application/json', 'Content-Length': '14', 'Connection': 'keep-alive', 'Keep-Alive': 'timeout=10', 'Server': 'Apache', 'Cache-Control': 'max-age=0', 'Expires': 'Wed, 11 Oct 2023 18:46:10 GMT'}
Response cookies: {}

-----

-----
Test: tests/test_user_edit.py::TestUserEdit::test_edit_user_authorized_as_another_user (call)
Time: 2023-10-11 22:46:11.839049
Request method: POST
Request URL: https://playground.learnqa.ru/api/user/login
Request data: {'email': 'test10112023224610@example.com', 'password': '123'}
Request headers: {}
Request cookies: {}

Response code: 200
Response text: {"user_id":82073}
Response headers: {'Date': 'Wed, 11 Oct 2023 18:46:11 GMT', 'Content-Type': 'application/json', 'Content-Length': '17', 'Connection': 'keep-alive', 'Keep-Alive': 'timeout=10', 'Server': 'Apache', 'Set-Cookie': 'auth_sid=9443399d0762f35eaeda2173915fd0d75a90f2a94b876dd3d607ecf4c7e79b27', 'x-csrf-token': '5336a9dcf6c7d339ea9bd396ca581ba2f44d9ae65a90f2a94b876dd3d607ecf4c7e79b27', 'Cache-Control': 'max-age=0', 'Expires': 'Wed, 11 Oct 2023 18:46:11 GMT'}
Response cookies: {'auth_sid': '9443399d0762f35eaeda2173915fd0d75a90f2a94b876dd3d607ecf4c7e79b27'}

-----

-----
Test: tests/test_user_edit.py::TestUserEdit::test_edit_user_authorized_as_another_user (call)
Time: 2023-10-11 22:46:12.279062
Request method: PUT
Request URL: https://playground.learnqa.ru/api/user/82072
Request data: {'firstName': 'Changed Name By Another User'}
Request headers: {'x-csrf-token': '5336a9dcf6c7d339ea9bd396ca581ba2f44d9ae65a90f2a94b876dd3d607ecf4c7e79b27'}
Request cookies: {'auth_sid': '9443399d0762f35eaeda2173915fd0d75a90f2a94b876dd3d607ecf4c7e79b27'}

Response code: 200
Response text: 
Response headers: {'Date': 'Wed, 11 Oct 2023 18:46:12 GMT', 'Content-Type': 'text/html; charset=utf-8', 'Content-Length': '0', 'Connection': 'keep-alive', 'Keep-Alive': 'timeout=10', 'Server': 'Apache', 'Cache-Control': 'max-age=0', 'Expires': 'Wed, 11 Oct 2023 18:46:12 GMT'}
Response cookies: {}

-----
